[0.888s] DEBUG:colcon:Command line arguments: ['/usr/local/bin/colcon', 'build']
[0.888s] DEBUG:colcon:Parsed command line arguments: Namespace(ament_cmake_args=None, base_paths=['.'], build_base='build', catkin_cmake_args=None, catkin_skip_building_tests=False, cmake_args=None, cmake_clean_cache=False, cmake_clean_first=False, cmake_force_configure=False, cmake_target=None, cmake_target_skip_unavailable=False, continue_on_error=False, event_handlers=None, executor='parallel', ignore_user_meta=False, install_base='install', log_base=None, log_level=None, main=<bound method BuildVerb.main of <colcon_core.verb.build.BuildVerb object at 0x7f19fffe9550>>, merge_install=False, metas=['./colcon.meta'], packages_above=None, packages_above_and_dependencies=None, packages_above_depth=None, packages_end=None, packages_ignore=None, packages_ignore_regex=None, packages_select=None, packages_select_build_failed=False, packages_select_by_dep=None, packages_select_regex=None, packages_select_test_failures=False, packages_skip=None, packages_skip_build_finished=False, packages_skip_by_dep=None, packages_skip_regex=None, packages_skip_test_passed=False, packages_skip_up_to=None, packages_start=None, packages_up_to=None, packages_up_to_regex=None, parallel_workers=2, paths=None, symlink_install=False, test_result_base=None, verb_extension=<colcon_core.verb.build.BuildVerb object at 0x7f19fffe9550>, verb_name='build', verb_parser=<colcon_defaults.argument_parser.defaults.DefaultArgumentsDecorator object at 0x7f19fffe9908>)
[0.920s] Level 1:colcon.colcon_core.package_discovery:discover_packages(colcon_meta) check parameters
[0.920s] Level 1:colcon.colcon_core.package_discovery:discover_packages(recursive) check parameters
[0.921s] Level 1:colcon.colcon_core.package_discovery:discover_packages(ignore) check parameters
[0.921s] Level 1:colcon.colcon_core.package_discovery:discover_packages(path) check parameters
[0.921s] Level 1:colcon.colcon_core.package_discovery:discover_packages(colcon_meta) discover
[0.921s] Level 1:colcon.colcon_core.package_discovery:discover_packages(recursive) discover
[0.921s] INFO:colcon.colcon_core.package_discovery:Crawling recursively for packages in '/home/ubuntu/environment/HelloWorld/robot_ws'
[0.921s] Level 1:colcon.colcon_core.package_identification:_identify(.) by extensions ['ignore', 'ignore_ament_install']
[0.921s] Level 1:colcon.colcon_core.package_identification:_identify(.) by extension 'ignore'
[0.922s] Level 1:colcon.colcon_core.package_identification:_identify(.) by extension 'ignore_ament_install'
[0.922s] Level 1:colcon.colcon_core.package_identification:_identify(.) by extensions ['colcon_pkg']
[0.922s] Level 1:colcon.colcon_core.package_identification:_identify(.) by extension 'colcon_pkg'
[0.922s] Level 1:colcon.colcon_core.package_identification:_identify(.) by extensions ['colcon_meta']
[0.922s] Level 1:colcon.colcon_core.package_identification:_identify(.) by extension 'colcon_meta'
[0.922s] Level 1:colcon.colcon_core.package_identification:_identify(.) by extensions ['ros']
[0.922s] Level 1:colcon.colcon_core.package_identification:_identify(.) by extension 'ros'
[0.939s] Level 1:colcon.colcon_core.package_identification:_identify(.) by extensions ['cmake', 'python']
[0.939s] Level 1:colcon.colcon_core.package_identification:_identify(.) by extension 'cmake'
[0.939s] Level 1:colcon.colcon_core.package_identification:_identify(.) by extension 'python'
[0.939s] Level 1:colcon.colcon_core.package_identification:_identify(.) by extensions ['python_setup_py']
[0.939s] Level 1:colcon.colcon_core.package_identification:_identify(.) by extension 'python_setup_py'
[0.940s] Level 1:colcon.colcon_core.package_identification:_identify(build) by extensions ['ignore', 'ignore_ament_install']
[0.940s] Level 1:colcon.colcon_core.package_identification:_identify(build) by extension 'ignore'
[0.940s] Level 1:colcon.colcon_core.package_identification:_identify(build) ignored
[0.940s] Level 1:colcon.colcon_core.package_identification:_identify(bundle) by extensions ['ignore', 'ignore_ament_install']
[0.940s] Level 1:colcon.colcon_core.package_identification:_identify(bundle) by extension 'ignore'
[0.941s] Level 1:colcon.colcon_core.package_identification:_identify(bundle) ignored
[0.941s] Level 1:colcon.colcon_core.package_identification:_identify(install) by extensions ['ignore', 'ignore_ament_install']
[0.941s] Level 1:colcon.colcon_core.package_identification:_identify(install) by extension 'ignore'
[0.941s] Level 1:colcon.colcon_core.package_identification:_identify(install) ignored
[0.941s] Level 1:colcon.colcon_core.package_identification:_identify(log) by extensions ['ignore', 'ignore_ament_install']
[0.941s] Level 1:colcon.colcon_core.package_identification:_identify(log) by extension 'ignore'
[0.941s] Level 1:colcon.colcon_core.package_identification:_identify(log) ignored
[0.941s] Level 1:colcon.colcon_core.package_identification:_identify(src) by extensions ['ignore', 'ignore_ament_install']
[0.942s] Level 1:colcon.colcon_core.package_identification:_identify(src) by extension 'ignore'
[0.942s] Level 1:colcon.colcon_core.package_identification:_identify(src) by extension 'ignore_ament_install'
[0.942s] Level 1:colcon.colcon_core.package_identification:_identify(src) by extensions ['colcon_pkg']
[0.942s] Level 1:colcon.colcon_core.package_identification:_identify(src) by extension 'colcon_pkg'
[0.942s] Level 1:colcon.colcon_core.package_identification:_identify(src) by extensions ['colcon_meta']
[0.942s] Level 1:colcon.colcon_core.package_identification:_identify(src) by extension 'colcon_meta'
[0.942s] Level 1:colcon.colcon_core.package_identification:_identify(src) by extensions ['ros']
[0.942s] Level 1:colcon.colcon_core.package_identification:_identify(src) by extension 'ros'
[0.942s] Level 1:colcon.colcon_core.package_identification:_identify(src) by extensions ['cmake', 'python']
[0.942s] Level 1:colcon.colcon_core.package_identification:_identify(src) by extension 'cmake'
[0.942s] Level 1:colcon.colcon_core.package_identification:_identify(src) by extension 'python'
[0.942s] Level 1:colcon.colcon_core.package_identification:_identify(src) by extensions ['python_setup_py']
[0.942s] Level 1:colcon.colcon_core.package_identification:_identify(src) by extension 'python_setup_py'
[0.943s] Level 1:colcon.colcon_core.package_identification:_identify(src/deps) by extensions ['ignore', 'ignore_ament_install']
[0.943s] Level 1:colcon.colcon_core.package_identification:_identify(src/deps) by extension 'ignore'
[0.943s] Level 1:colcon.colcon_core.package_identification:_identify(src/deps) by extension 'ignore_ament_install'
[0.943s] Level 1:colcon.colcon_core.package_identification:_identify(src/deps) by extensions ['colcon_pkg']
[0.943s] Level 1:colcon.colcon_core.package_identification:_identify(src/deps) by extension 'colcon_pkg'
[0.943s] Level 1:colcon.colcon_core.package_identification:_identify(src/deps) by extensions ['colcon_meta']
[0.943s] Level 1:colcon.colcon_core.package_identification:_identify(src/deps) by extension 'colcon_meta'
[0.943s] Level 1:colcon.colcon_core.package_identification:_identify(src/deps) by extensions ['ros']
[0.943s] Level 1:colcon.colcon_core.package_identification:_identify(src/deps) by extension 'ros'
[0.943s] Level 1:colcon.colcon_core.package_identification:_identify(src/deps) by extensions ['cmake', 'python']
[0.943s] Level 1:colcon.colcon_core.package_identification:_identify(src/deps) by extension 'cmake'
[0.943s] Level 1:colcon.colcon_core.package_identification:_identify(src/deps) by extension 'python'
[0.944s] Level 1:colcon.colcon_core.package_identification:_identify(src/deps) by extensions ['python_setup_py']
[0.944s] Level 1:colcon.colcon_core.package_identification:_identify(src/deps) by extension 'python_setup_py'
[0.944s] Level 1:colcon.colcon_core.package_identification:_identify(src/deps/turtlebot3-description-reduced-mesh) by extensions ['ignore', 'ignore_ament_install']
[0.944s] Level 1:colcon.colcon_core.package_identification:_identify(src/deps/turtlebot3-description-reduced-mesh) by extension 'ignore'
[0.944s] Level 1:colcon.colcon_core.package_identification:_identify(src/deps/turtlebot3-description-reduced-mesh) by extension 'ignore_ament_install'
[0.944s] Level 1:colcon.colcon_core.package_identification:_identify(src/deps/turtlebot3-description-reduced-mesh) by extensions ['colcon_pkg']
[0.944s] Level 1:colcon.colcon_core.package_identification:_identify(src/deps/turtlebot3-description-reduced-mesh) by extension 'colcon_pkg'
[0.944s] Level 1:colcon.colcon_core.package_identification:_identify(src/deps/turtlebot3-description-reduced-mesh) by extensions ['colcon_meta']
[0.944s] Level 1:colcon.colcon_core.package_identification:_identify(src/deps/turtlebot3-description-reduced-mesh) by extension 'colcon_meta'
[0.944s] Level 1:colcon.colcon_core.package_identification:_identify(src/deps/turtlebot3-description-reduced-mesh) by extensions ['ros']
[0.944s] Level 1:colcon.colcon_core.package_identification:_identify(src/deps/turtlebot3-description-reduced-mesh) by extension 'ros'
[0.948s] DEBUG:colcon.colcon_core.package_identification:Package 'src/deps/turtlebot3-description-reduced-mesh' with type 'ros.catkin' and name 'turtlebot3_description_reduced_mesh'
[0.948s] Level 1:colcon.colcon_core.package_identification:_identify(src/hello_world_robot) by extensions ['ignore', 'ignore_ament_install']
[0.948s] Level 1:colcon.colcon_core.package_identification:_identify(src/hello_world_robot) by extension 'ignore'
[0.948s] Level 1:colcon.colcon_core.package_identification:_identify(src/hello_world_robot) by extension 'ignore_ament_install'
[0.948s] Level 1:colcon.colcon_core.package_identification:_identify(src/hello_world_robot) by extensions ['colcon_pkg']
[0.948s] Level 1:colcon.colcon_core.package_identification:_identify(src/hello_world_robot) by extension 'colcon_pkg'
[0.948s] Level 1:colcon.colcon_core.package_identification:_identify(src/hello_world_robot) by extensions ['colcon_meta']
[0.948s] Level 1:colcon.colcon_core.package_identification:_identify(src/hello_world_robot) by extension 'colcon_meta'
[0.948s] Level 1:colcon.colcon_core.package_identification:_identify(src/hello_world_robot) by extensions ['ros']
[0.948s] Level 1:colcon.colcon_core.package_identification:_identify(src/hello_world_robot) by extension 'ros'
[0.951s] DEBUG:colcon.colcon_core.package_identification:Package 'src/hello_world_robot' with type 'ros.catkin' and name 'hello_world_robot'
[0.951s] Level 1:colcon.colcon_core.package_discovery:discover_packages(recursive) using defaults
[0.951s] Level 1:colcon.colcon_core.package_discovery:discover_packages(ignore) discover
[0.951s] Level 1:colcon.colcon_core.package_discovery:discover_packages(ignore) using defaults
[0.951s] Level 1:colcon.colcon_core.package_discovery:discover_packages(path) discover
[0.951s] Level 1:colcon.colcon_core.package_discovery:discover_packages(path) using defaults
[1.025s] Level 5:colcon.colcon_core.verb:set package 'turtlebot3_description_reduced_mesh' build argument 'cmake_args' from command line to 'None'
[1.025s] Level 5:colcon.colcon_core.verb:set package 'turtlebot3_description_reduced_mesh' build argument 'cmake_target' from command line to 'None'
[1.025s] Level 5:colcon.colcon_core.verb:set package 'turtlebot3_description_reduced_mesh' build argument 'cmake_target_skip_unavailable' from command line to 'False'
[1.026s] Level 5:colcon.colcon_core.verb:set package 'turtlebot3_description_reduced_mesh' build argument 'cmake_clean_cache' from command line to 'False'
[1.026s] Level 5:colcon.colcon_core.verb:set package 'turtlebot3_description_reduced_mesh' build argument 'cmake_clean_first' from command line to 'False'
[1.026s] Level 5:colcon.colcon_core.verb:set package 'turtlebot3_description_reduced_mesh' build argument 'cmake_force_configure' from command line to 'False'
[1.026s] Level 5:colcon.colcon_core.verb:set package 'turtlebot3_description_reduced_mesh' build argument 'ament_cmake_args' from command line to 'None'
[1.026s] Level 5:colcon.colcon_core.verb:set package 'turtlebot3_description_reduced_mesh' build argument 'catkin_cmake_args' from command line to 'None'
[1.026s] Level 5:colcon.colcon_core.verb:set package 'turtlebot3_description_reduced_mesh' build argument 'catkin_skip_building_tests' from command line to 'False'
[1.026s] DEBUG:colcon.colcon_core.verb:Building package 'turtlebot3_description_reduced_mesh' with the following arguments: {'ament_cmake_args': None, 'build_base': '/home/ubuntu/environment/HelloWorld/robot_ws/build/turtlebot3_description_reduced_mesh', 'catkin_cmake_args': None, 'catkin_skip_building_tests': False, 'cmake_args': None, 'cmake_clean_cache': False, 'cmake_clean_first': False, 'cmake_force_configure': False, 'cmake_target': None, 'cmake_target_skip_unavailable': False, 'install_base': '/home/ubuntu/environment/HelloWorld/robot_ws/install/turtlebot3_description_reduced_mesh', 'merge_install': False, 'path': '/home/ubuntu/environment/HelloWorld/robot_ws/src/deps/turtlebot3-description-reduced-mesh', 'symlink_install': False, 'test_result_base': None}
[1.043s] Level 5:colcon.colcon_core.verb:set package 'hello_world_robot' build argument 'cmake_args' from command line to 'None'
[1.043s] Level 5:colcon.colcon_core.verb:set package 'hello_world_robot' build argument 'cmake_target' from command line to 'None'
[1.043s] Level 5:colcon.colcon_core.verb:set package 'hello_world_robot' build argument 'cmake_target_skip_unavailable' from command line to 'False'
[1.043s] Level 5:colcon.colcon_core.verb:set package 'hello_world_robot' build argument 'cmake_clean_cache' from command line to 'False'
[1.043s] Level 5:colcon.colcon_core.verb:set package 'hello_world_robot' build argument 'cmake_clean_first' from command line to 'False'
[1.043s] Level 5:colcon.colcon_core.verb:set package 'hello_world_robot' build argument 'cmake_force_configure' from command line to 'False'
[1.043s] Level 5:colcon.colcon_core.verb:set package 'hello_world_robot' build argument 'ament_cmake_args' from command line to 'None'
[1.043s] Level 5:colcon.colcon_core.verb:set package 'hello_world_robot' build argument 'catkin_cmake_args' from command line to 'None'
[1.043s] Level 5:colcon.colcon_core.verb:set package 'hello_world_robot' build argument 'catkin_skip_building_tests' from command line to 'False'
[1.044s] DEBUG:colcon.colcon_core.verb:Building package 'hello_world_robot' with the following arguments: {'ament_cmake_args': None, 'build_base': '/home/ubuntu/environment/HelloWorld/robot_ws/build/hello_world_robot', 'catkin_cmake_args': None, 'catkin_skip_building_tests': False, 'cmake_args': None, 'cmake_clean_cache': False, 'cmake_clean_first': False, 'cmake_force_configure': False, 'cmake_target': None, 'cmake_target_skip_unavailable': False, 'install_base': '/home/ubuntu/environment/HelloWorld/robot_ws/install/hello_world_robot', 'merge_install': False, 'path': '/home/ubuntu/environment/HelloWorld/robot_ws/src/hello_world_robot', 'symlink_install': False, 'test_result_base': None}
[1.048s] INFO:colcon.colcon_core.executor:Executing jobs using 'parallel' executor
[1.078s] DEBUG:colcon.colcon_parallel_executor.executor.parallel:run_until_complete
[1.078s] INFO:colcon.colcon_ros.task.catkin.build:Building ROS package in '/home/ubuntu/environment/HelloWorld/robot_ws/src/deps/turtlebot3-description-reduced-mesh' with build type 'catkin'
[1.078s] INFO:colcon.colcon_cmake.task.cmake.build:Building CMake package in '/home/ubuntu/environment/HelloWorld/robot_ws/src/deps/turtlebot3-description-reduced-mesh'
[1.107s] INFO:colcon.colcon_core.plugin_system:Skipping extension 'colcon_core.shell.bat': Not used on non-Windows systems
[1.107s] INFO:colcon.colcon_core.shell:Skip shell extension 'powershell' for command environment: Not usable outside of PowerShell
[1.107s] DEBUG:colcon.colcon_core.shell:Skip shell extension 'dsv' for command environment
[1.117s] DEBUG:colcon.colcon_core.shell:Ignoring prefix path '/opt/ros/melodic'
[1.131s] DEBUG:colcon.colcon_core.event_handler.log_command:Invoking command in '/home/ubuntu/environment/HelloWorld/robot_ws/build/turtlebot3_description_reduced_mesh': /usr/bin/cmake --build /home/ubuntu/environment/HelloWorld/robot_ws/build/turtlebot3_description_reduced_mesh -- -j2 -l2
[1.184s] DEBUG:colcon.colcon_core.event_handler.log_command:Invoked command in '/home/ubuntu/environment/HelloWorld/robot_ws/build/turtlebot3_description_reduced_mesh' returned '0': /usr/bin/cmake --build /home/ubuntu/environment/HelloWorld/robot_ws/build/turtlebot3_description_reduced_mesh -- -j2 -l2
[1.270s] DEBUG:colcon.colcon_core.event_handler.log_command:Invoking command in '/home/ubuntu/environment/HelloWorld/robot_ws/build/turtlebot3_description_reduced_mesh': /usr/bin/cmake --build /home/ubuntu/environment/HelloWorld/robot_ws/build/turtlebot3_description_reduced_mesh --target tests -- -j2 -l2
[1.359s] DEBUG:colcon.colcon_core.event_handler.log_command:Invoked command in '/home/ubuntu/environment/HelloWorld/robot_ws/build/turtlebot3_description_reduced_mesh' returned '0': /usr/bin/cmake --build /home/ubuntu/environment/HelloWorld/robot_ws/build/turtlebot3_description_reduced_mesh --target tests -- -j2 -l2
[1.457s] DEBUG:colcon.colcon_core.event_handler.log_command:Invoking command in '/home/ubuntu/environment/HelloWorld/robot_ws/build/turtlebot3_description_reduced_mesh': /usr/bin/cmake --build /home/ubuntu/environment/HelloWorld/robot_ws/build/turtlebot3_description_reduced_mesh --target install -- -j2 -l2
[1.539s] DEBUG:colcon.colcon_core.event_handler.log_command:Invoked command in '/home/ubuntu/environment/HelloWorld/robot_ws/build/turtlebot3_description_reduced_mesh' returned '0': /usr/bin/cmake --build /home/ubuntu/environment/HelloWorld/robot_ws/build/turtlebot3_description_reduced_mesh --target install -- -j2 -l2
[1.621s] Level 1:colcon.colcon_core.shell:create_environment_hook('turtlebot3_description_reduced_mesh', 'ros_package_path')
[1.635s] INFO:colcon.colcon_core.shell:Creating environment hook '/home/ubuntu/environment/HelloWorld/robot_ws/install/turtlebot3_description_reduced_mesh/share/turtlebot3_description_reduced_mesh/hook/ros_package_path.ps1'
[1.636s] INFO:colcon.colcon_core.shell:Creating environment descriptor '/home/ubuntu/environment/HelloWorld/robot_ws/install/turtlebot3_description_reduced_mesh/share/turtlebot3_description_reduced_mesh/hook/ros_package_path.dsv'
[1.636s] INFO:colcon.colcon_core.shell:Creating environment hook '/home/ubuntu/environment/HelloWorld/robot_ws/install/turtlebot3_description_reduced_mesh/share/turtlebot3_description_reduced_mesh/hook/ros_package_path.sh'
[1.638s] Level 1:colcon.colcon_ros.task.catkin:checking '/home/ubuntu/environment/HelloWorld/robot_ws/install/turtlebot3_description_reduced_mesh/lib/python2.7/dist-packages'
[1.638s] Level 1:colcon.colcon_core.shell:create_environment_hook('turtlebot3_description_reduced_mesh', 'pkg_config_path')
[1.652s] INFO:colcon.colcon_core.shell:Creating environment hook '/home/ubuntu/environment/HelloWorld/robot_ws/install/turtlebot3_description_reduced_mesh/share/turtlebot3_description_reduced_mesh/hook/pkg_config_path.ps1'
[1.653s] INFO:colcon.colcon_core.shell:Creating environment descriptor '/home/ubuntu/environment/HelloWorld/robot_ws/install/turtlebot3_description_reduced_mesh/share/turtlebot3_description_reduced_mesh/hook/pkg_config_path.dsv'
[1.653s] INFO:colcon.colcon_core.shell:Creating environment hook '/home/ubuntu/environment/HelloWorld/robot_ws/install/turtlebot3_description_reduced_mesh/share/turtlebot3_description_reduced_mesh/hook/pkg_config_path.sh'
[1.657s] Level 1:colcon.colcon_core.shell:create_environment_hook('turtlebot3_description_reduced_mesh', 'pkg_config_path_multiarch')
[1.671s] INFO:colcon.colcon_core.shell:Creating environment hook '/home/ubuntu/environment/HelloWorld/robot_ws/install/turtlebot3_description_reduced_mesh/share/turtlebot3_description_reduced_mesh/hook/pkg_config_path_multiarch.ps1'
[1.672s] INFO:colcon.colcon_core.shell:Creating environment descriptor '/home/ubuntu/environment/HelloWorld/robot_ws/install/turtlebot3_description_reduced_mesh/share/turtlebot3_description_reduced_mesh/hook/pkg_config_path_multiarch.dsv'
[1.672s] INFO:colcon.colcon_core.shell:Creating environment hook '/home/ubuntu/environment/HelloWorld/robot_ws/install/turtlebot3_description_reduced_mesh/share/turtlebot3_description_reduced_mesh/hook/pkg_config_path_multiarch.sh'
[1.687s] Level 1:colcon.colcon_core.environment:create_environment_scripts_only(turtlebot3_description_reduced_mesh)
[1.705s] Level 1:colcon.colcon_core.environment:checking '/home/ubuntu/environment/HelloWorld/robot_ws/install/turtlebot3_description_reduced_mesh' for CMake module files
[1.705s] Level 1:colcon.colcon_core.environment:checking '/home/ubuntu/environment/HelloWorld/robot_ws/install/turtlebot3_description_reduced_mesh' for CMake config files
[1.706s] Level 1:colcon.colcon_core.shell:create_environment_hook('turtlebot3_description_reduced_mesh', 'cmake_prefix_path')
[1.718s] INFO:colcon.colcon_core.shell:Creating environment hook '/home/ubuntu/environment/HelloWorld/robot_ws/install/turtlebot3_description_reduced_mesh/share/turtlebot3_description_reduced_mesh/hook/cmake_prefix_path.ps1'
[1.719s] INFO:colcon.colcon_core.shell:Creating environment descriptor '/home/ubuntu/environment/HelloWorld/robot_ws/install/turtlebot3_description_reduced_mesh/share/turtlebot3_description_reduced_mesh/hook/cmake_prefix_path.dsv'
[1.719s] INFO:colcon.colcon_core.shell:Creating environment hook '/home/ubuntu/environment/HelloWorld/robot_ws/install/turtlebot3_description_reduced_mesh/share/turtlebot3_description_reduced_mesh/hook/cmake_prefix_path.sh'
[1.720s] Level 1:colcon.colcon_core.environment:checking '/home/ubuntu/environment/HelloWorld/robot_ws/install/turtlebot3_description_reduced_mesh/lib'
[1.721s] Level 1:colcon.colcon_core.environment:checking '/home/ubuntu/environment/HelloWorld/robot_ws/install/turtlebot3_description_reduced_mesh/bin'
[1.721s] Level 1:colcon.colcon_core.environment:checking '/home/ubuntu/environment/HelloWorld/robot_ws/install/turtlebot3_description_reduced_mesh/lib/pkgconfig/turtlebot3_description_reduced_mesh.pc'
[1.721s] Level 1:colcon.colcon_core.shell:create_environment_hook('turtlebot3_description_reduced_mesh', 'pkg_config')
[1.733s] INFO:colcon.colcon_core.shell:Creating environment hook '/home/ubuntu/environment/HelloWorld/robot_ws/install/turtlebot3_description_reduced_mesh/share/turtlebot3_description_reduced_mesh/hook/pkg_config.ps1'
[1.734s] INFO:colcon.colcon_core.shell:Creating environment descriptor '/home/ubuntu/environment/HelloWorld/robot_ws/install/turtlebot3_description_reduced_mesh/share/turtlebot3_description_reduced_mesh/hook/pkg_config.dsv'
[1.734s] INFO:colcon.colcon_core.shell:Creating environment hook '/home/ubuntu/environment/HelloWorld/robot_ws/install/turtlebot3_description_reduced_mesh/share/turtlebot3_description_reduced_mesh/hook/pkg_config.sh'
[1.735s] Level 1:colcon.colcon_core.environment:checking '/home/ubuntu/environment/HelloWorld/robot_ws/install/turtlebot3_description_reduced_mesh/lib/python3.6/site-packages'
[1.748s] INFO:colcon.colcon_core.shell:Creating package script '/home/ubuntu/environment/HelloWorld/robot_ws/install/turtlebot3_description_reduced_mesh/share/turtlebot3_description_reduced_mesh/package.ps1'
[1.749s] INFO:colcon.colcon_core.shell:Creating package descriptor '/home/ubuntu/environment/HelloWorld/robot_ws/install/turtlebot3_description_reduced_mesh/share/turtlebot3_description_reduced_mesh/package.dsv'
[1.750s] INFO:colcon.colcon_core.shell:Creating package script '/home/ubuntu/environment/HelloWorld/robot_ws/install/turtlebot3_description_reduced_mesh/share/turtlebot3_description_reduced_mesh/package.sh'
[1.751s] INFO:colcon.colcon_core.shell:Creating package script '/home/ubuntu/environment/HelloWorld/robot_ws/install/turtlebot3_description_reduced_mesh/share/turtlebot3_description_reduced_mesh/package.bash'
[1.752s] INFO:colcon.colcon_core.shell:Creating package script '/home/ubuntu/environment/HelloWorld/robot_ws/install/turtlebot3_description_reduced_mesh/share/turtlebot3_description_reduced_mesh/package.zsh'
[1.753s] Level 1:colcon.colcon_core.environment:create_file_with_runtime_dependencies(/home/ubuntu/environment/HelloWorld/robot_ws/install/turtlebot3_description_reduced_mesh/share/colcon-core/packages/turtlebot3_description_reduced_mesh)
[1.755s] INFO:colcon.colcon_ros.task.catkin.build:Building ROS package in '/home/ubuntu/environment/HelloWorld/robot_ws/src/hello_world_robot' with build type 'catkin'
[1.755s] INFO:colcon.colcon_cmake.task.cmake.build:Building CMake package in '/home/ubuntu/environment/HelloWorld/robot_ws/src/hello_world_robot'
[1.769s] INFO:colcon.colcon_core.shell:Skip shell extension 'powershell' for command environment: Not usable outside of PowerShell
[1.769s] DEBUG:colcon.colcon_core.shell:Skip shell extension 'dsv' for command environment
[1.778s] DEBUG:colcon.colcon_core.shell:Ignoring prefix path '/opt/ros/melodic'
[1.792s] DEBUG:colcon.colcon_core.event_handler.log_command:Invoking command in '/home/ubuntu/environment/HelloWorld/robot_ws/build/hello_world_robot': CMAKE_PREFIX_PATH=/home/ubuntu/environment/HelloWorld/robot_ws/install/turtlebot3_description_reduced_mesh:${CMAKE_PREFIX_PATH} PKG_CONFIG_PATH=/home/ubuntu/environment/HelloWorld/robot_ws/install/turtlebot3_description_reduced_mesh/lib/x86_64-linux-gnu/pkgconfig:/home/ubuntu/environment/HelloWorld/robot_ws/install/turtlebot3_description_reduced_mesh/lib/pkgconfig:${PKG_CONFIG_PATH} ROS_PACKAGE_PATH=/home/ubuntu/environment/HelloWorld/robot_ws/install/turtlebot3_description_reduced_mesh/share:${ROS_PACKAGE_PATH} /usr/bin/cmake --build /home/ubuntu/environment/HelloWorld/robot_ws/build/hello_world_robot -- -j2 -l2
[1.866s] DEBUG:colcon.colcon_core.event_handler.log_command:Invoked command in '/home/ubuntu/environment/HelloWorld/robot_ws/build/hello_world_robot' returned '0': CMAKE_PREFIX_PATH=/home/ubuntu/environment/HelloWorld/robot_ws/install/turtlebot3_description_reduced_mesh:${CMAKE_PREFIX_PATH} PKG_CONFIG_PATH=/home/ubuntu/environment/HelloWorld/robot_ws/install/turtlebot3_description_reduced_mesh/lib/x86_64-linux-gnu/pkgconfig:/home/ubuntu/environment/HelloWorld/robot_ws/install/turtlebot3_description_reduced_mesh/lib/pkgconfig:${PKG_CONFIG_PATH} ROS_PACKAGE_PATH=/home/ubuntu/environment/HelloWorld/robot_ws/install/turtlebot3_description_reduced_mesh/share:${ROS_PACKAGE_PATH} /usr/bin/cmake --build /home/ubuntu/environment/HelloWorld/robot_ws/build/hello_world_robot -- -j2 -l2
[1.928s] DEBUG:colcon.colcon_core.event_handler.log_command:Invoking command in '/home/ubuntu/environment/HelloWorld/robot_ws/build/hello_world_robot': CMAKE_PREFIX_PATH=/home/ubuntu/environment/HelloWorld/robot_ws/install/turtlebot3_description_reduced_mesh:${CMAKE_PREFIX_PATH} PKG_CONFIG_PATH=/home/ubuntu/environment/HelloWorld/robot_ws/install/turtlebot3_description_reduced_mesh/lib/x86_64-linux-gnu/pkgconfig:/home/ubuntu/environment/HelloWorld/robot_ws/install/turtlebot3_description_reduced_mesh/lib/pkgconfig:${PKG_CONFIG_PATH} ROS_PACKAGE_PATH=/home/ubuntu/environment/HelloWorld/robot_ws/install/turtlebot3_description_reduced_mesh/share:${ROS_PACKAGE_PATH} /usr/bin/cmake --build /home/ubuntu/environment/HelloWorld/robot_ws/build/hello_world_robot --target tests -- -j2 -l2
[2.016s] DEBUG:colcon.colcon_core.event_handler.log_command:Invoked command in '/home/ubuntu/environment/HelloWorld/robot_ws/build/hello_world_robot' returned '0': CMAKE_PREFIX_PATH=/home/ubuntu/environment/HelloWorld/robot_ws/install/turtlebot3_description_reduced_mesh:${CMAKE_PREFIX_PATH} PKG_CONFIG_PATH=/home/ubuntu/environment/HelloWorld/robot_ws/install/turtlebot3_description_reduced_mesh/lib/x86_64-linux-gnu/pkgconfig:/home/ubuntu/environment/HelloWorld/robot_ws/install/turtlebot3_description_reduced_mesh/lib/pkgconfig:${PKG_CONFIG_PATH} ROS_PACKAGE_PATH=/home/ubuntu/environment/HelloWorld/robot_ws/install/turtlebot3_description_reduced_mesh/share:${ROS_PACKAGE_PATH} /usr/bin/cmake --build /home/ubuntu/environment/HelloWorld/robot_ws/build/hello_world_robot --target tests -- -j2 -l2
[2.076s] DEBUG:colcon.colcon_core.event_handler.log_command:Invoking command in '/home/ubuntu/environment/HelloWorld/robot_ws/build/hello_world_robot': CMAKE_PREFIX_PATH=/home/ubuntu/environment/HelloWorld/robot_ws/install/turtlebot3_description_reduced_mesh:${CMAKE_PREFIX_PATH} PKG_CONFIG_PATH=/home/ubuntu/environment/HelloWorld/robot_ws/install/turtlebot3_description_reduced_mesh/lib/x86_64-linux-gnu/pkgconfig:/home/ubuntu/environment/HelloWorld/robot_ws/install/turtlebot3_description_reduced_mesh/lib/pkgconfig:${PKG_CONFIG_PATH} ROS_PACKAGE_PATH=/home/ubuntu/environment/HelloWorld/robot_ws/install/turtlebot3_description_reduced_mesh/share:${ROS_PACKAGE_PATH} /usr/bin/cmake --build /home/ubuntu/environment/HelloWorld/robot_ws/build/hello_world_robot --target install -- -j2 -l2
[2.231s] DEBUG:colcon.colcon_core.event_handler.log_command:Invoked command in '/home/ubuntu/environment/HelloWorld/robot_ws/build/hello_world_robot' returned '0': CMAKE_PREFIX_PATH=/home/ubuntu/environment/HelloWorld/robot_ws/install/turtlebot3_description_reduced_mesh:${CMAKE_PREFIX_PATH} PKG_CONFIG_PATH=/home/ubuntu/environment/HelloWorld/robot_ws/install/turtlebot3_description_reduced_mesh/lib/x86_64-linux-gnu/pkgconfig:/home/ubuntu/environment/HelloWorld/robot_ws/install/turtlebot3_description_reduced_mesh/lib/pkgconfig:${PKG_CONFIG_PATH} ROS_PACKAGE_PATH=/home/ubuntu/environment/HelloWorld/robot_ws/install/turtlebot3_description_reduced_mesh/share:${ROS_PACKAGE_PATH} /usr/bin/cmake --build /home/ubuntu/environment/HelloWorld/robot_ws/build/hello_world_robot --target install -- -j2 -l2
[2.302s] Level 1:colcon.colcon_core.shell:create_environment_hook('hello_world_robot', 'ros_package_path')
[2.316s] INFO:colcon.colcon_core.shell:Creating environment hook '/home/ubuntu/environment/HelloWorld/robot_ws/install/hello_world_robot/share/hello_world_robot/hook/ros_package_path.ps1'
[2.317s] INFO:colcon.colcon_core.shell:Creating environment descriptor '/home/ubuntu/environment/HelloWorld/robot_ws/install/hello_world_robot/share/hello_world_robot/hook/ros_package_path.dsv'
[2.317s] INFO:colcon.colcon_core.shell:Creating environment hook '/home/ubuntu/environment/HelloWorld/robot_ws/install/hello_world_robot/share/hello_world_robot/hook/ros_package_path.sh'
[2.318s] Level 1:colcon.colcon_ros.task.catkin:checking '/home/ubuntu/environment/HelloWorld/robot_ws/install/hello_world_robot/lib/python2.7/dist-packages'
[2.318s] Level 1:colcon.colcon_core.shell:create_environment_hook('hello_world_robot', 'catkin_pythonpath')
[2.334s] INFO:colcon.colcon_core.shell:Creating environment hook '/home/ubuntu/environment/HelloWorld/robot_ws/install/hello_world_robot/share/hello_world_robot/hook/catkin_pythonpath.ps1'
[2.335s] INFO:colcon.colcon_core.shell:Creating environment descriptor '/home/ubuntu/environment/HelloWorld/robot_ws/install/hello_world_robot/share/hello_world_robot/hook/catkin_pythonpath.dsv'
[2.335s] INFO:colcon.colcon_core.shell:Creating environment hook '/home/ubuntu/environment/HelloWorld/robot_ws/install/hello_world_robot/share/hello_world_robot/hook/catkin_pythonpath.sh'
[2.337s] Level 1:colcon.colcon_core.shell:create_environment_hook('hello_world_robot', 'pkg_config_path')
[2.350s] INFO:colcon.colcon_core.shell:Creating environment hook '/home/ubuntu/environment/HelloWorld/robot_ws/install/hello_world_robot/share/hello_world_robot/hook/pkg_config_path.ps1'
[2.351s] INFO:colcon.colcon_core.shell:Creating environment descriptor '/home/ubuntu/environment/HelloWorld/robot_ws/install/hello_world_robot/share/hello_world_robot/hook/pkg_config_path.dsv'
[2.351s] INFO:colcon.colcon_core.shell:Creating environment hook '/home/ubuntu/environment/HelloWorld/robot_ws/install/hello_world_robot/share/hello_world_robot/hook/pkg_config_path.sh'
[2.352s] Level 1:colcon.colcon_core.shell:create_environment_hook('hello_world_robot', 'pkg_config_path_multiarch')
[2.364s] INFO:colcon.colcon_core.shell:Creating environment hook '/home/ubuntu/environment/HelloWorld/robot_ws/install/hello_world_robot/share/hello_world_robot/hook/pkg_config_path_multiarch.ps1'
[2.365s] INFO:colcon.colcon_core.shell:Creating environment descriptor '/home/ubuntu/environment/HelloWorld/robot_ws/install/hello_world_robot/share/hello_world_robot/hook/pkg_config_path_multiarch.dsv'
[2.365s] INFO:colcon.colcon_core.shell:Creating environment hook '/home/ubuntu/environment/HelloWorld/robot_ws/install/hello_world_robot/share/hello_world_robot/hook/pkg_config_path_multiarch.sh'
[2.379s] Level 1:colcon.colcon_core.environment:create_environment_scripts_only(hello_world_robot)
[2.392s] Level 1:colcon.colcon_core.environment:checking '/home/ubuntu/environment/HelloWorld/robot_ws/install/hello_world_robot' for CMake module files
[2.393s] Level 1:colcon.colcon_core.environment:checking '/home/ubuntu/environment/HelloWorld/robot_ws/install/hello_world_robot' for CMake config files
[2.393s] Level 1:colcon.colcon_core.shell:create_environment_hook('hello_world_robot', 'cmake_prefix_path')
[2.406s] INFO:colcon.colcon_core.shell:Creating environment hook '/home/ubuntu/environment/HelloWorld/robot_ws/install/hello_world_robot/share/hello_world_robot/hook/cmake_prefix_path.ps1'
[2.407s] INFO:colcon.colcon_core.shell:Creating environment descriptor '/home/ubuntu/environment/HelloWorld/robot_ws/install/hello_world_robot/share/hello_world_robot/hook/cmake_prefix_path.dsv'
[2.407s] INFO:colcon.colcon_core.shell:Creating environment hook '/home/ubuntu/environment/HelloWorld/robot_ws/install/hello_world_robot/share/hello_world_robot/hook/cmake_prefix_path.sh'
[2.408s] Level 1:colcon.colcon_core.environment:checking '/home/ubuntu/environment/HelloWorld/robot_ws/install/hello_world_robot/lib'
[2.408s] Level 1:colcon.colcon_core.environment:checking '/home/ubuntu/environment/HelloWorld/robot_ws/install/hello_world_robot/bin'
[2.408s] Level 1:colcon.colcon_core.environment:checking '/home/ubuntu/environment/HelloWorld/robot_ws/install/hello_world_robot/lib/pkgconfig/hello_world_robot.pc'
[2.409s] Level 1:colcon.colcon_core.shell:create_environment_hook('hello_world_robot', 'pkg_config')
[2.421s] INFO:colcon.colcon_core.shell:Creating environment hook '/home/ubuntu/environment/HelloWorld/robot_ws/install/hello_world_robot/share/hello_world_robot/hook/pkg_config.ps1'
[2.422s] INFO:colcon.colcon_core.shell:Creating environment descriptor '/home/ubuntu/environment/HelloWorld/robot_ws/install/hello_world_robot/share/hello_world_robot/hook/pkg_config.dsv'
[2.422s] INFO:colcon.colcon_core.shell:Creating environment hook '/home/ubuntu/environment/HelloWorld/robot_ws/install/hello_world_robot/share/hello_world_robot/hook/pkg_config.sh'
[2.423s] Level 1:colcon.colcon_core.environment:checking '/home/ubuntu/environment/HelloWorld/robot_ws/install/hello_world_robot/lib/python3.6/site-packages'
[2.436s] INFO:colcon.colcon_core.shell:Creating package script '/home/ubuntu/environment/HelloWorld/robot_ws/install/hello_world_robot/share/hello_world_robot/package.ps1'
[2.437s] INFO:colcon.colcon_core.shell:Creating package descriptor '/home/ubuntu/environment/HelloWorld/robot_ws/install/hello_world_robot/share/hello_world_robot/package.dsv'
[2.437s] INFO:colcon.colcon_core.shell:Creating package script '/home/ubuntu/environment/HelloWorld/robot_ws/install/hello_world_robot/share/hello_world_robot/package.sh'
[2.438s] INFO:colcon.colcon_core.shell:Creating package script '/home/ubuntu/environment/HelloWorld/robot_ws/install/hello_world_robot/share/hello_world_robot/package.bash'
[2.439s] INFO:colcon.colcon_core.shell:Creating package script '/home/ubuntu/environment/HelloWorld/robot_ws/install/hello_world_robot/share/hello_world_robot/package.zsh'
[2.439s] Level 1:colcon.colcon_core.environment:create_file_with_runtime_dependencies(/home/ubuntu/environment/HelloWorld/robot_ws/install/hello_world_robot/share/colcon-core/packages/hello_world_robot)
[2.440s] DEBUG:colcon.colcon_parallel_executor.executor.parallel:closing loop
[2.442s] DEBUG:colcon.colcon_parallel_executor.executor.parallel:loop closed
[2.442s] DEBUG:colcon.colcon_parallel_executor.executor.parallel:run_until_complete finished with '0'
[2.442s] DEBUG:colcon.colcon_core.event_reactor:joining thread
[2.460s] INFO:colcon.colcon_core.plugin_system:Skipping extension 'colcon_notification.desktop_notification.notify_send': Could not find 'notify-send'
[2.460s] INFO:colcon.colcon_core.plugin_system:Skipping extension 'colcon_notification.desktop_notification.terminal_notifier': Not used on non-Darwin systems
[2.460s] INFO:colcon.colcon_core.plugin_system:Skipping extension 'colcon_notification.desktop_notification.win32': Not used on non-Windows systems
[2.460s] INFO:colcon.colcon_notification.desktop_notification:Sending desktop notification using 'notify2'
[2.460s] DEBUG:colcon.colcon_notification.desktop_notification.notify2:Failed to initialize notify2: org.freedesktop.DBus.Error.NotSupported: Unable to autolaunch a dbus-daemon without a $DISPLAY for X11
[2.460s] DEBUG:colcon.colcon_core.event_reactor:joined thread
[2.473s] INFO:colcon.colcon_core.shell:Creating prefix script '/home/ubuntu/environment/HelloWorld/robot_ws/install/local_setup.ps1'
[2.475s] INFO:colcon.colcon_core.shell:Creating prefix util module '/home/ubuntu/environment/HelloWorld/robot_ws/install/_local_setup_util_ps1.py'
[2.477s] INFO:colcon.colcon_core.shell:Creating prefix chain script '/home/ubuntu/environment/HelloWorld/robot_ws/install/setup.ps1'
[2.487s] INFO:colcon.colcon_core.shell:Creating prefix script '/home/ubuntu/environment/HelloWorld/robot_ws/install/local_setup.sh'
[2.487s] INFO:colcon.colcon_core.shell:Creating prefix util module '/home/ubuntu/environment/HelloWorld/robot_ws/install/_local_setup_util_sh.py'
[2.488s] INFO:colcon.colcon_core.shell:Creating prefix chain script '/home/ubuntu/environment/HelloWorld/robot_ws/install/setup.sh'
[2.498s] INFO:colcon.colcon_core.shell:Creating prefix script '/home/ubuntu/environment/HelloWorld/robot_ws/install/local_setup.bash'
[2.499s] INFO:colcon.colcon_core.shell:Creating prefix chain script '/home/ubuntu/environment/HelloWorld/robot_ws/install/setup.bash'
[2.508s] INFO:colcon.colcon_core.shell:Creating prefix script '/home/ubuntu/environment/HelloWorld/robot_ws/install/local_setup.zsh'
[2.509s] INFO:colcon.colcon_core.shell:Creating prefix chain script '/home/ubuntu/environment/HelloWorld/robot_ws/install/setup.zsh'
