Determining if the pthread_create exist failed with the following output:
Change Dir: /home/ubuntu/environment/HelloWorld/robot_ws/build/turtlebot3_description_reduced_mesh/CMakeFiles/CMakeTmp

Run Build Command:"/usr/bin/make" "cmTC_b3c85/fast"
/usr/bin/make -f CMakeFiles/cmTC_b3c85.dir/build.make CMakeFiles/cmTC_b3c85.dir/build
make[1]: Entering directory '/home/ubuntu/environment/HelloWorld/robot_ws/build/turtlebot3_description_reduced_mesh/CMakeFiles/CMakeTmp'
Building C object CMakeFiles/cmTC_b3c85.dir/CheckSymbolExists.c.o
/usr/bin/cc    -o CMakeFiles/cmTC_b3c85.dir/CheckSymbolExists.c.o   -c /home/ubuntu/environment/HelloWorld/robot_ws/build/turtlebot3_description_reduced_mesh/CMakeFiles/CMakeTmp/CheckSymbolExists.c
Linking C executable cmTC_b3c85
/usr/bin/cmake -E cmake_link_script CMakeFiles/cmTC_b3c85.dir/link.txt --verbose=1
/usr/bin/cc      -rdynamic CMakeFiles/cmTC_b3c85.dir/CheckSymbolExists.c.o  -o cmTC_b3c85 
CMakeFiles/cmTC_b3c85.dir/CheckSymbolExists.c.o: In function `main':
CheckSymbolExists.c:(.text+0x1b): undefined reference to `pthread_create'
collect2: error: ld returned 1 exit status
CMakeFiles/cmTC_b3c85.dir/build.make:97: recipe for target 'cmTC_b3c85' failed
make[1]: *** [cmTC_b3c85] Error 1
make[1]: Leaving directory '/home/ubuntu/environment/HelloWorld/robot_ws/build/turtlebot3_description_reduced_mesh/CMakeFiles/CMakeTmp'
Makefile:126: recipe for target 'cmTC_b3c85/fast' failed
make: *** [cmTC_b3c85/fast] Error 2

File /home/ubuntu/environment/HelloWorld/robot_ws/build/turtlebot3_description_reduced_mesh/CMakeFiles/CMakeTmp/CheckSymbolExists.c:
/* */
#include <pthread.h>

int main(int argc, char** argv)
{
  (void)argv;
#ifndef pthread_create
  return ((int*)(&pthread_create))[argc];
#else
  (void)argc;
  return 0;
#endif
}

Determining if the function pthread_create exists in the pthreads failed with the following output:
Change Dir: /home/ubuntu/environment/HelloWorld/robot_ws/build/turtlebot3_description_reduced_mesh/CMakeFiles/CMakeTmp

Run Build Command:"/usr/bin/make" "cmTC_b25bf/fast"
/usr/bin/make -f CMakeFiles/cmTC_b25bf.dir/build.make CMakeFiles/cmTC_b25bf.dir/build
make[1]: Entering directory '/home/ubuntu/environment/HelloWorld/robot_ws/build/turtlebot3_description_reduced_mesh/CMakeFiles/CMakeTmp'
Building C object CMakeFiles/cmTC_b25bf.dir/CheckFunctionExists.c.o
/usr/bin/cc   -DCHECK_FUNCTION_EXISTS=pthread_create   -o CMakeFiles/cmTC_b25bf.dir/CheckFunctionExists.c.o   -c /usr/share/cmake-3.10/Modules/CheckFunctionExists.c
Linking C executable cmTC_b25bf
/usr/bin/cmake -E cmake_link_script CMakeFiles/cmTC_b25bf.dir/link.txt --verbose=1
/usr/bin/cc  -DCHECK_FUNCTION_EXISTS=pthread_create    -rdynamic CMakeFiles/cmTC_b25bf.dir/CheckFunctionExists.c.o  -o cmTC_b25bf -lpthreads 
/usr/bin/ld: cannot find -lpthreads
collect2: error: ld returned 1 exit status
CMakeFiles/cmTC_b25bf.dir/build.make:97: recipe for target 'cmTC_b25bf' failed
make[1]: *** [cmTC_b25bf] Error 1
make[1]: Leaving directory '/home/ubuntu/environment/HelloWorld/robot_ws/build/turtlebot3_description_reduced_mesh/CMakeFiles/CMakeTmp'
Makefile:126: recipe for target 'cmTC_b25bf/fast' failed
make: *** [cmTC_b25bf/fast] Error 2


