[1.052s] DEBUG:colcon:Command line arguments: ['/usr/local/bin/colcon', 'bundle']
[1.053s] DEBUG:colcon:Parsed command line arguments: Namespace(apt_allow_insecure=False, apt_package_blacklist='/home/ubuntu/.local/lib/python3.6/site-packages/colcon_bundle/installer/assets/apt_package_blacklist.txt', apt_sources_list='/home/ubuntu/.local/lib/python3.6/site-packages/colcon_bundle/installer/assets/bionic.sources.list', base_paths=['.'], build_base='build', bundle_base='bundle', bundle_version=2, event_handlers=None, executor='parallel', ignore_user_meta=False, include_sources=False, install_base='install', log_base=None, log_level=None, main=<bound method BundleVerb.main of <colcon_bundle.verb.bundle.BundleVerb object at 0x7fc0d6181da0>>, merge_install=False, metas=['./colcon.meta'], packages_above=None, packages_above_and_dependencies=None, packages_above_depth=None, packages_end=None, packages_ignore=None, packages_ignore_regex=None, packages_select=None, packages_select_build_failed=False, packages_select_by_dep=None, packages_select_regex=None, packages_select_test_failures=False, packages_skip=None, packages_skip_build_finished=False, packages_skip_by_dep=None, packages_skip_regex=None, packages_skip_test_passed=False, packages_skip_up_to=None, packages_start=None, packages_up_to=None, packages_up_to_regex=None, parallel_workers=2, paths=None, pip3_args=None, pip3_requirements=None, pip_args=None, pip_requirements=None, upgrade=False, verb_extension=<colcon_bundle.verb.bundle.BundleVerb object at 0x7fc0d6181da0>, verb_name='bundle', verb_parser=<colcon_defaults.argument_parser.defaults.DefaultArgumentsDecorator object at 0x7fc0d56ffbe0>)
[1.110s] Level 1:colcon.colcon_core.package_discovery:discover_packages(colcon_meta) check parameters
[1.110s] Level 1:colcon.colcon_core.package_discovery:discover_packages(recursive) check parameters
[1.110s] Level 1:colcon.colcon_core.package_discovery:discover_packages(ignore) check parameters
[1.110s] Level 1:colcon.colcon_core.package_discovery:discover_packages(path) check parameters
[1.110s] Level 1:colcon.colcon_core.package_discovery:discover_packages(colcon_meta) discover
[1.111s] Level 1:colcon.colcon_core.package_discovery:discover_packages(recursive) discover
[1.111s] INFO:colcon.colcon_core.package_discovery:Crawling recursively for packages in '/home/ubuntu/environment/HelloWorld/simulation_ws'
[1.111s] Level 1:colcon.colcon_core.package_identification:_identify(.) by extensions ['ignore', 'ignore_ament_install']
[1.111s] Level 1:colcon.colcon_core.package_identification:_identify(.) by extension 'ignore'
[1.112s] Level 1:colcon.colcon_core.package_identification:_identify(.) by extension 'ignore_ament_install'
[1.112s] Level 1:colcon.colcon_core.package_identification:_identify(.) by extensions ['colcon_pkg']
[1.112s] Level 1:colcon.colcon_core.package_identification:_identify(.) by extension 'colcon_pkg'
[1.112s] Level 1:colcon.colcon_core.package_identification:_identify(.) by extensions ['colcon_meta']
[1.112s] Level 1:colcon.colcon_core.package_identification:_identify(.) by extension 'colcon_meta'
[1.112s] Level 1:colcon.colcon_core.package_identification:_identify(.) by extensions ['ros']
[1.112s] Level 1:colcon.colcon_core.package_identification:_identify(.) by extension 'ros'
[1.112s] Level 1:colcon.colcon_core.package_identification:_identify(.) by extensions ['cmake', 'python']
[1.112s] Level 1:colcon.colcon_core.package_identification:_identify(.) by extension 'cmake'
[1.112s] Level 1:colcon.colcon_core.package_identification:_identify(.) by extension 'python'
[1.112s] Level 1:colcon.colcon_core.package_identification:_identify(.) by extensions ['python_setup_py']
[1.112s] Level 1:colcon.colcon_core.package_identification:_identify(.) by extension 'python_setup_py'
[1.112s] Level 1:colcon.colcon_core.package_identification:_identify(build) by extensions ['ignore', 'ignore_ament_install']
[1.113s] Level 1:colcon.colcon_core.package_identification:_identify(build) by extension 'ignore'
[1.113s] Level 1:colcon.colcon_core.package_identification:_identify(build) ignored
[1.113s] Level 1:colcon.colcon_core.package_identification:_identify(bundle) by extensions ['ignore', 'ignore_ament_install']
[1.113s] Level 1:colcon.colcon_core.package_identification:_identify(bundle) by extension 'ignore'
[1.113s] Level 1:colcon.colcon_core.package_identification:_identify(bundle) ignored
[1.113s] Level 1:colcon.colcon_core.package_identification:_identify(install) by extensions ['ignore', 'ignore_ament_install']
[1.114s] Level 1:colcon.colcon_core.package_identification:_identify(install) by extension 'ignore'
[1.114s] Level 1:colcon.colcon_core.package_identification:_identify(install) ignored
[1.114s] Level 1:colcon.colcon_core.package_identification:_identify(log) by extensions ['ignore', 'ignore_ament_install']
[1.114s] Level 1:colcon.colcon_core.package_identification:_identify(log) by extension 'ignore'
[1.114s] Level 1:colcon.colcon_core.package_identification:_identify(log) ignored
[1.114s] Level 1:colcon.colcon_core.package_identification:_identify(src) by extensions ['ignore', 'ignore_ament_install']
[1.114s] Level 1:colcon.colcon_core.package_identification:_identify(src) by extension 'ignore'
[1.114s] Level 1:colcon.colcon_core.package_identification:_identify(src) by extension 'ignore_ament_install'
[1.114s] Level 1:colcon.colcon_core.package_identification:_identify(src) by extensions ['colcon_pkg']
[1.114s] Level 1:colcon.colcon_core.package_identification:_identify(src) by extension 'colcon_pkg'
[1.115s] Level 1:colcon.colcon_core.package_identification:_identify(src) by extensions ['colcon_meta']
[1.115s] Level 1:colcon.colcon_core.package_identification:_identify(src) by extension 'colcon_meta'
[1.115s] Level 1:colcon.colcon_core.package_identification:_identify(src) by extensions ['ros']
[1.115s] Level 1:colcon.colcon_core.package_identification:_identify(src) by extension 'ros'
[1.115s] Level 1:colcon.colcon_core.package_identification:_identify(src) by extensions ['cmake', 'python']
[1.115s] Level 1:colcon.colcon_core.package_identification:_identify(src) by extension 'cmake'
[1.115s] Level 1:colcon.colcon_core.package_identification:_identify(src) by extension 'python'
[1.115s] Level 1:colcon.colcon_core.package_identification:_identify(src) by extensions ['python_setup_py']
[1.115s] Level 1:colcon.colcon_core.package_identification:_identify(src) by extension 'python_setup_py'
[1.115s] Level 1:colcon.colcon_core.package_identification:_identify(src/deps) by extensions ['ignore', 'ignore_ament_install']
[1.115s] Level 1:colcon.colcon_core.package_identification:_identify(src/deps) by extension 'ignore'
[1.115s] Level 1:colcon.colcon_core.package_identification:_identify(src/deps) by extension 'ignore_ament_install'
[1.116s] Level 1:colcon.colcon_core.package_identification:_identify(src/deps) by extensions ['colcon_pkg']
[1.116s] Level 1:colcon.colcon_core.package_identification:_identify(src/deps) by extension 'colcon_pkg'
[1.116s] Level 1:colcon.colcon_core.package_identification:_identify(src/deps) by extensions ['colcon_meta']
[1.116s] Level 1:colcon.colcon_core.package_identification:_identify(src/deps) by extension 'colcon_meta'
[1.116s] Level 1:colcon.colcon_core.package_identification:_identify(src/deps) by extensions ['ros']
[1.116s] Level 1:colcon.colcon_core.package_identification:_identify(src/deps) by extension 'ros'
[1.116s] Level 1:colcon.colcon_core.package_identification:_identify(src/deps) by extensions ['cmake', 'python']
[1.116s] Level 1:colcon.colcon_core.package_identification:_identify(src/deps) by extension 'cmake'
[1.116s] Level 1:colcon.colcon_core.package_identification:_identify(src/deps) by extension 'python'
[1.116s] Level 1:colcon.colcon_core.package_identification:_identify(src/deps) by extensions ['python_setup_py']
[1.116s] Level 1:colcon.colcon_core.package_identification:_identify(src/deps) by extension 'python_setup_py'
[1.116s] Level 1:colcon.colcon_core.package_identification:_identify(src/deps/turtlebot3-description-reduced-mesh) by extensions ['ignore', 'ignore_ament_install']
[1.116s] Level 1:colcon.colcon_core.package_identification:_identify(src/deps/turtlebot3-description-reduced-mesh) by extension 'ignore'
[1.117s] Level 1:colcon.colcon_core.package_identification:_identify(src/deps/turtlebot3-description-reduced-mesh) by extension 'ignore_ament_install'
[1.117s] Level 1:colcon.colcon_core.package_identification:_identify(src/deps/turtlebot3-description-reduced-mesh) by extensions ['colcon_pkg']
[1.117s] Level 1:colcon.colcon_core.package_identification:_identify(src/deps/turtlebot3-description-reduced-mesh) by extension 'colcon_pkg'
[1.117s] Level 1:colcon.colcon_core.package_identification:_identify(src/deps/turtlebot3-description-reduced-mesh) by extensions ['colcon_meta']
[1.117s] Level 1:colcon.colcon_core.package_identification:_identify(src/deps/turtlebot3-description-reduced-mesh) by extension 'colcon_meta'
[1.117s] Level 1:colcon.colcon_core.package_identification:_identify(src/deps/turtlebot3-description-reduced-mesh) by extensions ['ros']
[1.117s] Level 1:colcon.colcon_core.package_identification:_identify(src/deps/turtlebot3-description-reduced-mesh) by extension 'ros'
[1.120s] DEBUG:colcon.colcon_core.package_identification:Package 'src/deps/turtlebot3-description-reduced-mesh' with type 'ros.catkin' and name 'turtlebot3_description_reduced_mesh'
[1.121s] Level 1:colcon.colcon_core.package_identification:_identify(src/hello_world_simulation) by extensions ['ignore', 'ignore_ament_install']
[1.121s] Level 1:colcon.colcon_core.package_identification:_identify(src/hello_world_simulation) by extension 'ignore'
[1.121s] Level 1:colcon.colcon_core.package_identification:_identify(src/hello_world_simulation) by extension 'ignore_ament_install'
[1.121s] Level 1:colcon.colcon_core.package_identification:_identify(src/hello_world_simulation) by extensions ['colcon_pkg']
[1.121s] Level 1:colcon.colcon_core.package_identification:_identify(src/hello_world_simulation) by extension 'colcon_pkg'
[1.121s] Level 1:colcon.colcon_core.package_identification:_identify(src/hello_world_simulation) by extensions ['colcon_meta']
[1.121s] Level 1:colcon.colcon_core.package_identification:_identify(src/hello_world_simulation) by extension 'colcon_meta'
[1.121s] Level 1:colcon.colcon_core.package_identification:_identify(src/hello_world_simulation) by extensions ['ros']
[1.121s] Level 1:colcon.colcon_core.package_identification:_identify(src/hello_world_simulation) by extension 'ros'
[1.122s] DEBUG:colcon.colcon_core.package_identification:Package 'src/hello_world_simulation' with type 'ros.catkin' and name 'hello_world_simulation'
[1.122s] Level 1:colcon.colcon_core.package_discovery:discover_packages(recursive) using defaults
[1.122s] Level 1:colcon.colcon_core.package_discovery:discover_packages(ignore) discover
[1.122s] Level 1:colcon.colcon_core.package_discovery:discover_packages(ignore) using defaults
[1.122s] Level 1:colcon.colcon_core.package_discovery:discover_packages(path) discover
[1.122s] Level 1:colcon.colcon_core.package_discovery:discover_packages(path) using defaults
[17.653s] INFO:colcon.colcon_bundle.verb:Adding python3-pip to install list
[17.654s] INFO:colcon.colcon_bundle.verb:Found these versions of python3-pip
[17.654s] INFO:colcon.colcon_bundle.verb:[python3-pip=9.0.1-2.3~ubuntu1.18.04.4, python3-pip=9.0.1-2]
[17.748s] INFO:colcon.colcon_bundle.verb:Adding python-pip to install list
[17.749s] INFO:colcon.colcon_bundle.verb:Found these versions of python-pip
[17.749s] INFO:colcon.colcon_bundle.verb:[python-pip=9.0.1-2.3~ubuntu1.18.04.4, python-pip=9.0.1-2]
[17.785s] INFO:colcon.colcon_bundle.verb:Checking if dependency tarball exists...
[17.785s] INFO:colcon.colcon_bundle.verb:Including ['hello_world_simulation', 'turtlebot3_description_reduced_mesh'] in bundle...
[17.818s] DEBUG:colcon.colcon_bundle.verb:Bundling package hello_world_simulation with the following arguments: {'build_base': '/home/ubuntu/environment/HelloWorld/simulation_ws/build/hello_world_simulation', 'bundle_base': '/home/ubuntu/environment/HelloWorld/simulation_ws/bundle', 'install_base': '/home/ubuntu/environment/HelloWorld/simulation_ws/install/hello_world_simulation', 'installers': OrderedDict([('apt', <colcon_bundle.installer.apt.AptBundleInstallerExtension object at 0x7fc0d6fc6908>), ('rdmanifest', <colcon_ros_bundle.installer.rdmanifest.RdmanifestBundleInstallerExtensionPoint object at 0x7fc0d5378e80>), ('pip', <colcon_bundle.installer.pip.PipBundleInstallerExtensionPoint object at 0x7fc0d5329228>), ('pip3', <colcon_bundle.installer.pip3.Pip3BundleInstallerExtensionPoint object at 0x7fc0d5329288>)])}
[17.850s] DEBUG:colcon.colcon_bundle.verb:Bundling package turtlebot3_description_reduced_mesh with the following arguments: {'build_base': '/home/ubuntu/environment/HelloWorld/simulation_ws/build/turtlebot3_description_reduced_mesh', 'bundle_base': '/home/ubuntu/environment/HelloWorld/simulation_ws/bundle', 'install_base': '/home/ubuntu/environment/HelloWorld/simulation_ws/install/turtlebot3_description_reduced_mesh', 'installers': OrderedDict([('apt', <colcon_bundle.installer.apt.AptBundleInstallerExtension object at 0x7fc0d6fc6908>), ('rdmanifest', <colcon_ros_bundle.installer.rdmanifest.RdmanifestBundleInstallerExtensionPoint object at 0x7fc0d5378e80>), ('pip', <colcon_bundle.installer.pip.PipBundleInstallerExtensionPoint object at 0x7fc0d5329228>), ('pip3', <colcon_bundle.installer.pip3.Pip3BundleInstallerExtensionPoint object at 0x7fc0d5329288>)])}
[17.854s] INFO:colcon.colcon_core.executor:Executing jobs using 'parallel' executor
[17.886s] DEBUG:colcon.colcon_parallel_executor.executor.parallel:run_until_complete
[17.886s] INFO:colcon.colcon_ros_bundle.task:Bundling ROS package in "src/hello_world_simulation" with build type "catkin"
[17.981s] INFO:colcon.colcon_bundle.verb:Adding ros-melodic-turtlebot3-description to install list
[17.981s] INFO:colcon.colcon_bundle.verb:Found these versions of ros-melodic-turtlebot3-description
[17.981s] INFO:colcon.colcon_bundle.verb:[ros-melodic-turtlebot3-description=1.2.5-1bionic.20210115.144820]
[18.076s] INFO:colcon.colcon_ros_bundle.task:Resolved turtlebot3_description to ['ros-melodic-turtlebot3-description'] for apt
[18.076s] INFO:colcon.colcon_bundle.verb:Adding ros-melodic-gazebo-ros to install list
[18.076s] INFO:colcon.colcon_bundle.verb:Found these versions of ros-melodic-gazebo-ros
[18.076s] INFO:colcon.colcon_bundle.verb:[ros-melodic-gazebo-ros=2.8.7-1bionic.20210112.185505]
[18.164s] INFO:colcon.colcon_ros_bundle.task:Resolved gazebo_ros to ['ros-melodic-gazebo-ros'] for apt
[18.164s] INFO:colcon.colcon_bundle.verb:Adding gazebo9 to install list
[18.164s] INFO:colcon.colcon_bundle.verb:Found these versions of gazebo9
[18.164s] INFO:colcon.colcon_bundle.verb:[gazebo9=9.16.0-1~bionic, gazebo9=9.0.0+dfsg5-3ubuntu1+ppa2, gazebo9=9.0.0+dfsg5-3ubuntu1]
[18.165s] INFO:colcon.colcon_ros_bundle.task:Resolved gazebo to ['gazebo9'] for apt
[18.165s] INFO:colcon.colcon_bundle.verb:Adding ros-melodic-gazebo-plugins to install list
[18.165s] INFO:colcon.colcon_bundle.verb:Found these versions of ros-melodic-gazebo-plugins
[18.165s] INFO:colcon.colcon_bundle.verb:[ros-melodic-gazebo-plugins=2.8.7-1bionic.20210112.190120]
[18.204s] INFO:colcon.colcon_ros_bundle.task:Resolved gazebo_plugins to ['ros-melodic-gazebo-plugins'] for apt
[18.204s] INFO:colcon.colcon_ros_bundle.task:Including ros-base
[18.204s] INFO:colcon.colcon_bundle.verb:Adding ros-melodic-ros-base to install list
[18.204s] INFO:colcon.colcon_bundle.verb:Found these versions of ros-melodic-ros-base
[18.205s] INFO:colcon.colcon_bundle.verb:[ros-melodic-ros-base=1.4.1-0bionic.20210112.183921]
[18.243s] INFO:colcon.colcon_ros_bundle.task:Bundling ROS package in "src/deps/turtlebot3-description-reduced-mesh" with build type "catkin"
[18.328s] INFO:colcon.colcon_bundle.verb:Adding ros-melodic-joint-state-publisher to install list
[18.329s] INFO:colcon.colcon_bundle.verb:Found these versions of ros-melodic-joint-state-publisher
[18.329s] INFO:colcon.colcon_bundle.verb:[ros-melodic-joint-state-publisher=1.12.15-1bionic.20210112.181549]
[18.372s] INFO:colcon.colcon_ros_bundle.task:Resolved joint_state_publisher to ['ros-melodic-joint-state-publisher'] for apt
[18.372s] INFO:colcon.colcon_bundle.verb:Adding ros-melodic-gazebo-ros to install list
[18.373s] INFO:colcon.colcon_bundle.verb:Found these versions of ros-melodic-gazebo-ros
[18.373s] INFO:colcon.colcon_bundle.verb:[ros-melodic-gazebo-ros=2.8.7-1bionic.20210112.185505]
[18.373s] INFO:colcon.colcon_ros_bundle.task:Resolved gazebo_ros to ['ros-melodic-gazebo-ros'] for apt
[18.373s] INFO:colcon.colcon_bundle.verb:Adding gazebo9 to install list
[18.373s] INFO:colcon.colcon_bundle.verb:Found these versions of gazebo9
[18.373s] INFO:colcon.colcon_bundle.verb:[gazebo9=9.16.0-1~bionic, gazebo9=9.0.0+dfsg5-3ubuntu1+ppa2, gazebo9=9.0.0+dfsg5-3ubuntu1]
[18.373s] INFO:colcon.colcon_ros_bundle.task:Resolved gazebo to ['gazebo9'] for apt
[18.373s] INFO:colcon.colcon_bundle.verb:Adding ros-melodic-gazebo-plugins to install list
[18.374s] INFO:colcon.colcon_bundle.verb:Found these versions of ros-melodic-gazebo-plugins
[18.374s] INFO:colcon.colcon_bundle.verb:[ros-melodic-gazebo-plugins=2.8.7-1bionic.20210112.190120]
[18.374s] INFO:colcon.colcon_ros_bundle.task:Resolved gazebo_plugins to ['ros-melodic-gazebo-plugins'] for apt
[18.374s] INFO:colcon.colcon_ros_bundle.task:Including ros-base
[18.374s] INFO:colcon.colcon_bundle.verb:Adding ros-melodic-ros-base to install list
[18.374s] INFO:colcon.colcon_bundle.verb:Found these versions of ros-melodic-ros-base
[18.374s] INFO:colcon.colcon_bundle.verb:[ros-melodic-ros-base=1.4.1-0bionic.20210112.183921]
[18.379s] DEBUG:colcon.colcon_parallel_executor.executor.parallel:closing loop
[18.379s] DEBUG:colcon.colcon_parallel_executor.executor.parallel:loop closed
[18.379s] DEBUG:colcon.colcon_parallel_executor.executor.parallel:run_until_complete finished with '0'
[18.380s] DEBUG:colcon.colcon_core.event_reactor:joining thread
[18.396s] INFO:colcon.colcon_core.plugin_system:Skipping extension 'colcon_notification.desktop_notification.notify_send': Could not find 'notify-send'
[18.396s] INFO:colcon.colcon_core.plugin_system:Skipping extension 'colcon_notification.desktop_notification.terminal_notifier': Not used on non-Darwin systems
[18.396s] INFO:colcon.colcon_core.plugin_system:Skipping extension 'colcon_notification.desktop_notification.win32': Not used on non-Windows systems
[18.396s] INFO:colcon.colcon_notification.desktop_notification:Sending desktop notification using 'notify2'
[18.396s] DEBUG:colcon.colcon_notification.desktop_notification.notify2:Failed to initialize notify2: org.freedesktop.DBus.Error.NotSupported: Unable to autolaunch a dbus-daemon without a $DISPLAY for X11
[18.396s] DEBUG:colcon.colcon_core.event_reactor:joined thread
[18.397s] DEBUG:colcon.colcon_bundle.verb:Hash for current dependencies: {"hello_world_simulation": "2808e678cb2dba0193e4b1d5b9f1a1086a098300921fb4c8b44564304b71562e", "turtlebot3_description_reduced_mesh": "3a0562c39170fe811accede448ef86a639e2626000311305addcbf0f42b470a4"}
[18.397s] INFO:colcon.colcon_bundle.verb:Checking if local dependencies have changed since last bundle...
[18.397s] INFO:colcon.colcon_bundle.verb:Local dependencies not changed, skipping dependencies update...
[18.397s] INFO:colcon.colcon_bundle.verb:Archiving the bundle output
[18.397s] DEBUG:colcon.colcon_bundle.verb:Start: workspace.tar.gz
[18.495s] INFO:colcon.colcon_bundle.verb:Starting shebang update...
[18.496s] INFO:colcon.colcon_bundle.verb:Found shebang in /home/ubuntu/environment/HelloWorld/simulation_ws/bundle/cache/workspace_staging/setup.sh
[18.496s] DEBUG:colcon.colcon_bundle.verb:Valid shebang for /home/ubuntu/environment/HelloWorld/simulation_ws/bundle/cache/workspace_staging/setup.sh.Skipping.
[18.496s] INFO:colcon.colcon_bundle.verb:Found shebang in /home/ubuntu/environment/HelloWorld/simulation_ws/bundle/cache/workspace_staging/setup.bash
[18.496s] DEBUG:colcon.colcon_bundle.verb:Valid shebang for /home/ubuntu/environment/HelloWorld/simulation_ws/bundle/cache/workspace_staging/setup.bash.Skipping.
[18.562s] INFO:colcon.colcon_bundle.verb:Creating tar of /home/ubuntu/environment/HelloWorld/simulation_ws/bundle/cache/workspace_staging
[20.356s] DEBUG:colcon.colcon_bundle.verb:End: workspace.tar.gz
[20.356s] DEBUG:colcon.colcon_bundle.verb:Start: dependencies.tar.gz
[20.356s] DEBUG:colcon.colcon_bundle.verb:End: dependencies.tar.gz
[20.356s] DEBUG:colcon.colcon_bundle.verb:Start: bundle.tar
[20.434s] DEBUG:colcon.colcon_bundle.verb.bundlefile:Start: Bundle
[20.435s] DEBUG:colcon.colcon_bundle.verb.bundlefile:Start: metadata
[22.341s] DEBUG:colcon.colcon_bundle.verb.bundlefile:End: metadata
[22.341s] DEBUG:colcon.colcon_bundle.verb.bundlefile:Start: pad
[22.351s] DEBUG:colcon.colcon_bundle.verb.bundlefile:End: pad
[22.351s] INFO:colcon.colcon_bundle.verb.bundlefile:Start tar overlay file: /home/ubuntu/environment/HelloWorld/simulation_ws/bundle/cache/dependencies.tar.gz
[23.052s] INFO:colcon.colcon_bundle.verb.bundlefile:End tar overlay file: /home/ubuntu/environment/HelloWorld/simulation_ws/bundle/cache/dependencies.tar.gz
[23.052s] INFO:colcon.colcon_bundle.verb.bundlefile:Start tar overlay file: /home/ubuntu/environment/HelloWorld/simulation_ws/bundle/cache/workspace.tar.gz
[23.068s] INFO:colcon.colcon_bundle.verb.bundlefile:End tar overlay file: /home/ubuntu/environment/HelloWorld/simulation_ws/bundle/cache/workspace.tar.gz
[32.966s] DEBUG:colcon.colcon_bundle.verb.bundlefile:End: Bundle
[32.967s] DEBUG:colcon.colcon_bundle.verb:End: bundle.tar
[32.967s] INFO:colcon.colcon_bundle.verb:Archiving complete
