[1.069s] DEBUG:colcon:Command line arguments: ['/usr/local/bin/colcon', 'bundle']
[1.070s] DEBUG:colcon:Parsed command line arguments: Namespace(apt_allow_insecure=False, apt_package_blacklist='/home/ubuntu/.local/lib/python3.6/site-packages/colcon_bundle/installer/assets/apt_package_blacklist.txt', apt_sources_list='/home/ubuntu/.local/lib/python3.6/site-packages/colcon_bundle/installer/assets/bionic.sources.list', base_paths=['.'], build_base='build', bundle_base='bundle', bundle_version=2, event_handlers=None, executor='parallel', ignore_user_meta=False, include_sources=False, install_base='install', log_base=None, log_level=None, main=<bound method BundleVerb.main of <colcon_bundle.verb.bundle.BundleVerb object at 0x7f7aa3ecf748>>, merge_install=False, metas=['./colcon.meta'], packages_above=None, packages_above_and_dependencies=None, packages_above_depth=None, packages_end=None, packages_ignore=None, packages_ignore_regex=None, packages_select=None, packages_select_build_failed=False, packages_select_by_dep=None, packages_select_regex=None, packages_select_test_failures=False, packages_skip=None, packages_skip_build_finished=False, packages_skip_by_dep=None, packages_skip_regex=None, packages_skip_test_passed=False, packages_skip_up_to=None, packages_start=None, packages_up_to=None, packages_up_to_regex=None, parallel_workers=2, paths=None, pip3_args=None, pip3_requirements=None, pip_args=None, pip_requirements=None, upgrade=False, verb_extension=<colcon_bundle.verb.bundle.BundleVerb object at 0x7f7aa3ecf748>, verb_name='bundle', verb_parser=<colcon_defaults.argument_parser.defaults.DefaultArgumentsDecorator object at 0x7f7aa3eb2d30>)
[1.124s] Level 1:colcon.colcon_core.package_discovery:discover_packages(colcon_meta) check parameters
[1.124s] Level 1:colcon.colcon_core.package_discovery:discover_packages(recursive) check parameters
[1.124s] Level 1:colcon.colcon_core.package_discovery:discover_packages(ignore) check parameters
[1.124s] Level 1:colcon.colcon_core.package_discovery:discover_packages(path) check parameters
[1.124s] Level 1:colcon.colcon_core.package_discovery:discover_packages(colcon_meta) discover
[1.124s] Level 1:colcon.colcon_core.package_discovery:discover_packages(recursive) discover
[1.124s] INFO:colcon.colcon_core.package_discovery:Crawling recursively for packages in '/home/ubuntu/environment/HelloWorld/robot_ws'
[1.125s] Level 1:colcon.colcon_core.package_identification:_identify(.) by extensions ['ignore', 'ignore_ament_install']
[1.125s] Level 1:colcon.colcon_core.package_identification:_identify(.) by extension 'ignore'
[1.125s] Level 1:colcon.colcon_core.package_identification:_identify(.) by extension 'ignore_ament_install'
[1.125s] Level 1:colcon.colcon_core.package_identification:_identify(.) by extensions ['colcon_pkg']
[1.125s] Level 1:colcon.colcon_core.package_identification:_identify(.) by extension 'colcon_pkg'
[1.125s] Level 1:colcon.colcon_core.package_identification:_identify(.) by extensions ['colcon_meta']
[1.125s] Level 1:colcon.colcon_core.package_identification:_identify(.) by extension 'colcon_meta'
[1.125s] Level 1:colcon.colcon_core.package_identification:_identify(.) by extensions ['ros']
[1.125s] Level 1:colcon.colcon_core.package_identification:_identify(.) by extension 'ros'
[1.125s] Level 1:colcon.colcon_core.package_identification:_identify(.) by extensions ['cmake', 'python']
[1.126s] Level 1:colcon.colcon_core.package_identification:_identify(.) by extension 'cmake'
[1.126s] Level 1:colcon.colcon_core.package_identification:_identify(.) by extension 'python'
[1.126s] Level 1:colcon.colcon_core.package_identification:_identify(.) by extensions ['python_setup_py']
[1.126s] Level 1:colcon.colcon_core.package_identification:_identify(.) by extension 'python_setup_py'
[1.126s] Level 1:colcon.colcon_core.package_identification:_identify(build) by extensions ['ignore', 'ignore_ament_install']
[1.126s] Level 1:colcon.colcon_core.package_identification:_identify(build) by extension 'ignore'
[1.126s] Level 1:colcon.colcon_core.package_identification:_identify(build) ignored
[1.126s] Level 1:colcon.colcon_core.package_identification:_identify(bundle) by extensions ['ignore', 'ignore_ament_install']
[1.127s] Level 1:colcon.colcon_core.package_identification:_identify(bundle) by extension 'ignore'
[1.127s] Level 1:colcon.colcon_core.package_identification:_identify(bundle) ignored
[1.127s] Level 1:colcon.colcon_core.package_identification:_identify(install) by extensions ['ignore', 'ignore_ament_install']
[1.127s] Level 1:colcon.colcon_core.package_identification:_identify(install) by extension 'ignore'
[1.127s] Level 1:colcon.colcon_core.package_identification:_identify(install) ignored
[1.127s] Level 1:colcon.colcon_core.package_identification:_identify(log) by extensions ['ignore', 'ignore_ament_install']
[1.127s] Level 1:colcon.colcon_core.package_identification:_identify(log) by extension 'ignore'
[1.127s] Level 1:colcon.colcon_core.package_identification:_identify(log) ignored
[1.127s] Level 1:colcon.colcon_core.package_identification:_identify(src) by extensions ['ignore', 'ignore_ament_install']
[1.128s] Level 1:colcon.colcon_core.package_identification:_identify(src) by extension 'ignore'
[1.128s] Level 1:colcon.colcon_core.package_identification:_identify(src) by extension 'ignore_ament_install'
[1.128s] Level 1:colcon.colcon_core.package_identification:_identify(src) by extensions ['colcon_pkg']
[1.128s] Level 1:colcon.colcon_core.package_identification:_identify(src) by extension 'colcon_pkg'
[1.128s] Level 1:colcon.colcon_core.package_identification:_identify(src) by extensions ['colcon_meta']
[1.128s] Level 1:colcon.colcon_core.package_identification:_identify(src) by extension 'colcon_meta'
[1.128s] Level 1:colcon.colcon_core.package_identification:_identify(src) by extensions ['ros']
[1.128s] Level 1:colcon.colcon_core.package_identification:_identify(src) by extension 'ros'
[1.128s] Level 1:colcon.colcon_core.package_identification:_identify(src) by extensions ['cmake', 'python']
[1.128s] Level 1:colcon.colcon_core.package_identification:_identify(src) by extension 'cmake'
[1.128s] Level 1:colcon.colcon_core.package_identification:_identify(src) by extension 'python'
[1.128s] Level 1:colcon.colcon_core.package_identification:_identify(src) by extensions ['python_setup_py']
[1.128s] Level 1:colcon.colcon_core.package_identification:_identify(src) by extension 'python_setup_py'
[1.128s] Level 1:colcon.colcon_core.package_identification:_identify(src/deps) by extensions ['ignore', 'ignore_ament_install']
[1.129s] Level 1:colcon.colcon_core.package_identification:_identify(src/deps) by extension 'ignore'
[1.129s] Level 1:colcon.colcon_core.package_identification:_identify(src/deps) by extension 'ignore_ament_install'
[1.129s] Level 1:colcon.colcon_core.package_identification:_identify(src/deps) by extensions ['colcon_pkg']
[1.129s] Level 1:colcon.colcon_core.package_identification:_identify(src/deps) by extension 'colcon_pkg'
[1.129s] Level 1:colcon.colcon_core.package_identification:_identify(src/deps) by extensions ['colcon_meta']
[1.129s] Level 1:colcon.colcon_core.package_identification:_identify(src/deps) by extension 'colcon_meta'
[1.129s] Level 1:colcon.colcon_core.package_identification:_identify(src/deps) by extensions ['ros']
[1.129s] Level 1:colcon.colcon_core.package_identification:_identify(src/deps) by extension 'ros'
[1.129s] Level 1:colcon.colcon_core.package_identification:_identify(src/deps) by extensions ['cmake', 'python']
[1.129s] Level 1:colcon.colcon_core.package_identification:_identify(src/deps) by extension 'cmake'
[1.129s] Level 1:colcon.colcon_core.package_identification:_identify(src/deps) by extension 'python'
[1.129s] Level 1:colcon.colcon_core.package_identification:_identify(src/deps) by extensions ['python_setup_py']
[1.129s] Level 1:colcon.colcon_core.package_identification:_identify(src/deps) by extension 'python_setup_py'
[1.130s] Level 1:colcon.colcon_core.package_identification:_identify(src/deps/turtlebot3-description-reduced-mesh) by extensions ['ignore', 'ignore_ament_install']
[1.130s] Level 1:colcon.colcon_core.package_identification:_identify(src/deps/turtlebot3-description-reduced-mesh) by extension 'ignore'
[1.130s] Level 1:colcon.colcon_core.package_identification:_identify(src/deps/turtlebot3-description-reduced-mesh) by extension 'ignore_ament_install'
[1.130s] Level 1:colcon.colcon_core.package_identification:_identify(src/deps/turtlebot3-description-reduced-mesh) by extensions ['colcon_pkg']
[1.130s] Level 1:colcon.colcon_core.package_identification:_identify(src/deps/turtlebot3-description-reduced-mesh) by extension 'colcon_pkg'
[1.130s] Level 1:colcon.colcon_core.package_identification:_identify(src/deps/turtlebot3-description-reduced-mesh) by extensions ['colcon_meta']
[1.130s] Level 1:colcon.colcon_core.package_identification:_identify(src/deps/turtlebot3-description-reduced-mesh) by extension 'colcon_meta'
[1.130s] Level 1:colcon.colcon_core.package_identification:_identify(src/deps/turtlebot3-description-reduced-mesh) by extensions ['ros']
[1.130s] Level 1:colcon.colcon_core.package_identification:_identify(src/deps/turtlebot3-description-reduced-mesh) by extension 'ros'
[1.134s] DEBUG:colcon.colcon_core.package_identification:Package 'src/deps/turtlebot3-description-reduced-mesh' with type 'ros.catkin' and name 'turtlebot3_description_reduced_mesh'
[1.134s] Level 1:colcon.colcon_core.package_identification:_identify(src/hello_world_robot) by extensions ['ignore', 'ignore_ament_install']
[1.134s] Level 1:colcon.colcon_core.package_identification:_identify(src/hello_world_robot) by extension 'ignore'
[1.134s] Level 1:colcon.colcon_core.package_identification:_identify(src/hello_world_robot) by extension 'ignore_ament_install'
[1.134s] Level 1:colcon.colcon_core.package_identification:_identify(src/hello_world_robot) by extensions ['colcon_pkg']
[1.134s] Level 1:colcon.colcon_core.package_identification:_identify(src/hello_world_robot) by extension 'colcon_pkg'
[1.134s] Level 1:colcon.colcon_core.package_identification:_identify(src/hello_world_robot) by extensions ['colcon_meta']
[1.134s] Level 1:colcon.colcon_core.package_identification:_identify(src/hello_world_robot) by extension 'colcon_meta'
[1.134s] Level 1:colcon.colcon_core.package_identification:_identify(src/hello_world_robot) by extensions ['ros']
[1.134s] Level 1:colcon.colcon_core.package_identification:_identify(src/hello_world_robot) by extension 'ros'
[1.137s] DEBUG:colcon.colcon_core.package_identification:Package 'src/hello_world_robot' with type 'ros.catkin' and name 'hello_world_robot'
[1.137s] Level 1:colcon.colcon_core.package_discovery:discover_packages(recursive) using defaults
[1.137s] Level 1:colcon.colcon_core.package_discovery:discover_packages(ignore) discover
[1.137s] Level 1:colcon.colcon_core.package_discovery:discover_packages(ignore) using defaults
[1.137s] Level 1:colcon.colcon_core.package_discovery:discover_packages(path) discover
[1.137s] Level 1:colcon.colcon_core.package_discovery:discover_packages(path) using defaults
[27.348s] INFO:colcon.colcon_bundle.verb:Adding python3-pip to install list
[27.348s] INFO:colcon.colcon_bundle.verb:Found these versions of python3-pip
[27.348s] INFO:colcon.colcon_bundle.verb:[python3-pip=9.0.1-2.3~ubuntu1.18.04.4, python3-pip=9.0.1-2]
[27.448s] INFO:colcon.colcon_bundle.verb:Adding python-pip to install list
[27.449s] INFO:colcon.colcon_bundle.verb:Found these versions of python-pip
[27.449s] INFO:colcon.colcon_bundle.verb:[python-pip=9.0.1-2.3~ubuntu1.18.04.4, python-pip=9.0.1-2]
[27.489s] INFO:colcon.colcon_bundle.verb:Checking if dependency tarball exists...
[27.489s] INFO:colcon.colcon_bundle.verb:Including ['turtlebot3_description_reduced_mesh', 'hello_world_robot'] in bundle...
[27.523s] DEBUG:colcon.colcon_bundle.verb:Bundling package turtlebot3_description_reduced_mesh with the following arguments: {'build_base': '/home/ubuntu/environment/HelloWorld/robot_ws/build/turtlebot3_description_reduced_mesh', 'bundle_base': '/home/ubuntu/environment/HelloWorld/robot_ws/bundle', 'install_base': '/home/ubuntu/environment/HelloWorld/robot_ws/install/turtlebot3_description_reduced_mesh', 'installers': OrderedDict([('apt', <colcon_bundle.installer.apt.AptBundleInstallerExtension object at 0x7f7aa3dfa588>), ('rdmanifest', <colcon_ros_bundle.installer.rdmanifest.RdmanifestBundleInstallerExtensionPoint object at 0x7f7aa3d0a748>), ('pip', <colcon_bundle.installer.pip.PipBundleInstallerExtensionPoint object at 0x7f7aa3adb348>), ('pip3', <colcon_bundle.installer.pip3.Pip3BundleInstallerExtensionPoint object at 0x7f7aa3adb3a8>)])}
[27.555s] DEBUG:colcon.colcon_bundle.verb:Bundling package hello_world_robot with the following arguments: {'build_base': '/home/ubuntu/environment/HelloWorld/robot_ws/build/hello_world_robot', 'bundle_base': '/home/ubuntu/environment/HelloWorld/robot_ws/bundle', 'install_base': '/home/ubuntu/environment/HelloWorld/robot_ws/install/hello_world_robot', 'installers': OrderedDict([('apt', <colcon_bundle.installer.apt.AptBundleInstallerExtension object at 0x7f7aa3dfa588>), ('rdmanifest', <colcon_ros_bundle.installer.rdmanifest.RdmanifestBundleInstallerExtensionPoint object at 0x7f7aa3d0a748>), ('pip', <colcon_bundle.installer.pip.PipBundleInstallerExtensionPoint object at 0x7f7aa3adb348>), ('pip3', <colcon_bundle.installer.pip3.Pip3BundleInstallerExtensionPoint object at 0x7f7aa3adb3a8>)])}
[27.560s] INFO:colcon.colcon_core.executor:Executing jobs using 'parallel' executor
[27.592s] DEBUG:colcon.colcon_parallel_executor.executor.parallel:run_until_complete
[27.593s] INFO:colcon.colcon_ros_bundle.task:Bundling ROS package in "src/deps/turtlebot3-description-reduced-mesh" with build type "catkin"
[27.690s] INFO:colcon.colcon_bundle.verb:Adding ros-melodic-joint-state-publisher to install list
[27.690s] INFO:colcon.colcon_bundle.verb:Found these versions of ros-melodic-joint-state-publisher
[27.690s] INFO:colcon.colcon_bundle.verb:[ros-melodic-joint-state-publisher=1.12.15-1bionic.20210112.181549]
[27.791s] INFO:colcon.colcon_ros_bundle.task:Resolved joint_state_publisher to ['ros-melodic-joint-state-publisher'] for apt
[27.791s] INFO:colcon.colcon_bundle.verb:Adding ros-melodic-gazebo-plugins to install list
[27.791s] INFO:colcon.colcon_bundle.verb:Found these versions of ros-melodic-gazebo-plugins
[27.791s] INFO:colcon.colcon_bundle.verb:[ros-melodic-gazebo-plugins=2.8.7-1bionic.20210112.190120]
[27.883s] INFO:colcon.colcon_ros_bundle.task:Resolved gazebo_plugins to ['ros-melodic-gazebo-plugins'] for apt
[27.883s] INFO:colcon.colcon_bundle.verb:Adding ros-melodic-gazebo-ros to install list
[27.883s] INFO:colcon.colcon_bundle.verb:Found these versions of ros-melodic-gazebo-ros
[27.884s] INFO:colcon.colcon_bundle.verb:[ros-melodic-gazebo-ros=2.8.7-1bionic.20210112.185505]
[27.884s] INFO:colcon.colcon_ros_bundle.task:Resolved gazebo_ros to ['ros-melodic-gazebo-ros'] for apt
[27.884s] INFO:colcon.colcon_bundle.verb:Adding gazebo9 to install list
[27.884s] INFO:colcon.colcon_bundle.verb:Found these versions of gazebo9
[27.884s] INFO:colcon.colcon_bundle.verb:[gazebo9=9.16.0-1~bionic, gazebo9=9.0.0+dfsg5-3ubuntu1+ppa2, gazebo9=9.0.0+dfsg5-3ubuntu1]
[27.884s] INFO:colcon.colcon_ros_bundle.task:Resolved gazebo to ['gazebo9'] for apt
[27.884s] INFO:colcon.colcon_ros_bundle.task:Including ros-base
[27.884s] INFO:colcon.colcon_bundle.verb:Adding ros-melodic-ros-base to install list
[27.884s] INFO:colcon.colcon_bundle.verb:Found these versions of ros-melodic-ros-base
[27.884s] INFO:colcon.colcon_bundle.verb:[ros-melodic-ros-base=1.4.1-0bionic.20210112.183921]
[27.927s] INFO:colcon.colcon_ros_bundle.task:Bundling ROS package in "src/hello_world_robot" with build type "catkin"
[28.014s] INFO:colcon.colcon_bundle.verb:Adding ros-melodic-interactive-markers to install list
[28.014s] INFO:colcon.colcon_bundle.verb:Found these versions of ros-melodic-interactive-markers
[28.014s] INFO:colcon.colcon_bundle.verb:[ros-melodic-interactive-markers=1.11.5-1bionic.20210112.190840]
[28.058s] INFO:colcon.colcon_ros_bundle.task:Resolved interactive_markers to ['ros-melodic-interactive-markers'] for apt
[28.058s] INFO:colcon.colcon_bundle.verb:Adding ros-melodic-message-runtime to install list
[28.058s] INFO:colcon.colcon_bundle.verb:Found these versions of ros-melodic-message-runtime
[28.058s] INFO:colcon.colcon_bundle.verb:[ros-melodic-message-runtime=0.4.12-0bionic.20201017.033232]
[28.058s] INFO:colcon.colcon_ros_bundle.task:Resolved message_runtime to ['ros-melodic-message-runtime'] for apt
[28.059s] INFO:colcon.colcon_bundle.verb:Adding ros-melodic-geometry-msgs to install list
[28.059s] INFO:colcon.colcon_bundle.verb:Found these versions of ros-melodic-geometry-msgs
[28.059s] INFO:colcon.colcon_bundle.verb:[ros-melodic-geometry-msgs=1.12.8-1bionic.20210112.173042]
[28.059s] INFO:colcon.colcon_ros_bundle.task:Resolved geometry_msgs to ['ros-melodic-geometry-msgs'] for apt
[28.059s] INFO:colcon.colcon_bundle.verb:Adding ros-melodic-rospy to install list
[28.059s] INFO:colcon.colcon_bundle.verb:Found these versions of ros-melodic-rospy
[28.059s] INFO:colcon.colcon_bundle.verb:[ros-melodic-rospy=1.14.10-1bionic.20201017.073841]
[28.059s] INFO:colcon.colcon_ros_bundle.task:Resolved rospy to ['ros-melodic-rospy'] for apt
[28.059s] INFO:colcon.colcon_bundle.verb:Adding ros-melodic-std-msgs to install list
[28.059s] INFO:colcon.colcon_bundle.verb:Found these versions of ros-melodic-std-msgs
[28.059s] INFO:colcon.colcon_bundle.verb:[ros-melodic-std-msgs=0.5.12-0bionic.20201017.034204]
[28.059s] INFO:colcon.colcon_ros_bundle.task:Resolved std_msgs to ['ros-melodic-std-msgs'] for apt
[28.059s] INFO:colcon.colcon_bundle.verb:Adding ros-melodic-actionlib to install list
[28.059s] INFO:colcon.colcon_bundle.verb:Found these versions of ros-melodic-actionlib
[28.059s] INFO:colcon.colcon_bundle.verb:[ros-melodic-actionlib=1.12.1-1bionic.20210112.173952]
[28.060s] INFO:colcon.colcon_ros_bundle.task:Resolved actionlib to ['ros-melodic-actionlib'] for apt
[28.060s] INFO:colcon.colcon_bundle.verb:Adding ros-melodic-sensor-msgs to install list
[28.060s] INFO:colcon.colcon_bundle.verb:Found these versions of ros-melodic-sensor-msgs
[28.060s] INFO:colcon.colcon_bundle.verb:[ros-melodic-sensor-msgs=1.12.8-1bionic.20210112.173755]
[28.060s] INFO:colcon.colcon_ros_bundle.task:Resolved sensor_msgs to ['ros-melodic-sensor-msgs'] for apt
[28.060s] INFO:colcon.colcon_bundle.verb:Adding ros-melodic-visualization-msgs to install list
[28.060s] INFO:colcon.colcon_bundle.verb:Found these versions of ros-melodic-visualization-msgs
[28.060s] INFO:colcon.colcon_bundle.verb:[ros-melodic-visualization-msgs=1.12.8-1bionic.20210112.173714]
[28.060s] INFO:colcon.colcon_ros_bundle.task:Resolved visualization_msgs to ['ros-melodic-visualization-msgs'] for apt
[28.060s] INFO:colcon.colcon_ros_bundle.task:Skipping turtlebot3_description_reduced_mesh of hello_world_robot because it is in the workspace
[28.060s] INFO:colcon.colcon_bundle.verb:Adding ros-melodic-turtlebot3-description to install list
[28.060s] INFO:colcon.colcon_bundle.verb:Found these versions of ros-melodic-turtlebot3-description
[28.060s] INFO:colcon.colcon_bundle.verb:[ros-melodic-turtlebot3-description=1.2.5-1bionic.20210115.144820]
[28.095s] INFO:colcon.colcon_ros_bundle.task:Resolved turtlebot3_description to ['ros-melodic-turtlebot3-description'] for apt
[28.096s] INFO:colcon.colcon_bundle.verb:Adding ros-melodic-actionlib-msgs to install list
[28.096s] INFO:colcon.colcon_bundle.verb:Found these versions of ros-melodic-actionlib-msgs
[28.096s] INFO:colcon.colcon_bundle.verb:[ros-melodic-actionlib-msgs=1.12.8-1bionic.20210112.173044]
[28.096s] INFO:colcon.colcon_ros_bundle.task:Resolved actionlib_msgs to ['ros-melodic-actionlib-msgs'] for apt
[28.096s] INFO:colcon.colcon_bundle.verb:Adding ros-melodic-robot-state-publisher to install list
[28.096s] INFO:colcon.colcon_bundle.verb:Found these versions of ros-melodic-robot-state-publisher
[28.096s] INFO:colcon.colcon_bundle.verb:[ros-melodic-robot-state-publisher=1.14.1-1bionic.20210112.192237]
[28.132s] INFO:colcon.colcon_ros_bundle.task:Resolved robot_state_publisher to ['ros-melodic-robot-state-publisher'] for apt
[28.132s] INFO:colcon.colcon_bundle.verb:Adding ros-melodic-nav-msgs to install list
[28.132s] INFO:colcon.colcon_bundle.verb:Found these versions of ros-melodic-nav-msgs
[28.132s] INFO:colcon.colcon_bundle.verb:[ros-melodic-nav-msgs=1.12.8-1bionic.20210112.173737]
[28.132s] INFO:colcon.colcon_ros_bundle.task:Resolved nav_msgs to ['ros-melodic-nav-msgs'] for apt
[28.132s] INFO:colcon.colcon_bundle.verb:Adding ros-melodic-turtlebot3-bringup to install list
[28.132s] INFO:colcon.colcon_bundle.verb:Found these versions of ros-melodic-turtlebot3-bringup
[28.132s] INFO:colcon.colcon_bundle.verb:[ros-melodic-turtlebot3-bringup=1.2.5-1bionic.20210115.145625]
[28.167s] INFO:colcon.colcon_ros_bundle.task:Resolved turtlebot3_bringup to ['ros-melodic-turtlebot3-bringup'] for apt
[28.167s] INFO:colcon.colcon_bundle.verb:Adding ros-melodic-turtlebot3-msgs to install list
[28.167s] INFO:colcon.colcon_bundle.verb:Found these versions of ros-melodic-turtlebot3-msgs
[28.167s] INFO:colcon.colcon_bundle.verb:[ros-melodic-turtlebot3-msgs=1.0.1-1bionic.20201017.050220]
[28.168s] INFO:colcon.colcon_ros_bundle.task:Resolved turtlebot3_msgs to ['ros-melodic-turtlebot3-msgs'] for apt
[28.168s] INFO:colcon.colcon_ros_bundle.task:Including ros-base
[28.168s] INFO:colcon.colcon_bundle.verb:Adding ros-melodic-ros-base to install list
[28.168s] INFO:colcon.colcon_bundle.verb:Found these versions of ros-melodic-ros-base
[28.168s] INFO:colcon.colcon_bundle.verb:[ros-melodic-ros-base=1.4.1-0bionic.20210112.183921]
[28.171s] DEBUG:colcon.colcon_parallel_executor.executor.parallel:closing loop
[28.172s] DEBUG:colcon.colcon_parallel_executor.executor.parallel:loop closed
[28.172s] DEBUG:colcon.colcon_parallel_executor.executor.parallel:run_until_complete finished with '0'
[28.172s] DEBUG:colcon.colcon_core.event_reactor:joining thread
[28.188s] INFO:colcon.colcon_core.plugin_system:Skipping extension 'colcon_notification.desktop_notification.notify_send': Could not find 'notify-send'
[28.189s] INFO:colcon.colcon_core.plugin_system:Skipping extension 'colcon_notification.desktop_notification.terminal_notifier': Not used on non-Darwin systems
[28.189s] INFO:colcon.colcon_core.plugin_system:Skipping extension 'colcon_notification.desktop_notification.win32': Not used on non-Windows systems
[28.189s] INFO:colcon.colcon_notification.desktop_notification:Sending desktop notification using 'notify2'
[28.189s] DEBUG:colcon.colcon_notification.desktop_notification.notify2:Failed to initialize notify2: org.freedesktop.DBus.Error.NotSupported: Unable to autolaunch a dbus-daemon without a $DISPLAY for X11
[28.189s] DEBUG:colcon.colcon_core.event_reactor:joined thread
[28.189s] DEBUG:colcon.colcon_bundle.verb:Hash for current dependencies: {"hello_world_robot": "caf9bf7747bd9572f976a19a76c6f099c24463d33912a2aa2e0c188b5a8d7a82", "turtlebot3_description_reduced_mesh": "3a0562c39170fe811accede448ef86a639e2626000311305addcbf0f42b470a4"}
[28.192s] INFO:colcon.colcon_bundle.verb:Checking if local dependencies have changed since last bundle...
[28.193s] INFO:colcon.colcon_bundle.verb:Local dependencies not changed, skipping dependencies update...
[28.193s] INFO:colcon.colcon_bundle.verb:Archiving the bundle output
[28.193s] DEBUG:colcon.colcon_bundle.verb:Start: workspace.tar.gz
[28.923s] INFO:colcon.colcon_bundle.verb:Starting shebang update...
[28.923s] INFO:colcon.colcon_bundle.verb:Found shebang in /home/ubuntu/environment/HelloWorld/robot_ws/bundle/cache/workspace_staging/setup.sh
[28.923s] DEBUG:colcon.colcon_bundle.verb:Valid shebang for /home/ubuntu/environment/HelloWorld/robot_ws/bundle/cache/workspace_staging/setup.sh.Skipping.
[28.923s] INFO:colcon.colcon_bundle.verb:Found shebang in /home/ubuntu/environment/HelloWorld/robot_ws/bundle/cache/workspace_staging/setup.bash
[28.923s] DEBUG:colcon.colcon_bundle.verb:Valid shebang for /home/ubuntu/environment/HelloWorld/robot_ws/bundle/cache/workspace_staging/setup.bash.Skipping.
[28.982s] INFO:colcon.colcon_bundle.verb:Found shebang in /home/ubuntu/environment/HelloWorld/robot_ws/bundle/cache/workspace_staging/opt/built_workspace/hello_world_robot/share/deploymentScripts/post_launch_file.sh
[28.982s] INFO:colcon.colcon_bundle.verb:Modifying shebang for /home/ubuntu/environment/HelloWorld/robot_ws/bundle/cache/workspace_staging/opt/built_workspace/hello_world_robot/share/deploymentScripts/post_launch_file.sh
[28.982s] INFO:colcon.colcon_bundle.verb:Found shebang in /home/ubuntu/environment/HelloWorld/robot_ws/bundle/cache/workspace_staging/opt/built_workspace/hello_world_robot/share/deploymentScripts/pre_launch_file.sh
[28.982s] INFO:colcon.colcon_bundle.verb:Modifying shebang for /home/ubuntu/environment/HelloWorld/robot_ws/bundle/cache/workspace_staging/opt/built_workspace/hello_world_robot/share/deploymentScripts/pre_launch_file.sh
[28.984s] INFO:colcon.colcon_bundle.verb:Found shebang in /home/ubuntu/environment/HelloWorld/robot_ws/bundle/cache/workspace_staging/opt/built_workspace/hello_world_robot/lib/hello_world_robot/rotate
[28.984s] DEBUG:colcon.colcon_bundle.verb:Valid shebang for /home/ubuntu/environment/HelloWorld/robot_ws/bundle/cache/workspace_staging/opt/built_workspace/hello_world_robot/lib/hello_world_robot/rotate.Skipping.
[28.985s] INFO:colcon.colcon_bundle.verb:Creating tar of /home/ubuntu/environment/HelloWorld/robot_ws/bundle/cache/workspace_staging
[30.813s] DEBUG:colcon.colcon_bundle.verb:End: workspace.tar.gz
[30.813s] DEBUG:colcon.colcon_bundle.verb:Start: dependencies.tar.gz
[30.813s] DEBUG:colcon.colcon_bundle.verb:End: dependencies.tar.gz
[30.813s] DEBUG:colcon.colcon_bundle.verb:Start: bundle.tar
[30.857s] DEBUG:colcon.colcon_bundle.verb.bundlefile:Start: Bundle
[30.858s] DEBUG:colcon.colcon_bundle.verb.bundlefile:Start: metadata
[40.547s] DEBUG:colcon.colcon_bundle.verb.bundlefile:End: metadata
[40.547s] DEBUG:colcon.colcon_bundle.verb.bundlefile:Start: pad
[40.557s] DEBUG:colcon.colcon_bundle.verb.bundlefile:End: pad
[40.557s] INFO:colcon.colcon_bundle.verb.bundlefile:Start tar overlay file: /home/ubuntu/environment/HelloWorld/robot_ws/bundle/cache/dependencies.tar.gz
[41.277s] INFO:colcon.colcon_bundle.verb.bundlefile:End tar overlay file: /home/ubuntu/environment/HelloWorld/robot_ws/bundle/cache/dependencies.tar.gz
[41.278s] INFO:colcon.colcon_bundle.verb.bundlefile:Start tar overlay file: /home/ubuntu/environment/HelloWorld/robot_ws/bundle/cache/workspace.tar.gz
[41.295s] INFO:colcon.colcon_bundle.verb.bundlefile:End tar overlay file: /home/ubuntu/environment/HelloWorld/robot_ws/bundle/cache/workspace.tar.gz
[54.700s] DEBUG:colcon.colcon_bundle.verb.bundlefile:End: Bundle
[54.700s] DEBUG:colcon.colcon_bundle.verb:End: bundle.tar
[54.700s] INFO:colcon.colcon_bundle.verb:Archiving complete
