[0.000000] (-) TimerEvent: {}
[0.000258] (turtlebot3_description_reduced_mesh) JobQueued: {'identifier': 'turtlebot3_description_reduced_mesh', 'dependencies': OrderedDict()}
[0.000331] (hello_world_robot) JobQueued: {'identifier': 'hello_world_robot', 'dependencies': OrderedDict([('turtlebot3_description_reduced_mesh', '/home/ubuntu/environment/HelloWorld/robot_ws/install/turtlebot3_description_reduced_mesh')])}
[0.000395] (turtlebot3_description_reduced_mesh) JobStarted: {'identifier': 'turtlebot3_description_reduced_mesh'}
[0.043070] (turtlebot3_description_reduced_mesh) JobProgress: {'identifier': 'turtlebot3_description_reduced_mesh', 'progress': 'cmake'}
[0.044516] (turtlebot3_description_reduced_mesh) JobProgress: {'identifier': 'turtlebot3_description_reduced_mesh', 'progress': 'build'}
[0.046061] (turtlebot3_description_reduced_mesh) Command: {'cmd': ['/usr/bin/cmake', '--build', '/home/ubuntu/environment/HelloWorld/robot_ws/build/turtlebot3_description_reduced_mesh', '--', '-j2', '-l2'], 'cwd': '/home/ubuntu/environment/HelloWorld/robot_ws/build/turtlebot3_description_reduced_mesh', 'env': OrderedDict([('TMUX', '/tmp/tmux-1000/cloud92.2,2750,3'), ('MAIL', '/var/mail/ubuntu'), ('USER', 'ubuntu'), ('_system_version', '18.04'), ('SSH_CLIENT', '35.172.155.194 38442 22'), ('ROS_PACKAGE_PATH', '/opt/ros/melodic/share'), ('LD_LIBRARY_PATH', '/opt/ros/melodic/lib'), ('ROS_ETC_DIR', '/opt/ros/melodic/etc/ros'), ('SHLVL', '4'), ('HOME', '/home/ubuntu'), ('PORT', '8080'), ('ISOUTPUTPANE', '1'), ('NVM_BIN', '/home/ubuntu/.nvm/versions/node/v8.17.0/bin'), ('NVM_NODEJS_ORG_MIRROR', 'https://nodejs.org/dist'), ('ROS_PYTHON_VERSION', '2'), ('C9_USER', 'vocstartsoft'), ('NVM_DIR', '/home/ubuntu/.nvm'), ('NVM_PATH', '/home/ubuntu/.nvm/versions/node/v8.17.0/lib/node'), ('ROS_DISTRO', 'melodic'), ('HGUSER', 'vocstartsoft'), ('LOGNAME', 'ubuntu'), ('rvm_bin_path', '/usr/local/rvm/bin'), ('_', '/usr/local/bin/colcon'), ('RUBY_VERSION', 'ruby-2.4.1'), ('ROS_VERSION', '1'), ('C9_PORT', '8080'), ('PKG_CONFIG_PATH', '/opt/ros/melodic/lib/pkgconfig'), ('IRBRC', '/usr/local/rvm/rubies/ruby-2.4.1/.irbrc'), ('XDG_SESSION_ID', '3'), ('TERM', 'xterm-256color'), ('PATH', '/opt/ros/melodic/bin:/home/ubuntu/.nvm/versions/node/v8.17.0/bin:/usr/local/rvm/gems/ruby-2.4.1/bin:/usr/local/rvm/gems/ruby-2.4.1@global/bin:/usr/local/rvm/rubies/ruby-2.4.1/bin:/usr/local/sbin:/usr/local/bin:/usr/sbin:/usr/bin:/sbin:/bin:/usr/games:/usr/local/games:/snap/bin:/home/ubuntu/.local/bin:/home/ubuntu/bin:/home/ubuntu/.local/bin:/home/ubuntu/bin:/usr/local/rvm/bin:/home/ubuntu/.local/bin:/home/ubuntu/bin'), ('NVM_IOJS_ORG_MIRROR', 'https://iojs.org/dist'), ('XDG_RUNTIME_DIR', '/run/user/1000'), ('MY_RUBY_HOME', '/usr/local/rvm/rubies/ruby-2.4.1'), ('LANG', 'C.UTF-8'), ('ROS_ROOT', '/opt/ros/melodic/share/ros'), ('ROSLISP_PACKAGE_DIRECTORIES', ''), ('C9_HOSTNAME', '3.227.244.246'), ('NODE_PATH', '/home/ubuntu/.c9/node_modules'), ('SHELL', '/bin/bash'), ('ROS_MASTER_URI', 'http://localhost:11311'), ('rvm_prefix', '/usr/local'), ('_system_type', 'Linux'), ('GEM_HOME', '/usr/local/rvm/gems/ruby-2.4.1'), ('C9_PID', '36674d72cd8145e184f561d0677e5f8e'), ('rvm_version', '1.29.3 (1.29.3)'), ('_system_arch', 'x86_64'), ('C9_PROJECT', 'Yajian_lab1'), ('PWD', '/home/ubuntu/environment/HelloWorld/robot_ws/build/turtlebot3_description_reduced_mesh'), ('GEM_PATH', '/usr/local/rvm/gems/ruby-2.4.1:/usr/local/rvm/gems/ruby-2.4.1@global'), ('SSH_CONNECTION', '35.172.155.194 38442 172.31.1.16 22'), ('NVM_CD_FLAGS', ''), ('XDG_DATA_DIRS', '/usr/local/share:/usr/share:/var/lib/snapd/desktop'), ('IP', '127.0.0.1'), ('_system_name', 'Ubuntu'), ('PYTHONPATH', '/opt/ros/melodic/lib/python2.7/dist-packages'), ('COLCON', '1'), ('rvm_path', '/usr/local/rvm'), ('TMUX_PANE', '%3'), ('MANPATH', '/home/ubuntu/.nvm/versions/node/v8.17.0/share/man:/usr/local/rvm/rubies/ruby-2.4.1/share/man:/usr/local/man:/usr/local/share/man:/usr/share/man:/usr/local/rvm/man'), ('EDITOR', ''), ('CMAKE_PREFIX_PATH', '/opt/ros/melodic')]), 'shell': False}
[0.083424] (-) TimerEvent: {}
[0.130228] (turtlebot3_description_reduced_mesh) CommandEnded: {'returncode': 0}
[0.183571] (-) TimerEvent: {}
[0.245133] (turtlebot3_description_reduced_mesh) JobProgress: {'identifier': 'turtlebot3_description_reduced_mesh', 'progress': "build target 'tests'"}
[0.245468] (turtlebot3_description_reduced_mesh) Command: {'cmd': ['/usr/bin/cmake', '--build', '/home/ubuntu/environment/HelloWorld/robot_ws/build/turtlebot3_description_reduced_mesh', '--target', 'tests', '--', '-j2', '-l2'], 'cwd': '/home/ubuntu/environment/HelloWorld/robot_ws/build/turtlebot3_description_reduced_mesh', 'env': OrderedDict([('TMUX', '/tmp/tmux-1000/cloud92.2,2750,3'), ('MAIL', '/var/mail/ubuntu'), ('USER', 'ubuntu'), ('_system_version', '18.04'), ('SSH_CLIENT', '35.172.155.194 38442 22'), ('ROS_PACKAGE_PATH', '/opt/ros/melodic/share'), ('LD_LIBRARY_PATH', '/opt/ros/melodic/lib'), ('ROS_ETC_DIR', '/opt/ros/melodic/etc/ros'), ('SHLVL', '4'), ('HOME', '/home/ubuntu'), ('PORT', '8080'), ('ISOUTPUTPANE', '1'), ('NVM_BIN', '/home/ubuntu/.nvm/versions/node/v8.17.0/bin'), ('NVM_NODEJS_ORG_MIRROR', 'https://nodejs.org/dist'), ('ROS_PYTHON_VERSION', '2'), ('C9_USER', 'vocstartsoft'), ('NVM_DIR', '/home/ubuntu/.nvm'), ('NVM_PATH', '/home/ubuntu/.nvm/versions/node/v8.17.0/lib/node'), ('ROS_DISTRO', 'melodic'), ('HGUSER', 'vocstartsoft'), ('LOGNAME', 'ubuntu'), ('rvm_bin_path', '/usr/local/rvm/bin'), ('_', '/usr/local/bin/colcon'), ('RUBY_VERSION', 'ruby-2.4.1'), ('ROS_VERSION', '1'), ('C9_PORT', '8080'), ('PKG_CONFIG_PATH', '/opt/ros/melodic/lib/pkgconfig'), ('IRBRC', '/usr/local/rvm/rubies/ruby-2.4.1/.irbrc'), ('XDG_SESSION_ID', '3'), ('TERM', 'xterm-256color'), ('PATH', '/opt/ros/melodic/bin:/home/ubuntu/.nvm/versions/node/v8.17.0/bin:/usr/local/rvm/gems/ruby-2.4.1/bin:/usr/local/rvm/gems/ruby-2.4.1@global/bin:/usr/local/rvm/rubies/ruby-2.4.1/bin:/usr/local/sbin:/usr/local/bin:/usr/sbin:/usr/bin:/sbin:/bin:/usr/games:/usr/local/games:/snap/bin:/home/ubuntu/.local/bin:/home/ubuntu/bin:/home/ubuntu/.local/bin:/home/ubuntu/bin:/usr/local/rvm/bin:/home/ubuntu/.local/bin:/home/ubuntu/bin'), ('NVM_IOJS_ORG_MIRROR', 'https://iojs.org/dist'), ('XDG_RUNTIME_DIR', '/run/user/1000'), ('MY_RUBY_HOME', '/usr/local/rvm/rubies/ruby-2.4.1'), ('LANG', 'C.UTF-8'), ('ROS_ROOT', '/opt/ros/melodic/share/ros'), ('ROSLISP_PACKAGE_DIRECTORIES', ''), ('C9_HOSTNAME', '3.227.244.246'), ('NODE_PATH', '/home/ubuntu/.c9/node_modules'), ('SHELL', '/bin/bash'), ('ROS_MASTER_URI', 'http://localhost:11311'), ('rvm_prefix', '/usr/local'), ('_system_type', 'Linux'), ('GEM_HOME', '/usr/local/rvm/gems/ruby-2.4.1'), ('C9_PID', '36674d72cd8145e184f561d0677e5f8e'), ('rvm_version', '1.29.3 (1.29.3)'), ('_system_arch', 'x86_64'), ('C9_PROJECT', 'Yajian_lab1'), ('PWD', '/home/ubuntu/environment/HelloWorld/robot_ws/build/turtlebot3_description_reduced_mesh'), ('GEM_PATH', '/usr/local/rvm/gems/ruby-2.4.1:/usr/local/rvm/gems/ruby-2.4.1@global'), ('SSH_CONNECTION', '35.172.155.194 38442 172.31.1.16 22'), ('NVM_CD_FLAGS', ''), ('XDG_DATA_DIRS', '/usr/local/share:/usr/share:/var/lib/snapd/desktop'), ('IP', '127.0.0.1'), ('_system_name', 'Ubuntu'), ('PYTHONPATH', '/opt/ros/melodic/lib/python2.7/dist-packages'), ('COLCON', '1'), ('rvm_path', '/usr/local/rvm'), ('TMUX_PANE', '%3'), ('MANPATH', '/home/ubuntu/.nvm/versions/node/v8.17.0/share/man:/usr/local/rvm/rubies/ruby-2.4.1/share/man:/usr/local/man:/usr/local/share/man:/usr/share/man:/usr/local/rvm/man'), ('EDITOR', ''), ('CMAKE_PREFIX_PATH', '/opt/ros/melodic')]), 'shell': False}
[0.283760] (-) TimerEvent: {}
[0.343552] (turtlebot3_description_reduced_mesh) StdoutLine: {'line': b'Built target tests\n'}
[0.356106] (turtlebot3_description_reduced_mesh) CommandEnded: {'returncode': 0}
[0.384051] (-) TimerEvent: {}
[0.447216] (turtlebot3_description_reduced_mesh) JobProgress: {'identifier': 'turtlebot3_description_reduced_mesh', 'progress': 'install'}
[0.469517] (turtlebot3_description_reduced_mesh) Command: {'cmd': ['/usr/bin/cmake', '--build', '/home/ubuntu/environment/HelloWorld/robot_ws/build/turtlebot3_description_reduced_mesh', '--target', 'install', '--', '-j2', '-l2'], 'cwd': '/home/ubuntu/environment/HelloWorld/robot_ws/build/turtlebot3_description_reduced_mesh', 'env': OrderedDict([('TMUX', '/tmp/tmux-1000/cloud92.2,2750,3'), ('MAIL', '/var/mail/ubuntu'), ('USER', 'ubuntu'), ('_system_version', '18.04'), ('SSH_CLIENT', '35.172.155.194 38442 22'), ('ROS_PACKAGE_PATH', '/opt/ros/melodic/share'), ('LD_LIBRARY_PATH', '/opt/ros/melodic/lib'), ('ROS_ETC_DIR', '/opt/ros/melodic/etc/ros'), ('SHLVL', '4'), ('HOME', '/home/ubuntu'), ('PORT', '8080'), ('ISOUTPUTPANE', '1'), ('NVM_BIN', '/home/ubuntu/.nvm/versions/node/v8.17.0/bin'), ('NVM_NODEJS_ORG_MIRROR', 'https://nodejs.org/dist'), ('ROS_PYTHON_VERSION', '2'), ('C9_USER', 'vocstartsoft'), ('NVM_DIR', '/home/ubuntu/.nvm'), ('NVM_PATH', '/home/ubuntu/.nvm/versions/node/v8.17.0/lib/node'), ('ROS_DISTRO', 'melodic'), ('HGUSER', 'vocstartsoft'), ('LOGNAME', 'ubuntu'), ('rvm_bin_path', '/usr/local/rvm/bin'), ('_', '/usr/local/bin/colcon'), ('RUBY_VERSION', 'ruby-2.4.1'), ('ROS_VERSION', '1'), ('C9_PORT', '8080'), ('PKG_CONFIG_PATH', '/opt/ros/melodic/lib/pkgconfig'), ('IRBRC', '/usr/local/rvm/rubies/ruby-2.4.1/.irbrc'), ('XDG_SESSION_ID', '3'), ('TERM', 'xterm-256color'), ('PATH', '/opt/ros/melodic/bin:/home/ubuntu/.nvm/versions/node/v8.17.0/bin:/usr/local/rvm/gems/ruby-2.4.1/bin:/usr/local/rvm/gems/ruby-2.4.1@global/bin:/usr/local/rvm/rubies/ruby-2.4.1/bin:/usr/local/sbin:/usr/local/bin:/usr/sbin:/usr/bin:/sbin:/bin:/usr/games:/usr/local/games:/snap/bin:/home/ubuntu/.local/bin:/home/ubuntu/bin:/home/ubuntu/.local/bin:/home/ubuntu/bin:/usr/local/rvm/bin:/home/ubuntu/.local/bin:/home/ubuntu/bin'), ('NVM_IOJS_ORG_MIRROR', 'https://iojs.org/dist'), ('XDG_RUNTIME_DIR', '/run/user/1000'), ('MY_RUBY_HOME', '/usr/local/rvm/rubies/ruby-2.4.1'), ('LANG', 'C.UTF-8'), ('ROS_ROOT', '/opt/ros/melodic/share/ros'), ('ROSLISP_PACKAGE_DIRECTORIES', ''), ('C9_HOSTNAME', '3.227.244.246'), ('NODE_PATH', '/home/ubuntu/.c9/node_modules'), ('SHELL', '/bin/bash'), ('ROS_MASTER_URI', 'http://localhost:11311'), ('rvm_prefix', '/usr/local'), ('_system_type', 'Linux'), ('GEM_HOME', '/usr/local/rvm/gems/ruby-2.4.1'), ('C9_PID', '36674d72cd8145e184f561d0677e5f8e'), ('rvm_version', '1.29.3 (1.29.3)'), ('_system_arch', 'x86_64'), ('C9_PROJECT', 'Yajian_lab1'), ('PWD', '/home/ubuntu/environment/HelloWorld/robot_ws/build/turtlebot3_description_reduced_mesh'), ('GEM_PATH', '/usr/local/rvm/gems/ruby-2.4.1:/usr/local/rvm/gems/ruby-2.4.1@global'), ('SSH_CONNECTION', '35.172.155.194 38442 172.31.1.16 22'), ('NVM_CD_FLAGS', ''), ('XDG_DATA_DIRS', '/usr/local/share:/usr/share:/var/lib/snapd/desktop'), ('IP', '127.0.0.1'), ('_system_name', 'Ubuntu'), ('PYTHONPATH', '/opt/ros/melodic/lib/python2.7/dist-packages'), ('COLCON', '1'), ('rvm_path', '/usr/local/rvm'), ('TMUX_PANE', '%3'), ('MANPATH', '/home/ubuntu/.nvm/versions/node/v8.17.0/share/man:/usr/local/rvm/rubies/ruby-2.4.1/share/man:/usr/local/man:/usr/local/share/man:/usr/share/man:/usr/local/rvm/man'), ('EDITOR', ''), ('CMAKE_PREFIX_PATH', '/opt/ros/melodic')]), 'shell': False}
[0.484159] (-) TimerEvent: {}
[0.584683] (-) TimerEvent: {}
[0.588220] (turtlebot3_description_reduced_mesh) StdoutLine: {'line': b'\x1b[36mInstall the project...\x1b[0m\n'}
[0.608944] (turtlebot3_description_reduced_mesh) StdoutLine: {'line': b'-- Install configuration: ""\n'}
[0.609557] (turtlebot3_description_reduced_mesh) StdoutLine: {'line': b'-- Up-to-date: /home/ubuntu/environment/HelloWorld/robot_ws/install/turtlebot3_description_reduced_mesh/lib/pkgconfig/turtlebot3_description_reduced_mesh.pc\n'}
[0.610092] (turtlebot3_description_reduced_mesh) StdoutLine: {'line': b'-- Up-to-date: /home/ubuntu/environment/HelloWorld/robot_ws/install/turtlebot3_description_reduced_mesh/share/turtlebot3_description_reduced_mesh/cmake/turtlebot3_description_reduced_meshConfig.cmake\n'}
[0.610474] (turtlebot3_description_reduced_mesh) StdoutLine: {'line': b'-- Up-to-date: /home/ubuntu/environment/HelloWorld/robot_ws/install/turtlebot3_description_reduced_mesh/share/turtlebot3_description_reduced_mesh/cmake/turtlebot3_description_reduced_meshConfig-version.cmake\n'}
[0.610934] (turtlebot3_description_reduced_mesh) StdoutLine: {'line': b'-- Up-to-date: /home/ubuntu/environment/HelloWorld/robot_ws/install/turtlebot3_description_reduced_mesh/share/turtlebot3_description_reduced_mesh/package.xml\n'}
[0.611398] (turtlebot3_description_reduced_mesh) StdoutLine: {'line': b'-- Up-to-date: /home/ubuntu/environment/HelloWorld/robot_ws/install/turtlebot3_description_reduced_mesh/share/turtlebot3_description_reduced_mesh/launch\n'}
[0.611799] (turtlebot3_description_reduced_mesh) StdoutLine: {'line': b'-- Up-to-date: /home/ubuntu/environment/HelloWorld/robot_ws/install/turtlebot3_description_reduced_mesh/share/turtlebot3_description_reduced_mesh/launch/spawn_turtlebot.launch\n'}
[0.612143] (turtlebot3_description_reduced_mesh) StdoutLine: {'line': b'-- Up-to-date: /home/ubuntu/environment/HelloWorld/robot_ws/install/turtlebot3_description_reduced_mesh/share/turtlebot3_description_reduced_mesh/meshes\n'}
[0.612528] (turtlebot3_description_reduced_mesh) StdoutLine: {'line': b'-- Up-to-date: /home/ubuntu/environment/HelloWorld/robot_ws/install/turtlebot3_description_reduced_mesh/share/turtlebot3_description_reduced_mesh/meshes/sensors\n'}
[0.612908] (turtlebot3_description_reduced_mesh) StdoutLine: {'line': b'-- Up-to-date: /home/ubuntu/environment/HelloWorld/robot_ws/install/turtlebot3_description_reduced_mesh/share/turtlebot3_description_reduced_mesh/meshes/sensors/r200.jpg\n'}
[0.613277] (turtlebot3_description_reduced_mesh) StdoutLine: {'line': b'-- Up-to-date: /home/ubuntu/environment/HelloWorld/robot_ws/install/turtlebot3_description_reduced_mesh/share/turtlebot3_description_reduced_mesh/meshes/sensors/astra.dae\n'}
[0.613618] (turtlebot3_description_reduced_mesh) StdoutLine: {'line': b'-- Up-to-date: /home/ubuntu/environment/HelloWorld/robot_ws/install/turtlebot3_description_reduced_mesh/share/turtlebot3_description_reduced_mesh/meshes/sensors/astra.jpg\n'}
[0.613994] (turtlebot3_description_reduced_mesh) StdoutLine: {'line': b'-- Up-to-date: /home/ubuntu/environment/HelloWorld/robot_ws/install/turtlebot3_description_reduced_mesh/share/turtlebot3_description_reduced_mesh/meshes/sensors/r200.dae\n'}
[0.615069] (turtlebot3_description_reduced_mesh) StdoutLine: {'line': b'-- Up-to-date: /home/ubuntu/environment/HelloWorld/robot_ws/install/turtlebot3_description_reduced_mesh/share/turtlebot3_description_reduced_mesh/meshes/sensors/lds.stl\n'}
[0.615422] (turtlebot3_description_reduced_mesh) StdoutLine: {'line': b'-- Up-to-date: /home/ubuntu/environment/HelloWorld/robot_ws/install/turtlebot3_description_reduced_mesh/share/turtlebot3_description_reduced_mesh/meshes/wheels\n'}
[0.615788] (turtlebot3_description_reduced_mesh) StdoutLine: {'line': b'-- Up-to-date: /home/ubuntu/environment/HelloWorld/robot_ws/install/turtlebot3_description_reduced_mesh/share/turtlebot3_description_reduced_mesh/meshes/wheels/left_tire.stl\n'}
[0.616143] (turtlebot3_description_reduced_mesh) StdoutLine: {'line': b'-- Up-to-date: /home/ubuntu/environment/HelloWorld/robot_ws/install/turtlebot3_description_reduced_mesh/share/turtlebot3_description_reduced_mesh/meshes/wheels/right_tire.stl\n'}
[0.616496] (turtlebot3_description_reduced_mesh) StdoutLine: {'line': b'-- Up-to-date: /home/ubuntu/environment/HelloWorld/robot_ws/install/turtlebot3_description_reduced_mesh/share/turtlebot3_description_reduced_mesh/meshes/wheels/right_tire_reduced.stl\n'}
[0.616833] (turtlebot3_description_reduced_mesh) StdoutLine: {'line': b'-- Up-to-date: /home/ubuntu/environment/HelloWorld/robot_ws/install/turtlebot3_description_reduced_mesh/share/turtlebot3_description_reduced_mesh/meshes/wheels/left_tire_reduced.stl\n'}
[0.617160] (turtlebot3_description_reduced_mesh) StdoutLine: {'line': b'-- Up-to-date: /home/ubuntu/environment/HelloWorld/robot_ws/install/turtlebot3_description_reduced_mesh/share/turtlebot3_description_reduced_mesh/meshes/bases\n'}
[0.617541] (turtlebot3_description_reduced_mesh) StdoutLine: {'line': b'-- Up-to-date: /home/ubuntu/environment/HelloWorld/robot_ws/install/turtlebot3_description_reduced_mesh/share/turtlebot3_description_reduced_mesh/meshes/bases/waffle_pi_base_reduced.stl\n'}
[0.617884] (turtlebot3_description_reduced_mesh) StdoutLine: {'line': b'-- Up-to-date: /home/ubuntu/environment/HelloWorld/robot_ws/install/turtlebot3_description_reduced_mesh/share/turtlebot3_description_reduced_mesh/meshes/bases/burger_base.stl\n'}
[0.618258] (turtlebot3_description_reduced_mesh) StdoutLine: {'line': b'-- Up-to-date: /home/ubuntu/environment/HelloWorld/robot_ws/install/turtlebot3_description_reduced_mesh/share/turtlebot3_description_reduced_mesh/meshes/bases/waffle_pi_base.stl\n'}
[0.618594] (turtlebot3_description_reduced_mesh) StdoutLine: {'line': b'-- Up-to-date: /home/ubuntu/environment/HelloWorld/robot_ws/install/turtlebot3_description_reduced_mesh/share/turtlebot3_description_reduced_mesh/meshes/bases/waffle_base_for_open_manipulator.stl\n'}
[0.618929] (turtlebot3_description_reduced_mesh) StdoutLine: {'line': b'-- Up-to-date: /home/ubuntu/environment/HelloWorld/robot_ws/install/turtlebot3_description_reduced_mesh/share/turtlebot3_description_reduced_mesh/meshes/bases/waffle_pi_base_for_open_manipulator.stl\n'}
[0.619299] (turtlebot3_description_reduced_mesh) StdoutLine: {'line': b'-- Up-to-date: /home/ubuntu/environment/HelloWorld/robot_ws/install/turtlebot3_description_reduced_mesh/share/turtlebot3_description_reduced_mesh/meshes/bases/waffle_base.stl\n'}
[0.619641] (turtlebot3_description_reduced_mesh) StdoutLine: {'line': b'-- Up-to-date: /home/ubuntu/environment/HelloWorld/robot_ws/install/turtlebot3_description_reduced_mesh/share/turtlebot3_description_reduced_mesh/meshes/bases/burger_base_decimated.stl\n'}
[0.619991] (turtlebot3_description_reduced_mesh) StdoutLine: {'line': b'-- Up-to-date: /home/ubuntu/environment/HelloWorld/robot_ws/install/turtlebot3_description_reduced_mesh/share/turtlebot3_description_reduced_mesh/urdf\n'}
[0.620382] (turtlebot3_description_reduced_mesh) StdoutLine: {'line': b'-- Up-to-date: /home/ubuntu/environment/HelloWorld/robot_ws/install/turtlebot3_description_reduced_mesh/share/turtlebot3_description_reduced_mesh/urdf/turtlebot3_burger_for_autorace.gazebo.xacro\n'}
[0.620737] (turtlebot3_description_reduced_mesh) StdoutLine: {'line': b'-- Up-to-date: /home/ubuntu/environment/HelloWorld/robot_ws/install/turtlebot3_description_reduced_mesh/share/turtlebot3_description_reduced_mesh/urdf/turtlebot3_waffle_pi.gazebo.xacro\n'}
[0.621084] (turtlebot3_description_reduced_mesh) StdoutLine: {'line': b'-- Up-to-date: /home/ubuntu/environment/HelloWorld/robot_ws/install/turtlebot3_description_reduced_mesh/share/turtlebot3_description_reduced_mesh/urdf/turtlebot3_burger.urdf.xacro\n'}
[0.621433] (turtlebot3_description_reduced_mesh) StdoutLine: {'line': b'-- Up-to-date: /home/ubuntu/environment/HelloWorld/robot_ws/install/turtlebot3_description_reduced_mesh/share/turtlebot3_description_reduced_mesh/urdf/turtlebot3_waffle_for_open_manipulator.urdf.xacro\n'}
[0.621793] (turtlebot3_description_reduced_mesh) StdoutLine: {'line': b'-- Up-to-date: /home/ubuntu/environment/HelloWorld/robot_ws/install/turtlebot3_description_reduced_mesh/share/turtlebot3_description_reduced_mesh/urdf/common_properties.xacro\n'}
[0.622174] (turtlebot3_description_reduced_mesh) StdoutLine: {'line': b'-- Up-to-date: /home/ubuntu/environment/HelloWorld/robot_ws/install/turtlebot3_description_reduced_mesh/share/turtlebot3_description_reduced_mesh/urdf/turtlebot3_waffle_pi_for_open_manipulator.urdf.xacro\n'}
[0.622523] (turtlebot3_description_reduced_mesh) StdoutLine: {'line': b'-- Up-to-date: /home/ubuntu/environment/HelloWorld/robot_ws/install/turtlebot3_description_reduced_mesh/share/turtlebot3_description_reduced_mesh/urdf/turtlebot3_burger_for_autorace.urdf.xacro\n'}
[0.622884] (turtlebot3_description_reduced_mesh) StdoutLine: {'line': b'-- Up-to-date: /home/ubuntu/environment/HelloWorld/robot_ws/install/turtlebot3_description_reduced_mesh/share/turtlebot3_description_reduced_mesh/urdf/turtlebot3_waffle_pi.urdf.xacro\n'}
[0.623234] (turtlebot3_description_reduced_mesh) StdoutLine: {'line': b'-- Up-to-date: /home/ubuntu/environment/HelloWorld/robot_ws/install/turtlebot3_description_reduced_mesh/share/turtlebot3_description_reduced_mesh/urdf/turtlebot3_waffle.urdf.xacro\n'}
[0.623677] (turtlebot3_description_reduced_mesh) StdoutLine: {'line': b'-- Up-to-date: /home/ubuntu/environment/HelloWorld/robot_ws/install/turtlebot3_description_reduced_mesh/share/turtlebot3_description_reduced_mesh/urdf/turtlebot3_waffle.gazebo.xacro\n'}
[0.623908] (turtlebot3_description_reduced_mesh) StdoutLine: {'line': b'-- Up-to-date: /home/ubuntu/environment/HelloWorld/robot_ws/install/turtlebot3_description_reduced_mesh/share/turtlebot3_description_reduced_mesh/urdf/turtlebot3_burger.gazebo.xacro\n'}
[0.631406] (turtlebot3_description_reduced_mesh) CommandEnded: {'returncode': 0}
[0.684850] (-) TimerEvent: {}
[0.790500] (-) TimerEvent: {}
[0.895271] (-) TimerEvent: {}
[1.000916] (-) TimerEvent: {}
[1.024614] (turtlebot3_description_reduced_mesh) JobEnded: {'identifier': 'turtlebot3_description_reduced_mesh', 'rc': 0}
[1.026099] (hello_world_robot) JobStarted: {'identifier': 'hello_world_robot'}
[1.079209] (hello_world_robot) JobProgress: {'identifier': 'hello_world_robot', 'progress': 'cmake'}
[1.080701] (hello_world_robot) JobProgress: {'identifier': 'hello_world_robot', 'progress': 'build'}
[1.081307] (hello_world_robot) Command: {'cmd': ['/usr/bin/cmake', '--build', '/home/ubuntu/environment/HelloWorld/robot_ws/build/hello_world_robot', '--', '-j2', '-l2'], 'cwd': '/home/ubuntu/environment/HelloWorld/robot_ws/build/hello_world_robot', 'env': OrderedDict([('TMUX', '/tmp/tmux-1000/cloud92.2,2750,3'), ('MAIL', '/var/mail/ubuntu'), ('USER', 'ubuntu'), ('_system_version', '18.04'), ('SSH_CLIENT', '35.172.155.194 38442 22'), ('ROS_PACKAGE_PATH', '/home/ubuntu/environment/HelloWorld/robot_ws/install/turtlebot3_description_reduced_mesh/share:/opt/ros/melodic/share'), ('LD_LIBRARY_PATH', '/opt/ros/melodic/lib'), ('ROS_ETC_DIR', '/opt/ros/melodic/etc/ros'), ('SHLVL', '4'), ('HOME', '/home/ubuntu'), ('PORT', '8080'), ('ISOUTPUTPANE', '1'), ('NVM_BIN', '/home/ubuntu/.nvm/versions/node/v8.17.0/bin'), ('NVM_NODEJS_ORG_MIRROR', 'https://nodejs.org/dist'), ('ROS_PYTHON_VERSION', '2'), ('C9_USER', 'vocstartsoft'), ('NVM_DIR', '/home/ubuntu/.nvm'), ('NVM_PATH', '/home/ubuntu/.nvm/versions/node/v8.17.0/lib/node'), ('ROS_DISTRO', 'melodic'), ('HGUSER', 'vocstartsoft'), ('LOGNAME', 'ubuntu'), ('rvm_bin_path', '/usr/local/rvm/bin'), ('_', '/usr/local/bin/colcon'), ('RUBY_VERSION', 'ruby-2.4.1'), ('ROS_VERSION', '1'), ('C9_PORT', '8080'), ('PKG_CONFIG_PATH', '/home/ubuntu/environment/HelloWorld/robot_ws/install/turtlebot3_description_reduced_mesh/lib/x86_64-linux-gnu/pkgconfig:/home/ubuntu/environment/HelloWorld/robot_ws/install/turtlebot3_description_reduced_mesh/lib/pkgconfig:/opt/ros/melodic/lib/pkgconfig'), ('IRBRC', '/usr/local/rvm/rubies/ruby-2.4.1/.irbrc'), ('XDG_SESSION_ID', '3'), ('TERM', 'xterm-256color'), ('PATH', '/opt/ros/melodic/bin:/home/ubuntu/.nvm/versions/node/v8.17.0/bin:/usr/local/rvm/gems/ruby-2.4.1/bin:/usr/local/rvm/gems/ruby-2.4.1@global/bin:/usr/local/rvm/rubies/ruby-2.4.1/bin:/usr/local/sbin:/usr/local/bin:/usr/sbin:/usr/bin:/sbin:/bin:/usr/games:/usr/local/games:/snap/bin:/home/ubuntu/.local/bin:/home/ubuntu/bin:/home/ubuntu/.local/bin:/home/ubuntu/bin:/usr/local/rvm/bin:/home/ubuntu/.local/bin:/home/ubuntu/bin'), ('NVM_IOJS_ORG_MIRROR', 'https://iojs.org/dist'), ('XDG_RUNTIME_DIR', '/run/user/1000'), ('MY_RUBY_HOME', '/usr/local/rvm/rubies/ruby-2.4.1'), ('LANG', 'C.UTF-8'), ('ROS_ROOT', '/opt/ros/melodic/share/ros'), ('ROSLISP_PACKAGE_DIRECTORIES', ''), ('C9_HOSTNAME', '3.227.244.246'), ('NODE_PATH', '/home/ubuntu/.c9/node_modules'), ('SHELL', '/bin/bash'), ('ROS_MASTER_URI', 'http://localhost:11311'), ('rvm_prefix', '/usr/local'), ('_system_type', 'Linux'), ('GEM_HOME', '/usr/local/rvm/gems/ruby-2.4.1'), ('C9_PID', '36674d72cd8145e184f561d0677e5f8e'), ('rvm_version', '1.29.3 (1.29.3)'), ('_system_arch', 'x86_64'), ('C9_PROJECT', 'Yajian_lab1'), ('PWD', '/home/ubuntu/environment/HelloWorld/robot_ws/build/hello_world_robot'), ('GEM_PATH', '/usr/local/rvm/gems/ruby-2.4.1:/usr/local/rvm/gems/ruby-2.4.1@global'), ('SSH_CONNECTION', '35.172.155.194 38442 172.31.1.16 22'), ('NVM_CD_FLAGS', ''), ('XDG_DATA_DIRS', '/usr/local/share:/usr/share:/var/lib/snapd/desktop'), ('IP', '127.0.0.1'), ('_system_name', 'Ubuntu'), ('PYTHONPATH', '/opt/ros/melodic/lib/python2.7/dist-packages'), ('COLCON', '1'), ('rvm_path', '/usr/local/rvm'), ('TMUX_PANE', '%3'), ('MANPATH', '/home/ubuntu/.nvm/versions/node/v8.17.0/share/man:/usr/local/rvm/rubies/ruby-2.4.1/share/man:/usr/local/man:/usr/local/share/man:/usr/share/man:/usr/local/rvm/man'), ('EDITOR', ''), ('CMAKE_PREFIX_PATH', '/home/ubuntu/environment/HelloWorld/robot_ws/install/turtlebot3_description_reduced_mesh:/opt/ros/melodic')]), 'shell': False}
[1.101128] (-) TimerEvent: {}
[1.167474] (hello_world_robot) StdoutLine: {'line': b'-- Using CATKIN_DEVEL_PREFIX: /home/ubuntu/environment/HelloWorld/robot_ws/build/hello_world_robot/devel\n'}
[1.168384] (hello_world_robot) StdoutLine: {'line': b'-- Using CMAKE_PREFIX_PATH: /home/ubuntu/environment/HelloWorld/robot_ws/install/turtlebot3_description_reduced_mesh;/opt/ros/melodic\n'}
[1.169146] (hello_world_robot) StdoutLine: {'line': b'-- This workspace overlays: /home/ubuntu/environment/HelloWorld/robot_ws/install/turtlebot3_description_reduced_mesh;/opt/ros/melodic\n'}
[1.201253] (-) TimerEvent: {}
[1.213484] (hello_world_robot) StdoutLine: {'line': b'-- Found PythonInterp: /usr/bin/python2 (found suitable version "2.7.17", minimum required is "2") \n'}
[1.214138] (hello_world_robot) StdoutLine: {'line': b'-- Using PYTHON_EXECUTABLE: /usr/bin/python2\n'}
[1.214586] (hello_world_robot) StdoutLine: {'line': b'-- Using Debian Python package layout\n'}
[1.216180] (hello_world_robot) StdoutLine: {'line': b'-- Using empy: /usr/bin/empy\n'}
[1.301445] (-) TimerEvent: {}
[1.402842] (-) TimerEvent: {}
[1.509139] (-) TimerEvent: {}
[1.609930] (-) TimerEvent: {}
[1.638422] (hello_world_robot) StdoutLine: {'line': b'-- Using CATKIN_ENABLE_TESTING: ON\n'}
[1.638892] (hello_world_robot) StdoutLine: {'line': b'-- Call enable_testing()\n'}
[1.642204] (hello_world_robot) StdoutLine: {'line': b'-- Using CATKIN_TEST_RESULTS_DIR: /home/ubuntu/environment/HelloWorld/robot_ws/build/hello_world_robot/test_results\n'}
[1.686273] (hello_world_robot) StdoutLine: {'line': b"-- Found gtest sources under '/usr/src/googletest': gtests will be built\n"}
[1.686662] (hello_world_robot) StdoutLine: {'line': b"-- Found gmock sources under '/usr/src/googletest': gmock will be built\n"}
[1.711269] (-) TimerEvent: {}
[1.729582] (hello_world_robot) StdoutLine: {'line': b'-- Found PythonInterp: /usr/bin/python2 (found version "2.7.17") \n'}
[1.752055] (hello_world_robot) StdoutLine: {'line': b'-- Using Python nosetests: /usr/bin/nosetests-2.7\n'}
[1.811459] (-) TimerEvent: {}
[1.858307] (hello_world_robot) StdoutLine: {'line': b'-- catkin 0.7.29\n'}
[1.858699] (hello_world_robot) StdoutLine: {'line': b'-- BUILD_SHARED_LIBS is on\n'}
[1.911638] (-) TimerEvent: {}
[2.012182] (-) TimerEvent: {}
[2.112791] (-) TimerEvent: {}
[2.213364] (-) TimerEvent: {}
[2.313929] (-) TimerEvent: {}
[2.414621] (-) TimerEvent: {}
[2.444188] (hello_world_robot) StdoutLine: {'line': b'-- Using these message generators: gencpp;geneus;genlisp;gennodejs;genpy\n'}
[2.514780] (-) TimerEvent: {}
[2.615455] (-) TimerEvent: {}
[2.716191] (-) TimerEvent: {}
[2.816883] (-) TimerEvent: {}
[2.917603] (-) TimerEvent: {}
[3.018365] (-) TimerEvent: {}
[3.119565] (-) TimerEvent: {}
[3.220738] (-) TimerEvent: {}
[3.321999] (-) TimerEvent: {}
[3.423834] (-) TimerEvent: {}
[3.524688] (-) TimerEvent: {}
[3.626211] (-) TimerEvent: {}
[3.727738] (-) TimerEvent: {}
[3.829206] (-) TimerEvent: {}
[3.857289] (hello_world_robot) StdoutLine: {'line': b'-- Configuring done\n'}
[3.929330] (-) TimerEvent: {}
[4.029809] (-) TimerEvent: {}
[4.062829] (hello_world_robot) StdoutLine: {'line': b'-- Generating done\n'}
[4.090842] (hello_world_robot) StdoutLine: {'line': b'-- Build files have been written to: /home/ubuntu/environment/HelloWorld/robot_ws/build/hello_world_robot\n'}
[4.129987] (-) TimerEvent: {}
[4.148476] (hello_world_robot) StdoutLine: {'line': b'Built target hello_world_robot_xacro_generated_to_devel_space_\n'}
[4.168455] (hello_world_robot) CommandEnded: {'returncode': 0}
[4.230167] (-) TimerEvent: {}
[4.248506] (hello_world_robot) JobProgress: {'identifier': 'hello_world_robot', 'progress': "build target 'tests'"}
[4.248845] (hello_world_robot) Command: {'cmd': ['/usr/bin/cmake', '--build', '/home/ubuntu/environment/HelloWorld/robot_ws/build/hello_world_robot', '--target', 'tests', '--', '-j2', '-l2'], 'cwd': '/home/ubuntu/environment/HelloWorld/robot_ws/build/hello_world_robot', 'env': OrderedDict([('TMUX', '/tmp/tmux-1000/cloud92.2,2750,3'), ('MAIL', '/var/mail/ubuntu'), ('USER', 'ubuntu'), ('_system_version', '18.04'), ('SSH_CLIENT', '35.172.155.194 38442 22'), ('ROS_PACKAGE_PATH', '/home/ubuntu/environment/HelloWorld/robot_ws/install/turtlebot3_description_reduced_mesh/share:/opt/ros/melodic/share'), ('LD_LIBRARY_PATH', '/opt/ros/melodic/lib'), ('ROS_ETC_DIR', '/opt/ros/melodic/etc/ros'), ('SHLVL', '4'), ('HOME', '/home/ubuntu'), ('PORT', '8080'), ('ISOUTPUTPANE', '1'), ('NVM_BIN', '/home/ubuntu/.nvm/versions/node/v8.17.0/bin'), ('NVM_NODEJS_ORG_MIRROR', 'https://nodejs.org/dist'), ('ROS_PYTHON_VERSION', '2'), ('C9_USER', 'vocstartsoft'), ('NVM_DIR', '/home/ubuntu/.nvm'), ('NVM_PATH', '/home/ubuntu/.nvm/versions/node/v8.17.0/lib/node'), ('ROS_DISTRO', 'melodic'), ('HGUSER', 'vocstartsoft'), ('LOGNAME', 'ubuntu'), ('rvm_bin_path', '/usr/local/rvm/bin'), ('_', '/usr/local/bin/colcon'), ('RUBY_VERSION', 'ruby-2.4.1'), ('ROS_VERSION', '1'), ('C9_PORT', '8080'), ('PKG_CONFIG_PATH', '/home/ubuntu/environment/HelloWorld/robot_ws/install/turtlebot3_description_reduced_mesh/lib/x86_64-linux-gnu/pkgconfig:/home/ubuntu/environment/HelloWorld/robot_ws/install/turtlebot3_description_reduced_mesh/lib/pkgconfig:/opt/ros/melodic/lib/pkgconfig'), ('IRBRC', '/usr/local/rvm/rubies/ruby-2.4.1/.irbrc'), ('XDG_SESSION_ID', '3'), ('TERM', 'xterm-256color'), ('PATH', '/opt/ros/melodic/bin:/home/ubuntu/.nvm/versions/node/v8.17.0/bin:/usr/local/rvm/gems/ruby-2.4.1/bin:/usr/local/rvm/gems/ruby-2.4.1@global/bin:/usr/local/rvm/rubies/ruby-2.4.1/bin:/usr/local/sbin:/usr/local/bin:/usr/sbin:/usr/bin:/sbin:/bin:/usr/games:/usr/local/games:/snap/bin:/home/ubuntu/.local/bin:/home/ubuntu/bin:/home/ubuntu/.local/bin:/home/ubuntu/bin:/usr/local/rvm/bin:/home/ubuntu/.local/bin:/home/ubuntu/bin'), ('NVM_IOJS_ORG_MIRROR', 'https://iojs.org/dist'), ('XDG_RUNTIME_DIR', '/run/user/1000'), ('MY_RUBY_HOME', '/usr/local/rvm/rubies/ruby-2.4.1'), ('LANG', 'C.UTF-8'), ('ROS_ROOT', '/opt/ros/melodic/share/ros'), ('ROSLISP_PACKAGE_DIRECTORIES', ''), ('C9_HOSTNAME', '3.227.244.246'), ('NODE_PATH', '/home/ubuntu/.c9/node_modules'), ('SHELL', '/bin/bash'), ('ROS_MASTER_URI', 'http://localhost:11311'), ('rvm_prefix', '/usr/local'), ('_system_type', 'Linux'), ('GEM_HOME', '/usr/local/rvm/gems/ruby-2.4.1'), ('C9_PID', '36674d72cd8145e184f561d0677e5f8e'), ('rvm_version', '1.29.3 (1.29.3)'), ('_system_arch', 'x86_64'), ('C9_PROJECT', 'Yajian_lab1'), ('PWD', '/home/ubuntu/environment/HelloWorld/robot_ws/build/hello_world_robot'), ('GEM_PATH', '/usr/local/rvm/gems/ruby-2.4.1:/usr/local/rvm/gems/ruby-2.4.1@global'), ('SSH_CONNECTION', '35.172.155.194 38442 172.31.1.16 22'), ('NVM_CD_FLAGS', ''), ('XDG_DATA_DIRS', '/usr/local/share:/usr/share:/var/lib/snapd/desktop'), ('IP', '127.0.0.1'), ('_system_name', 'Ubuntu'), ('PYTHONPATH', '/opt/ros/melodic/lib/python2.7/dist-packages'), ('COLCON', '1'), ('rvm_path', '/usr/local/rvm'), ('TMUX_PANE', '%3'), ('MANPATH', '/home/ubuntu/.nvm/versions/node/v8.17.0/share/man:/usr/local/rvm/rubies/ruby-2.4.1/share/man:/usr/local/man:/usr/local/share/man:/usr/share/man:/usr/local/rvm/man'), ('EDITOR', ''), ('CMAKE_PREFIX_PATH', '/home/ubuntu/environment/HelloWorld/robot_ws/install/turtlebot3_description_reduced_mesh:/opt/ros/melodic')]), 'shell': False}
[4.330409] (-) TimerEvent: {}
[4.363483] (hello_world_robot) StdoutLine: {'line': b'Built target tests\n'}
[4.383723] (hello_world_robot) CommandEnded: {'returncode': 0}
[4.430595] (-) TimerEvent: {}
[4.470415] (hello_world_robot) JobProgress: {'identifier': 'hello_world_robot', 'progress': 'install'}
[4.470760] (hello_world_robot) Command: {'cmd': ['/usr/bin/cmake', '--build', '/home/ubuntu/environment/HelloWorld/robot_ws/build/hello_world_robot', '--target', 'install', '--', '-j2', '-l2'], 'cwd': '/home/ubuntu/environment/HelloWorld/robot_ws/build/hello_world_robot', 'env': OrderedDict([('TMUX', '/tmp/tmux-1000/cloud92.2,2750,3'), ('MAIL', '/var/mail/ubuntu'), ('USER', 'ubuntu'), ('_system_version', '18.04'), ('SSH_CLIENT', '35.172.155.194 38442 22'), ('ROS_PACKAGE_PATH', '/home/ubuntu/environment/HelloWorld/robot_ws/install/turtlebot3_description_reduced_mesh/share:/opt/ros/melodic/share'), ('LD_LIBRARY_PATH', '/opt/ros/melodic/lib'), ('ROS_ETC_DIR', '/opt/ros/melodic/etc/ros'), ('SHLVL', '4'), ('HOME', '/home/ubuntu'), ('PORT', '8080'), ('ISOUTPUTPANE', '1'), ('NVM_BIN', '/home/ubuntu/.nvm/versions/node/v8.17.0/bin'), ('NVM_NODEJS_ORG_MIRROR', 'https://nodejs.org/dist'), ('ROS_PYTHON_VERSION', '2'), ('C9_USER', 'vocstartsoft'), ('NVM_DIR', '/home/ubuntu/.nvm'), ('NVM_PATH', '/home/ubuntu/.nvm/versions/node/v8.17.0/lib/node'), ('ROS_DISTRO', 'melodic'), ('HGUSER', 'vocstartsoft'), ('LOGNAME', 'ubuntu'), ('rvm_bin_path', '/usr/local/rvm/bin'), ('_', '/usr/local/bin/colcon'), ('RUBY_VERSION', 'ruby-2.4.1'), ('ROS_VERSION', '1'), ('C9_PORT', '8080'), ('PKG_CONFIG_PATH', '/home/ubuntu/environment/HelloWorld/robot_ws/install/turtlebot3_description_reduced_mesh/lib/x86_64-linux-gnu/pkgconfig:/home/ubuntu/environment/HelloWorld/robot_ws/install/turtlebot3_description_reduced_mesh/lib/pkgconfig:/opt/ros/melodic/lib/pkgconfig'), ('IRBRC', '/usr/local/rvm/rubies/ruby-2.4.1/.irbrc'), ('XDG_SESSION_ID', '3'), ('TERM', 'xterm-256color'), ('PATH', '/opt/ros/melodic/bin:/home/ubuntu/.nvm/versions/node/v8.17.0/bin:/usr/local/rvm/gems/ruby-2.4.1/bin:/usr/local/rvm/gems/ruby-2.4.1@global/bin:/usr/local/rvm/rubies/ruby-2.4.1/bin:/usr/local/sbin:/usr/local/bin:/usr/sbin:/usr/bin:/sbin:/bin:/usr/games:/usr/local/games:/snap/bin:/home/ubuntu/.local/bin:/home/ubuntu/bin:/home/ubuntu/.local/bin:/home/ubuntu/bin:/usr/local/rvm/bin:/home/ubuntu/.local/bin:/home/ubuntu/bin'), ('NVM_IOJS_ORG_MIRROR', 'https://iojs.org/dist'), ('XDG_RUNTIME_DIR', '/run/user/1000'), ('MY_RUBY_HOME', '/usr/local/rvm/rubies/ruby-2.4.1'), ('LANG', 'C.UTF-8'), ('ROS_ROOT', '/opt/ros/melodic/share/ros'), ('ROSLISP_PACKAGE_DIRECTORIES', ''), ('C9_HOSTNAME', '3.227.244.246'), ('NODE_PATH', '/home/ubuntu/.c9/node_modules'), ('SHELL', '/bin/bash'), ('ROS_MASTER_URI', 'http://localhost:11311'), ('rvm_prefix', '/usr/local'), ('_system_type', 'Linux'), ('GEM_HOME', '/usr/local/rvm/gems/ruby-2.4.1'), ('C9_PID', '36674d72cd8145e184f561d0677e5f8e'), ('rvm_version', '1.29.3 (1.29.3)'), ('_system_arch', 'x86_64'), ('C9_PROJECT', 'Yajian_lab1'), ('PWD', '/home/ubuntu/environment/HelloWorld/robot_ws/build/hello_world_robot'), ('GEM_PATH', '/usr/local/rvm/gems/ruby-2.4.1:/usr/local/rvm/gems/ruby-2.4.1@global'), ('SSH_CONNECTION', '35.172.155.194 38442 172.31.1.16 22'), ('NVM_CD_FLAGS', ''), ('XDG_DATA_DIRS', '/usr/local/share:/usr/share:/var/lib/snapd/desktop'), ('IP', '127.0.0.1'), ('_system_name', 'Ubuntu'), ('PYTHONPATH', '/opt/ros/melodic/lib/python2.7/dist-packages'), ('COLCON', '1'), ('rvm_path', '/usr/local/rvm'), ('TMUX_PANE', '%3'), ('MANPATH', '/home/ubuntu/.nvm/versions/node/v8.17.0/share/man:/usr/local/rvm/rubies/ruby-2.4.1/share/man:/usr/local/man:/usr/local/share/man:/usr/share/man:/usr/local/rvm/man'), ('EDITOR', ''), ('CMAKE_PREFIX_PATH', '/home/ubuntu/environment/HelloWorld/robot_ws/install/turtlebot3_description_reduced_mesh:/opt/ros/melodic')]), 'shell': False}
[4.530795] (-) TimerEvent: {}
[4.559039] (hello_world_robot) StdoutLine: {'line': b'Built target hello_world_robot_xacro_generated_to_devel_space_\n'}
[4.591067] (hello_world_robot) StdoutLine: {'line': b'\x1b[36mInstall the project...\x1b[0m\n'}
[4.605729] (hello_world_robot) StdoutLine: {'line': b'-- Install configuration: ""\n'}
[4.607704] (hello_world_robot) StdoutLine: {'line': b'+ cd /home/ubuntu/environment/HelloWorld/robot_ws/src/hello_world_robot\n'}
[4.608073] (hello_world_robot) StdoutLine: {'line': b'+ mkdir -p /home/ubuntu/environment/HelloWorld/robot_ws/install/hello_world_robot/lib/python2.7/dist-packages\n'}
[4.610103] (hello_world_robot) StdoutLine: {'line': b'+ /usr/bin/env PYTHONPATH=/home/ubuntu/environment/HelloWorld/robot_ws/install/hello_world_robot/lib/python2.7/dist-packages:/home/ubuntu/environment/HelloWorld/robot_ws/build/hello_world_robot/lib/python2.7/dist-packages:/opt/ros/melodic/lib/python2.7/dist-packages CATKIN_BINARY_DIR=/home/ubuntu/environment/HelloWorld/robot_ws/build/hello_world_robot /usr/bin/python2 /home/ubuntu/environment/HelloWorld/robot_ws/src/hello_world_robot/setup.py build --build-base /home/ubuntu/environment/HelloWorld/robot_ws/build/hello_world_robot install --root=/ --install-layout=deb --prefix=/home/ubuntu/environment/HelloWorld/robot_ws/install/hello_world_robot --install-scripts=/home/ubuntu/environment/HelloWorld/robot_ws/install/hello_world_robot/bin\n'}
[4.630953] (-) TimerEvent: {}
[4.679022] (hello_world_robot) StdoutLine: {'line': b'running build\n'}
[4.679548] (hello_world_robot) StdoutLine: {'line': b'running build_py\n'}
[4.680888] (hello_world_robot) StdoutLine: {'line': b'running install\n'}
[4.681816] (hello_world_robot) StdoutLine: {'line': b'running install_lib\n'}
[4.682885] (hello_world_robot) StdoutLine: {'line': b'running install_egg_info\n'}
[4.683641] (hello_world_robot) StdoutLine: {'line': b'Removing /home/ubuntu/environment/HelloWorld/robot_ws/install/hello_world_robot/lib/python2.7/dist-packages/hello_world_robot-1.4.0.egg-info\n'}
[4.684061] (hello_world_robot) StdoutLine: {'line': b'Writing /home/ubuntu/environment/HelloWorld/robot_ws/install/hello_world_robot/lib/python2.7/dist-packages/hello_world_robot-1.4.0.egg-info\n'}
[4.689769] (hello_world_robot) StdoutLine: {'line': b'-- Installing: /home/ubuntu/environment/HelloWorld/robot_ws/install/hello_world_robot/lib/pkgconfig/hello_world_robot.pc\n'}
[4.690513] (hello_world_robot) StdoutLine: {'line': b'-- Up-to-date: /home/ubuntu/environment/HelloWorld/robot_ws/install/hello_world_robot/share/hello_world_robot/cmake/hello_world_robotConfig.cmake\n'}
[4.690870] (hello_world_robot) StdoutLine: {'line': b'-- Up-to-date: /home/ubuntu/environment/HelloWorld/robot_ws/install/hello_world_robot/share/hello_world_robot/cmake/hello_world_robotConfig-version.cmake\n'}
[4.691296] (hello_world_robot) StdoutLine: {'line': b'-- Up-to-date: /home/ubuntu/environment/HelloWorld/robot_ws/install/hello_world_robot/share/hello_world_robot/package.xml\n'}
[4.691724] (hello_world_robot) StdoutLine: {'line': b'-- Installing: /home/ubuntu/environment/HelloWorld/robot_ws/install/hello_world_robot/lib/hello_world_robot/rotate\n'}
[4.692283] (hello_world_robot) StdoutLine: {'line': b'-- Up-to-date: /home/ubuntu/environment/HelloWorld/robot_ws/install/hello_world_robot/share/hello_world_robot/launch\n'}
[4.692673] (hello_world_robot) StdoutLine: {'line': b'-- Up-to-date: /home/ubuntu/environment/HelloWorld/robot_ws/install/hello_world_robot/share/hello_world_robot/launch/deploy_rotate.launch\n'}
[4.693285] (hello_world_robot) StdoutLine: {'line': b'-- Up-to-date: /home/ubuntu/environment/HelloWorld/robot_ws/install/hello_world_robot/share/hello_world_robot/launch/rotate.launch\n'}
[4.693488] (hello_world_robot) StdoutLine: {'line': b'-- Up-to-date: /home/ubuntu/environment/HelloWorld/robot_ws/install/hello_world_robot/share/deploymentScripts\n'}
[4.701884] (hello_world_robot) StdoutLine: {'line': b'-- Up-to-date: /home/ubuntu/environment/HelloWorld/robot_ws/install/hello_world_robot/share/deploymentScripts/post_launch_file.sh\n'}
[4.702952] (hello_world_robot) StdoutLine: {'line': b'-- Up-to-date: /home/ubuntu/environment/HelloWorld/robot_ws/install/hello_world_robot/share/deploymentScripts/pre_launch_file.sh\n'}
[4.703173] (hello_world_robot) StdoutLine: {'line': b'-- Up-to-date: /home/ubuntu/environment/HelloWorld/robot_ws/install/hello_world_robot/share/hello_world_robot/rviz/turtlebot3_model.rviz\n'}
[4.703385] (hello_world_robot) CommandEnded: {'returncode': 0}
[4.731131] (-) TimerEvent: {}
[4.831608] (-) TimerEvent: {}
[4.937180] (-) TimerEvent: {}
[5.006890] (hello_world_robot) JobEnded: {'identifier': 'hello_world_robot', 'rc': 0}
[5.010162] (-) EventReactorShutdown: {}
