[0.049s] Invoking command in '/home/ubuntu/environment/HelloWorld/robot_ws/build/turtlebot3_description_reduced_mesh': /usr/bin/cmake --build /home/ubuntu/environment/HelloWorld/robot_ws/build/turtlebot3_description_reduced_mesh -- -j2 -l2
[0.131s] Invoked command in '/home/ubuntu/environment/HelloWorld/robot_ws/build/turtlebot3_description_reduced_mesh' returned '0': /usr/bin/cmake --build /home/ubuntu/environment/HelloWorld/robot_ws/build/turtlebot3_description_reduced_mesh -- -j2 -l2
[0.248s] Invoking command in '/home/ubuntu/environment/HelloWorld/robot_ws/build/turtlebot3_description_reduced_mesh': /usr/bin/cmake --build /home/ubuntu/environment/HelloWorld/robot_ws/build/turtlebot3_description_reduced_mesh --target tests -- -j2 -l2
[0.364s] Built target tests
[0.386s] Invoked command in '/home/ubuntu/environment/HelloWorld/robot_ws/build/turtlebot3_description_reduced_mesh' returned '0': /usr/bin/cmake --build /home/ubuntu/environment/HelloWorld/robot_ws/build/turtlebot3_description_reduced_mesh --target tests -- -j2 -l2
[0.519s] Invoking command in '/home/ubuntu/environment/HelloWorld/robot_ws/build/turtlebot3_description_reduced_mesh': /usr/bin/cmake --build /home/ubuntu/environment/HelloWorld/robot_ws/build/turtlebot3_description_reduced_mesh --target install -- -j2 -l2
[0.610s] [36mInstall the project...[0m
[0.625s] -- Install configuration: ""
[0.625s] -- Up-to-date: /home/ubuntu/environment/HelloWorld/robot_ws/install/turtlebot3_description_reduced_mesh/lib/pkgconfig/turtlebot3_description_reduced_mesh.pc
[0.626s] -- Up-to-date: /home/ubuntu/environment/HelloWorld/robot_ws/install/turtlebot3_description_reduced_mesh/share/turtlebot3_description_reduced_mesh/cmake/turtlebot3_description_reduced_meshConfig.cmake
[0.626s] -- Up-to-date: /home/ubuntu/environment/HelloWorld/robot_ws/install/turtlebot3_description_reduced_mesh/share/turtlebot3_description_reduced_mesh/cmake/turtlebot3_description_reduced_meshConfig-version.cmake
[0.627s] -- Up-to-date: /home/ubuntu/environment/HelloWorld/robot_ws/install/turtlebot3_description_reduced_mesh/share/turtlebot3_description_reduced_mesh/package.xml
[0.627s] -- Up-to-date: /home/ubuntu/environment/HelloWorld/robot_ws/install/turtlebot3_description_reduced_mesh/share/turtlebot3_description_reduced_mesh/launch
[0.627s] -- Up-to-date: /home/ubuntu/environment/HelloWorld/robot_ws/install/turtlebot3_description_reduced_mesh/share/turtlebot3_description_reduced_mesh/launch/spawn_turtlebot.launch
[0.628s] -- Up-to-date: /home/ubuntu/environment/HelloWorld/robot_ws/install/turtlebot3_description_reduced_mesh/share/turtlebot3_description_reduced_mesh/meshes
[0.628s] -- Up-to-date: /home/ubuntu/environment/HelloWorld/robot_ws/install/turtlebot3_description_reduced_mesh/share/turtlebot3_description_reduced_mesh/meshes/sensors
[0.628s] -- Up-to-date: /home/ubuntu/environment/HelloWorld/robot_ws/install/turtlebot3_description_reduced_mesh/share/turtlebot3_description_reduced_mesh/meshes/sensors/r200.jpg
[0.628s] -- Up-to-date: /home/ubuntu/environment/HelloWorld/robot_ws/install/turtlebot3_description_reduced_mesh/share/turtlebot3_description_reduced_mesh/meshes/sensors/astra.dae
[0.629s] -- Up-to-date: /home/ubuntu/environment/HelloWorld/robot_ws/install/turtlebot3_description_reduced_mesh/share/turtlebot3_description_reduced_mesh/meshes/sensors/astra.jpg
[0.629s] -- Up-to-date: /home/ubuntu/environment/HelloWorld/robot_ws/install/turtlebot3_description_reduced_mesh/share/turtlebot3_description_reduced_mesh/meshes/sensors/r200.dae
[0.629s] -- Up-to-date: /home/ubuntu/environment/HelloWorld/robot_ws/install/turtlebot3_description_reduced_mesh/share/turtlebot3_description_reduced_mesh/meshes/sensors/lds.stl
[0.630s] -- Up-to-date: /home/ubuntu/environment/HelloWorld/robot_ws/install/turtlebot3_description_reduced_mesh/share/turtlebot3_description_reduced_mesh/meshes/wheels
[0.630s] -- Up-to-date: /home/ubuntu/environment/HelloWorld/robot_ws/install/turtlebot3_description_reduced_mesh/share/turtlebot3_description_reduced_mesh/meshes/wheels/left_tire.stl
[0.630s] -- Up-to-date: /home/ubuntu/environment/HelloWorld/robot_ws/install/turtlebot3_description_reduced_mesh/share/turtlebot3_description_reduced_mesh/meshes/wheels/right_tire.stl
[0.631s] -- Up-to-date: /home/ubuntu/environment/HelloWorld/robot_ws/install/turtlebot3_description_reduced_mesh/share/turtlebot3_description_reduced_mesh/meshes/wheels/right_tire_reduced.stl
[0.631s] -- Up-to-date: /home/ubuntu/environment/HelloWorld/robot_ws/install/turtlebot3_description_reduced_mesh/share/turtlebot3_description_reduced_mesh/meshes/wheels/left_tire_reduced.stl
[0.631s] -- Up-to-date: /home/ubuntu/environment/HelloWorld/robot_ws/install/turtlebot3_description_reduced_mesh/share/turtlebot3_description_reduced_mesh/meshes/bases
[0.631s] -- Up-to-date: /home/ubuntu/environment/HelloWorld/robot_ws/install/turtlebot3_description_reduced_mesh/share/turtlebot3_description_reduced_mesh/meshes/bases/waffle_pi_base_reduced.stl
[0.632s] -- Up-to-date: /home/ubuntu/environment/HelloWorld/robot_ws/install/turtlebot3_description_reduced_mesh/share/turtlebot3_description_reduced_mesh/meshes/bases/burger_base.stl
[0.632s] -- Up-to-date: /home/ubuntu/environment/HelloWorld/robot_ws/install/turtlebot3_description_reduced_mesh/share/turtlebot3_description_reduced_mesh/meshes/bases/waffle_pi_base.stl
[0.632s] -- Up-to-date: /home/ubuntu/environment/HelloWorld/robot_ws/install/turtlebot3_description_reduced_mesh/share/turtlebot3_description_reduced_mesh/meshes/bases/waffle_base_for_open_manipulator.stl
[0.633s] -- Up-to-date: /home/ubuntu/environment/HelloWorld/robot_ws/install/turtlebot3_description_reduced_mesh/share/turtlebot3_description_reduced_mesh/meshes/bases/waffle_pi_base_for_open_manipulator.stl
[0.633s] -- Up-to-date: /home/ubuntu/environment/HelloWorld/robot_ws/install/turtlebot3_description_reduced_mesh/share/turtlebot3_description_reduced_mesh/meshes/bases/waffle_base.stl
[0.633s] -- Up-to-date: /home/ubuntu/environment/HelloWorld/robot_ws/install/turtlebot3_description_reduced_mesh/share/turtlebot3_description_reduced_mesh/meshes/bases/burger_base_decimated.stl
[0.633s] -- Up-to-date: /home/ubuntu/environment/HelloWorld/robot_ws/install/turtlebot3_description_reduced_mesh/share/turtlebot3_description_reduced_mesh/urdf
[0.642s] -- Up-to-date: /home/ubuntu/environment/HelloWorld/robot_ws/install/turtlebot3_description_reduced_mesh/share/turtlebot3_description_reduced_mesh/urdf/turtlebot3_burger_for_autorace.gazebo.xacro
[0.642s] -- Up-to-date: /home/ubuntu/environment/HelloWorld/robot_ws/install/turtlebot3_description_reduced_mesh/share/turtlebot3_description_reduced_mesh/urdf/turtlebot3_waffle_pi.gazebo.xacro
[0.642s] -- Up-to-date: /home/ubuntu/environment/HelloWorld/robot_ws/install/turtlebot3_description_reduced_mesh/share/turtlebot3_description_reduced_mesh/urdf/turtlebot3_burger.urdf.xacro
[0.643s] -- Up-to-date: /home/ubuntu/environment/HelloWorld/robot_ws/install/turtlebot3_description_reduced_mesh/share/turtlebot3_description_reduced_mesh/urdf/turtlebot3_waffle_for_open_manipulator.urdf.xacro
[0.643s] -- Up-to-date: /home/ubuntu/environment/HelloWorld/robot_ws/install/turtlebot3_description_reduced_mesh/share/turtlebot3_description_reduced_mesh/urdf/common_properties.xacro
[0.643s] -- Up-to-date: /home/ubuntu/environment/HelloWorld/robot_ws/install/turtlebot3_description_reduced_mesh/share/turtlebot3_description_reduced_mesh/urdf/turtlebot3_waffle_pi_for_open_manipulator.urdf.xacro
[0.643s] -- Up-to-date: /home/ubuntu/environment/HelloWorld/robot_ws/install/turtlebot3_description_reduced_mesh/share/turtlebot3_description_reduced_mesh/urdf/turtlebot3_burger_for_autorace.urdf.xacro
[0.643s] -- Up-to-date: /home/ubuntu/environment/HelloWorld/robot_ws/install/turtlebot3_description_reduced_mesh/share/turtlebot3_description_reduced_mesh/urdf/turtlebot3_waffle_pi.urdf.xacro
[0.644s] -- Up-to-date: /home/ubuntu/environment/HelloWorld/robot_ws/install/turtlebot3_description_reduced_mesh/share/turtlebot3_description_reduced_mesh/urdf/turtlebot3_waffle.urdf.xacro
[0.644s] -- Up-to-date: /home/ubuntu/environment/HelloWorld/robot_ws/install/turtlebot3_description_reduced_mesh/share/turtlebot3_description_reduced_mesh/urdf/turtlebot3_waffle.gazebo.xacro
[0.644s] -- Up-to-date: /home/ubuntu/environment/HelloWorld/robot_ws/install/turtlebot3_description_reduced_mesh/share/turtlebot3_description_reduced_mesh/urdf/turtlebot3_burger.gazebo.xacro
[0.644s] Invoked command in '/home/ubuntu/environment/HelloWorld/robot_ws/build/turtlebot3_description_reduced_mesh' returned '0': /usr/bin/cmake --build /home/ubuntu/environment/HelloWorld/robot_ws/build/turtlebot3_description_reduced_mesh --target install -- -j2 -l2
