[0.000000] (-) TimerEvent: {}
[0.001372] (turtlebot3_description_reduced_mesh) JobQueued: {'identifier': 'turtlebot3_description_reduced_mesh', 'dependencies': OrderedDict()}
[0.001447] (hello_world_robot) JobQueued: {'identifier': 'hello_world_robot', 'dependencies': OrderedDict([('turtlebot3_description_reduced_mesh', '/home/ubuntu/environment/HelloWorld/robot_ws/install/turtlebot3_description_reduced_mesh')])}
[0.001514] (turtlebot3_description_reduced_mesh) JobStarted: {'identifier': 'turtlebot3_description_reduced_mesh'}
[0.048558] (turtlebot3_description_reduced_mesh) JobProgress: {'identifier': 'turtlebot3_description_reduced_mesh', 'progress': 'cmake'}
[0.049309] (turtlebot3_description_reduced_mesh) Command: {'cmd': ['/usr/bin/cmake', '/home/ubuntu/environment/HelloWorld/robot_ws/src/deps/turtlebot3-description-reduced-mesh', '-DCATKIN_INSTALL_INTO_PREFIX_ROOT=0', '-DCMAKE_INSTALL_PREFIX=/home/ubuntu/environment/HelloWorld/robot_ws/install/turtlebot3_description_reduced_mesh'], 'cwd': '/home/ubuntu/environment/HelloWorld/robot_ws/build/turtlebot3_description_reduced_mesh', 'env': OrderedDict([('TMUX', '/tmp/tmux-1000/cloud92.2,3108,2'), ('MAIL', '/var/mail/ubuntu'), ('USER', 'ubuntu'), ('_system_version', '18.04'), ('SSH_CLIENT', '35.172.155.193 29664 22'), ('ROS_PACKAGE_PATH', '/opt/ros/melodic/share'), ('LD_LIBRARY_PATH', '/opt/ros/melodic/lib'), ('ROS_ETC_DIR', '/opt/ros/melodic/etc/ros'), ('SHLVL', '4'), ('HOME', '/home/ubuntu'), ('PORT', '8080'), ('ISOUTPUTPANE', '1'), ('NVM_BIN', '/home/ubuntu/.nvm/versions/node/v8.17.0/bin'), ('NVM_NODEJS_ORG_MIRROR', 'https://nodejs.org/dist'), ('ROS_PYTHON_VERSION', '2'), ('C9_USER', 'vocstartsoft'), ('NVM_DIR', '/home/ubuntu/.nvm'), ('NVM_PATH', '/home/ubuntu/.nvm/versions/node/v8.17.0/lib/node'), ('ROS_DISTRO', 'melodic'), ('HGUSER', 'vocstartsoft'), ('LOGNAME', 'ubuntu'), ('rvm_bin_path', '/usr/local/rvm/bin'), ('_', '/usr/local/bin/colcon'), ('RUBY_VERSION', 'ruby-2.4.1'), ('ROS_VERSION', '1'), ('C9_PORT', '8080'), ('PKG_CONFIG_PATH', '/opt/ros/melodic/lib/pkgconfig'), ('IRBRC', '/usr/local/rvm/rubies/ruby-2.4.1/.irbrc'), ('XDG_SESSION_ID', '5'), ('TERM', 'xterm-256color'), ('PATH', '/opt/ros/melodic/bin:/home/ubuntu/.nvm/versions/node/v8.17.0/bin:/usr/local/rvm/gems/ruby-2.4.1/bin:/usr/local/rvm/gems/ruby-2.4.1@global/bin:/usr/local/rvm/rubies/ruby-2.4.1/bin:/usr/local/sbin:/usr/local/bin:/usr/sbin:/usr/bin:/sbin:/bin:/usr/games:/usr/local/games:/snap/bin:/home/ubuntu/.local/bin:/home/ubuntu/bin:/home/ubuntu/.local/bin:/home/ubuntu/bin:/usr/local/rvm/bin:/home/ubuntu/.local/bin:/home/ubuntu/bin'), ('NVM_IOJS_ORG_MIRROR', 'https://iojs.org/dist'), ('XDG_RUNTIME_DIR', '/run/user/1000'), ('MY_RUBY_HOME', '/usr/local/rvm/rubies/ruby-2.4.1'), ('LANG', 'C.UTF-8'), ('ROS_ROOT', '/opt/ros/melodic/share/ros'), ('ROSLISP_PACKAGE_DIRECTORIES', ''), ('C9_HOSTNAME', '3.235.50.170'), ('NODE_PATH', '/home/ubuntu/.c9/node_modules'), ('SHELL', '/bin/bash'), ('ROS_MASTER_URI', 'http://localhost:11311'), ('rvm_prefix', '/usr/local'), ('_system_type', 'Linux'), ('GEM_HOME', '/usr/local/rvm/gems/ruby-2.4.1'), ('C9_PID', '36674d72cd8145e184f561d0677e5f8e'), ('rvm_version', '1.29.3 (1.29.3)'), ('_system_arch', 'x86_64'), ('C9_PROJECT', 'Yajian_lab1'), ('PWD', '/home/ubuntu/environment/HelloWorld/robot_ws/build/turtlebot3_description_reduced_mesh'), ('GEM_PATH', '/usr/local/rvm/gems/ruby-2.4.1:/usr/local/rvm/gems/ruby-2.4.1@global'), ('SSH_CONNECTION', '35.172.155.193 29664 172.31.1.16 22'), ('NVM_CD_FLAGS', ''), ('XDG_DATA_DIRS', '/usr/local/share:/usr/share:/var/lib/snapd/desktop'), ('IP', '127.0.0.1'), ('_system_name', 'Ubuntu'), ('PYTHONPATH', '/opt/ros/melodic/lib/python2.7/dist-packages'), ('COLCON', '1'), ('rvm_path', '/usr/local/rvm'), ('TMUX_PANE', '%2'), ('MANPATH', '/home/ubuntu/.nvm/versions/node/v8.17.0/share/man:/usr/local/rvm/rubies/ruby-2.4.1/share/man:/usr/local/man:/usr/local/share/man:/usr/share/man:/usr/local/rvm/man'), ('EDITOR', ''), ('CMAKE_PREFIX_PATH', '/opt/ros/melodic')]), 'shell': False}
[0.099717] (-) TimerEvent: {}
[0.200368] (-) TimerEvent: {}
[0.300991] (-) TimerEvent: {}
[0.401467] (-) TimerEvent: {}
[0.501912] (-) TimerEvent: {}
[0.602371] (-) TimerEvent: {}
[0.702837] (-) TimerEvent: {}
[0.803277] (-) TimerEvent: {}
[0.903731] (-) TimerEvent: {}
[1.004171] (-) TimerEvent: {}
[1.104675] (-) TimerEvent: {}
[1.205132] (-) TimerEvent: {}
[1.305573] (-) TimerEvent: {}
[1.406015] (-) TimerEvent: {}
[1.506456] (-) TimerEvent: {}
[1.606898] (-) TimerEvent: {}
[1.707340] (-) TimerEvent: {}
[1.807776] (-) TimerEvent: {}
[1.908242] (-) TimerEvent: {}
[2.008737] (-) TimerEvent: {}
[2.109170] (-) TimerEvent: {}
[2.209612] (-) TimerEvent: {}
[2.310052] (-) TimerEvent: {}
[2.410491] (-) TimerEvent: {}
[2.510937] (-) TimerEvent: {}
[2.611421] (-) TimerEvent: {}
[2.711863] (-) TimerEvent: {}
[2.812295] (-) TimerEvent: {}
[2.912738] (-) TimerEvent: {}
[3.013184] (-) TimerEvent: {}
[3.113727] (-) TimerEvent: {}
[3.214201] (-) TimerEvent: {}
[3.314645] (-) TimerEvent: {}
[3.415106] (-) TimerEvent: {}
[3.515544] (-) TimerEvent: {}
[3.616033] (-) TimerEvent: {}
[3.716491] (-) TimerEvent: {}
[3.816983] (-) TimerEvent: {}
[3.917442] (-) TimerEvent: {}
[4.017904] (-) TimerEvent: {}
[4.118457] (-) TimerEvent: {}
[4.218920] (-) TimerEvent: {}
[4.319360] (-) TimerEvent: {}
[4.419803] (-) TimerEvent: {}
[4.520269] (-) TimerEvent: {}
[4.620775] (-) TimerEvent: {}
[4.721218] (-) TimerEvent: {}
[4.821677] (-) TimerEvent: {}
[4.922139] (-) TimerEvent: {}
[5.022621] (-) TimerEvent: {}
[5.123178] (-) TimerEvent: {}
[5.223638] (-) TimerEvent: {}
[5.324212] (-) TimerEvent: {}
[5.424818] (-) TimerEvent: {}
[5.525428] (-) TimerEvent: {}
[5.625888] (-) TimerEvent: {}
[5.726340] (-) TimerEvent: {}
[5.826779] (-) TimerEvent: {}
[5.927220] (-) TimerEvent: {}
[6.027661] (-) TimerEvent: {}
[6.128126] (-) TimerEvent: {}
[6.228579] (-) TimerEvent: {}
[6.329056] (-) TimerEvent: {}
[6.429507] (-) TimerEvent: {}
[6.529952] (-) TimerEvent: {}
[6.630405] (-) TimerEvent: {}
[6.730851] (-) TimerEvent: {}
[6.831296] (-) TimerEvent: {}
[6.931735] (-) TimerEvent: {}
[7.032167] (-) TimerEvent: {}
[7.132601] (-) TimerEvent: {}
[7.233079] (-) TimerEvent: {}
[7.333526] (-) TimerEvent: {}
[7.433967] (-) TimerEvent: {}
[7.534411] (-) TimerEvent: {}
[7.634851] (-) TimerEvent: {}
[7.735293] (-) TimerEvent: {}
[7.768754] (turtlebot3_description_reduced_mesh) StdoutLine: {'line': b'-- The C compiler identification is GNU 7.5.0\n'}
[7.835517] (-) TimerEvent: {}
[7.936073] (-) TimerEvent: {}
[8.036522] (-) TimerEvent: {}
[8.137046] (-) TimerEvent: {}
[8.237513] (-) TimerEvent: {}
[8.337970] (-) TimerEvent: {}
[8.438423] (-) TimerEvent: {}
[8.538870] (-) TimerEvent: {}
[8.639325] (-) TimerEvent: {}
[8.739787] (-) TimerEvent: {}
[8.840253] (-) TimerEvent: {}
[8.940691] (-) TimerEvent: {}
[9.041125] (-) TimerEvent: {}
[9.141591] (-) TimerEvent: {}
[9.242047] (-) TimerEvent: {}
[9.342520] (-) TimerEvent: {}
[9.442980] (-) TimerEvent: {}
[9.543434] (-) TimerEvent: {}
[9.643924] (-) TimerEvent: {}
[9.744366] (-) TimerEvent: {}
[9.844830] (-) TimerEvent: {}
[9.945299] (-) TimerEvent: {}
[10.045750] (-) TimerEvent: {}
[10.146220] (-) TimerEvent: {}
[10.246689] (-) TimerEvent: {}
[10.347146] (-) TimerEvent: {}
[10.447588] (-) TimerEvent: {}
[10.548030] (-) TimerEvent: {}
[10.648494] (-) TimerEvent: {}
[10.748956] (-) TimerEvent: {}
[10.849412] (-) TimerEvent: {}
[10.949856] (-) TimerEvent: {}
[11.050298] (-) TimerEvent: {}
[11.150742] (-) TimerEvent: {}
[11.251201] (-) TimerEvent: {}
[11.351652] (-) TimerEvent: {}
[11.452106] (-) TimerEvent: {}
[11.552568] (-) TimerEvent: {}
[11.653080] (-) TimerEvent: {}
[11.754605] (-) TimerEvent: {}
[11.855064] (-) TimerEvent: {}
[11.955536] (-) TimerEvent: {}
[12.055990] (-) TimerEvent: {}
[12.156447] (-) TimerEvent: {}
[12.256948] (-) TimerEvent: {}
[12.326650] (turtlebot3_description_reduced_mesh) StdoutLine: {'line': b'-- The CXX compiler identification is GNU 7.5.0\n'}
[12.357124] (-) TimerEvent: {}
[12.429211] (turtlebot3_description_reduced_mesh) StdoutLine: {'line': b'-- Check for working C compiler: /usr/bin/cc\n'}
[12.457304] (-) TimerEvent: {}
[12.557765] (-) TimerEvent: {}
[12.598012] (turtlebot3_description_reduced_mesh) StdoutLine: {'line': b'-- Check for working C compiler: /usr/bin/cc -- works\n'}
[12.599324] (turtlebot3_description_reduced_mesh) StdoutLine: {'line': b'-- Detecting C compiler ABI info\n'}
[12.657963] (-) TimerEvent: {}
[12.680097] (turtlebot3_description_reduced_mesh) StdoutLine: {'line': b'-- Detecting C compiler ABI info - done\n'}
[12.692109] (turtlebot3_description_reduced_mesh) StdoutLine: {'line': b'-- Detecting C compile features\n'}
[12.758136] (-) TimerEvent: {}
[12.858583] (-) TimerEvent: {}
[12.959053] (-) TimerEvent: {}
[13.059582] (-) TimerEvent: {}
[13.090821] (turtlebot3_description_reduced_mesh) StdoutLine: {'line': b'-- Detecting C compile features - done\n'}
[13.096835] (turtlebot3_description_reduced_mesh) StdoutLine: {'line': b'-- Check for working CXX compiler: /usr/bin/c++\n'}
[13.159787] (-) TimerEvent: {}
[13.188103] (turtlebot3_description_reduced_mesh) StdoutLine: {'line': b'-- Check for working CXX compiler: /usr/bin/c++ -- works\n'}
[13.189089] (turtlebot3_description_reduced_mesh) StdoutLine: {'line': b'-- Detecting CXX compiler ABI info\n'}
[13.259986] (-) TimerEvent: {}
[13.283144] (turtlebot3_description_reduced_mesh) StdoutLine: {'line': b'-- Detecting CXX compiler ABI info - done\n'}
[13.294543] (turtlebot3_description_reduced_mesh) StdoutLine: {'line': b'-- Detecting CXX compile features\n'}
[13.360187] (-) TimerEvent: {}
[13.460719] (-) TimerEvent: {}
[13.561489] (-) TimerEvent: {}
[13.662850] (-) TimerEvent: {}
[13.706837] (turtlebot3_description_reduced_mesh) StdoutLine: {'line': b'-- Detecting CXX compile features - done\n'}
[13.712469] (turtlebot3_description_reduced_mesh) StdoutLine: {'line': b'-- Using CATKIN_DEVEL_PREFIX: /home/ubuntu/environment/HelloWorld/robot_ws/build/turtlebot3_description_reduced_mesh/devel\n'}
[13.712827] (turtlebot3_description_reduced_mesh) StdoutLine: {'line': b'-- Using CMAKE_PREFIX_PATH: /opt/ros/melodic\n'}
[13.713108] (turtlebot3_description_reduced_mesh) StdoutLine: {'line': b'-- This workspace overlays: /opt/ros/melodic\n'}
[13.763022] (-) TimerEvent: {}
[13.817266] (turtlebot3_description_reduced_mesh) StdoutLine: {'line': b'-- Found PythonInterp: /usr/bin/python2 (found suitable version "2.7.17", minimum required is "2") \n'}
[13.817776] (turtlebot3_description_reduced_mesh) StdoutLine: {'line': b'-- Using PYTHON_EXECUTABLE: /usr/bin/python2\n'}
[13.817927] (turtlebot3_description_reduced_mesh) StdoutLine: {'line': b'-- Using Debian Python package layout\n'}
[13.818975] (turtlebot3_description_reduced_mesh) StdoutLine: {'line': b'-- Using empy: /usr/bin/empy\n'}
[13.863212] (-) TimerEvent: {}
[13.963944] (-) TimerEvent: {}
[14.012740] (turtlebot3_description_reduced_mesh) StdoutLine: {'line': b'-- Using CATKIN_ENABLE_TESTING: ON\n'}
[14.013105] (turtlebot3_description_reduced_mesh) StdoutLine: {'line': b'-- Call enable_testing()\n'}
[14.015712] (turtlebot3_description_reduced_mesh) StdoutLine: {'line': b'-- Using CATKIN_TEST_RESULTS_DIR: /home/ubuntu/environment/HelloWorld/robot_ws/build/turtlebot3_description_reduced_mesh/test_results\n'}
[14.064127] (-) TimerEvent: {}
[14.164592] (-) TimerEvent: {}
[14.265102] (-) TimerEvent: {}
[14.365549] (-) TimerEvent: {}
[14.436155] (turtlebot3_description_reduced_mesh) StdoutLine: {'line': b"-- Found gtest sources under '/usr/src/googletest': gtests will be built\n"}
[14.436493] (turtlebot3_description_reduced_mesh) StdoutLine: {'line': b"-- Found gmock sources under '/usr/src/googletest': gmock will be built\n"}
[14.465703] (-) TimerEvent: {}
[14.545296] (turtlebot3_description_reduced_mesh) StdoutLine: {'line': b'-- Found PythonInterp: /usr/bin/python2 (found version "2.7.17") \n'}
[14.548237] (turtlebot3_description_reduced_mesh) StdoutLine: {'line': b'-- Looking for pthread.h\n'}
[14.565877] (-) TimerEvent: {}
[14.666647] (-) TimerEvent: {}
[14.767078] (-) TimerEvent: {}
[14.867529] (-) TimerEvent: {}
[14.967991] (-) TimerEvent: {}
[15.057356] (turtlebot3_description_reduced_mesh) StdoutLine: {'line': b'-- Looking for pthread.h - found\n'}
[15.058390] (turtlebot3_description_reduced_mesh) StdoutLine: {'line': b'-- Looking for pthread_create\n'}
[15.068150] (-) TimerEvent: {}
[15.144836] (turtlebot3_description_reduced_mesh) StdoutLine: {'line': b'-- Looking for pthread_create - not found\n'}
[15.145196] (turtlebot3_description_reduced_mesh) StdoutLine: {'line': b'-- Looking for pthread_create in pthreads\n'}
[15.168347] (-) TimerEvent: {}
[15.208242] (turtlebot3_description_reduced_mesh) StdoutLine: {'line': b'-- Looking for pthread_create in pthreads - not found\n'}
[15.208736] (turtlebot3_description_reduced_mesh) StdoutLine: {'line': b'-- Looking for pthread_create in pthread\n'}
[15.268558] (-) TimerEvent: {}
[15.288880] (turtlebot3_description_reduced_mesh) StdoutLine: {'line': b'-- Looking for pthread_create in pthread - found\n'}
[15.290487] (turtlebot3_description_reduced_mesh) StdoutLine: {'line': b'-- Found Threads: TRUE  \n'}
[15.296695] (turtlebot3_description_reduced_mesh) StdoutLine: {'line': b'-- Using Python nosetests: /usr/bin/nosetests-2.7\n'}
[15.368734] (-) TimerEvent: {}
[15.469186] (-) TimerEvent: {}
[15.569628] (-) TimerEvent: {}
[15.670089] (-) TimerEvent: {}
[15.770567] (-) TimerEvent: {}
[15.871115] (-) TimerEvent: {}
[15.888342] (turtlebot3_description_reduced_mesh) StdoutLine: {'line': b'-- catkin 0.7.29\n'}
[15.888570] (turtlebot3_description_reduced_mesh) StdoutLine: {'line': b'-- BUILD_SHARED_LIBS is on\n'}
[15.971334] (-) TimerEvent: {}
[16.071887] (-) TimerEvent: {}
[16.172337] (-) TimerEvent: {}
[16.272726] (-) TimerEvent: {}
[16.350505] (turtlebot3_description_reduced_mesh) StdoutLine: {'line': b'-- Using these message generators: gencpp;geneus;genlisp;gennodejs;genpy\n'}
[16.372914] (-) TimerEvent: {}
[16.473690] (-) TimerEvent: {}
[16.574608] (-) TimerEvent: {}
[16.675401] (-) TimerEvent: {}
[16.690013] (turtlebot3_description_reduced_mesh) StdoutLine: {'line': b'-- Configuring done\n'}
[16.724075] (turtlebot3_description_reduced_mesh) StdoutLine: {'line': b'-- Generating done\n'}
[16.733814] (turtlebot3_description_reduced_mesh) StdoutLine: {'line': b'-- Build files have been written to: /home/ubuntu/environment/HelloWorld/robot_ws/build/turtlebot3_description_reduced_mesh\n'}
[16.739302] (turtlebot3_description_reduced_mesh) CommandEnded: {'returncode': 0}
[16.740290] (turtlebot3_description_reduced_mesh) JobProgress: {'identifier': 'turtlebot3_description_reduced_mesh', 'progress': 'build'}
[16.741407] (turtlebot3_description_reduced_mesh) Command: {'cmd': ['/usr/bin/cmake', '--build', '/home/ubuntu/environment/HelloWorld/robot_ws/build/turtlebot3_description_reduced_mesh', '--', '-j2', '-l2'], 'cwd': '/home/ubuntu/environment/HelloWorld/robot_ws/build/turtlebot3_description_reduced_mesh', 'env': OrderedDict([('TMUX', '/tmp/tmux-1000/cloud92.2,3108,2'), ('MAIL', '/var/mail/ubuntu'), ('USER', 'ubuntu'), ('_system_version', '18.04'), ('SSH_CLIENT', '35.172.155.193 29664 22'), ('ROS_PACKAGE_PATH', '/opt/ros/melodic/share'), ('LD_LIBRARY_PATH', '/opt/ros/melodic/lib'), ('ROS_ETC_DIR', '/opt/ros/melodic/etc/ros'), ('SHLVL', '4'), ('HOME', '/home/ubuntu'), ('PORT', '8080'), ('ISOUTPUTPANE', '1'), ('NVM_BIN', '/home/ubuntu/.nvm/versions/node/v8.17.0/bin'), ('NVM_NODEJS_ORG_MIRROR', 'https://nodejs.org/dist'), ('ROS_PYTHON_VERSION', '2'), ('C9_USER', 'vocstartsoft'), ('NVM_DIR', '/home/ubuntu/.nvm'), ('NVM_PATH', '/home/ubuntu/.nvm/versions/node/v8.17.0/lib/node'), ('ROS_DISTRO', 'melodic'), ('HGUSER', 'vocstartsoft'), ('LOGNAME', 'ubuntu'), ('rvm_bin_path', '/usr/local/rvm/bin'), ('_', '/usr/local/bin/colcon'), ('RUBY_VERSION', 'ruby-2.4.1'), ('ROS_VERSION', '1'), ('C9_PORT', '8080'), ('PKG_CONFIG_PATH', '/opt/ros/melodic/lib/pkgconfig'), ('IRBRC', '/usr/local/rvm/rubies/ruby-2.4.1/.irbrc'), ('XDG_SESSION_ID', '5'), ('TERM', 'xterm-256color'), ('PATH', '/opt/ros/melodic/bin:/home/ubuntu/.nvm/versions/node/v8.17.0/bin:/usr/local/rvm/gems/ruby-2.4.1/bin:/usr/local/rvm/gems/ruby-2.4.1@global/bin:/usr/local/rvm/rubies/ruby-2.4.1/bin:/usr/local/sbin:/usr/local/bin:/usr/sbin:/usr/bin:/sbin:/bin:/usr/games:/usr/local/games:/snap/bin:/home/ubuntu/.local/bin:/home/ubuntu/bin:/home/ubuntu/.local/bin:/home/ubuntu/bin:/usr/local/rvm/bin:/home/ubuntu/.local/bin:/home/ubuntu/bin'), ('NVM_IOJS_ORG_MIRROR', 'https://iojs.org/dist'), ('XDG_RUNTIME_DIR', '/run/user/1000'), ('MY_RUBY_HOME', '/usr/local/rvm/rubies/ruby-2.4.1'), ('LANG', 'C.UTF-8'), ('ROS_ROOT', '/opt/ros/melodic/share/ros'), ('ROSLISP_PACKAGE_DIRECTORIES', ''), ('C9_HOSTNAME', '3.235.50.170'), ('NODE_PATH', '/home/ubuntu/.c9/node_modules'), ('SHELL', '/bin/bash'), ('ROS_MASTER_URI', 'http://localhost:11311'), ('rvm_prefix', '/usr/local'), ('_system_type', 'Linux'), ('GEM_HOME', '/usr/local/rvm/gems/ruby-2.4.1'), ('C9_PID', '36674d72cd8145e184f561d0677e5f8e'), ('rvm_version', '1.29.3 (1.29.3)'), ('_system_arch', 'x86_64'), ('C9_PROJECT', 'Yajian_lab1'), ('PWD', '/home/ubuntu/environment/HelloWorld/robot_ws/build/turtlebot3_description_reduced_mesh'), ('GEM_PATH', '/usr/local/rvm/gems/ruby-2.4.1:/usr/local/rvm/gems/ruby-2.4.1@global'), ('SSH_CONNECTION', '35.172.155.193 29664 172.31.1.16 22'), ('NVM_CD_FLAGS', ''), ('XDG_DATA_DIRS', '/usr/local/share:/usr/share:/var/lib/snapd/desktop'), ('IP', '127.0.0.1'), ('_system_name', 'Ubuntu'), ('PYTHONPATH', '/opt/ros/melodic/lib/python2.7/dist-packages'), ('COLCON', '1'), ('rvm_path', '/usr/local/rvm'), ('TMUX_PANE', '%2'), ('MANPATH', '/home/ubuntu/.nvm/versions/node/v8.17.0/share/man:/usr/local/rvm/rubies/ruby-2.4.1/share/man:/usr/local/man:/usr/local/share/man:/usr/share/man:/usr/local/rvm/man'), ('EDITOR', ''), ('CMAKE_PREFIX_PATH', '/opt/ros/melodic')]), 'shell': False}
[16.775589] (-) TimerEvent: {}
[16.794031] (turtlebot3_description_reduced_mesh) CommandEnded: {'returncode': 0}
[16.874759] (turtlebot3_description_reduced_mesh) JobProgress: {'identifier': 'turtlebot3_description_reduced_mesh', 'progress': "build target 'tests'"}
[16.875071] (turtlebot3_description_reduced_mesh) Command: {'cmd': ['/usr/bin/cmake', '--build', '/home/ubuntu/environment/HelloWorld/robot_ws/build/turtlebot3_description_reduced_mesh', '--target', 'tests', '--', '-j2', '-l2'], 'cwd': '/home/ubuntu/environment/HelloWorld/robot_ws/build/turtlebot3_description_reduced_mesh', 'env': OrderedDict([('TMUX', '/tmp/tmux-1000/cloud92.2,3108,2'), ('MAIL', '/var/mail/ubuntu'), ('USER', 'ubuntu'), ('_system_version', '18.04'), ('SSH_CLIENT', '35.172.155.193 29664 22'), ('ROS_PACKAGE_PATH', '/opt/ros/melodic/share'), ('LD_LIBRARY_PATH', '/opt/ros/melodic/lib'), ('ROS_ETC_DIR', '/opt/ros/melodic/etc/ros'), ('SHLVL', '4'), ('HOME', '/home/ubuntu'), ('PORT', '8080'), ('ISOUTPUTPANE', '1'), ('NVM_BIN', '/home/ubuntu/.nvm/versions/node/v8.17.0/bin'), ('NVM_NODEJS_ORG_MIRROR', 'https://nodejs.org/dist'), ('ROS_PYTHON_VERSION', '2'), ('C9_USER', 'vocstartsoft'), ('NVM_DIR', '/home/ubuntu/.nvm'), ('NVM_PATH', '/home/ubuntu/.nvm/versions/node/v8.17.0/lib/node'), ('ROS_DISTRO', 'melodic'), ('HGUSER', 'vocstartsoft'), ('LOGNAME', 'ubuntu'), ('rvm_bin_path', '/usr/local/rvm/bin'), ('_', '/usr/local/bin/colcon'), ('RUBY_VERSION', 'ruby-2.4.1'), ('ROS_VERSION', '1'), ('C9_PORT', '8080'), ('PKG_CONFIG_PATH', '/opt/ros/melodic/lib/pkgconfig'), ('IRBRC', '/usr/local/rvm/rubies/ruby-2.4.1/.irbrc'), ('XDG_SESSION_ID', '5'), ('TERM', 'xterm-256color'), ('PATH', '/opt/ros/melodic/bin:/home/ubuntu/.nvm/versions/node/v8.17.0/bin:/usr/local/rvm/gems/ruby-2.4.1/bin:/usr/local/rvm/gems/ruby-2.4.1@global/bin:/usr/local/rvm/rubies/ruby-2.4.1/bin:/usr/local/sbin:/usr/local/bin:/usr/sbin:/usr/bin:/sbin:/bin:/usr/games:/usr/local/games:/snap/bin:/home/ubuntu/.local/bin:/home/ubuntu/bin:/home/ubuntu/.local/bin:/home/ubuntu/bin:/usr/local/rvm/bin:/home/ubuntu/.local/bin:/home/ubuntu/bin'), ('NVM_IOJS_ORG_MIRROR', 'https://iojs.org/dist'), ('XDG_RUNTIME_DIR', '/run/user/1000'), ('MY_RUBY_HOME', '/usr/local/rvm/rubies/ruby-2.4.1'), ('LANG', 'C.UTF-8'), ('ROS_ROOT', '/opt/ros/melodic/share/ros'), ('ROSLISP_PACKAGE_DIRECTORIES', ''), ('C9_HOSTNAME', '3.235.50.170'), ('NODE_PATH', '/home/ubuntu/.c9/node_modules'), ('SHELL', '/bin/bash'), ('ROS_MASTER_URI', 'http://localhost:11311'), ('rvm_prefix', '/usr/local'), ('_system_type', 'Linux'), ('GEM_HOME', '/usr/local/rvm/gems/ruby-2.4.1'), ('C9_PID', '36674d72cd8145e184f561d0677e5f8e'), ('rvm_version', '1.29.3 (1.29.3)'), ('_system_arch', 'x86_64'), ('C9_PROJECT', 'Yajian_lab1'), ('PWD', '/home/ubuntu/environment/HelloWorld/robot_ws/build/turtlebot3_description_reduced_mesh'), ('GEM_PATH', '/usr/local/rvm/gems/ruby-2.4.1:/usr/local/rvm/gems/ruby-2.4.1@global'), ('SSH_CONNECTION', '35.172.155.193 29664 172.31.1.16 22'), ('NVM_CD_FLAGS', ''), ('XDG_DATA_DIRS', '/usr/local/share:/usr/share:/var/lib/snapd/desktop'), ('IP', '127.0.0.1'), ('_system_name', 'Ubuntu'), ('PYTHONPATH', '/opt/ros/melodic/lib/python2.7/dist-packages'), ('COLCON', '1'), ('rvm_path', '/usr/local/rvm'), ('TMUX_PANE', '%2'), ('MANPATH', '/home/ubuntu/.nvm/versions/node/v8.17.0/share/man:/usr/local/rvm/rubies/ruby-2.4.1/share/man:/usr/local/man:/usr/local/share/man:/usr/share/man:/usr/local/rvm/man'), ('EDITOR', ''), ('CMAKE_PREFIX_PATH', '/opt/ros/melodic')]), 'shell': False}
[16.876638] (-) TimerEvent: {}
[16.943029] (turtlebot3_description_reduced_mesh) StdoutLine: {'line': b'\x1b[35m\x1b[1mScanning dependencies of target tests\x1b[0m\n'}
[16.954775] (turtlebot3_description_reduced_mesh) StdoutLine: {'line': b'Built target tests\n'}
[16.967076] (turtlebot3_description_reduced_mesh) CommandEnded: {'returncode': 0}
[16.976875] (-) TimerEvent: {}
[17.047982] (turtlebot3_description_reduced_mesh) JobProgress: {'identifier': 'turtlebot3_description_reduced_mesh', 'progress': 'install'}
[17.061817] (turtlebot3_description_reduced_mesh) Command: {'cmd': ['/usr/bin/cmake', '--build', '/home/ubuntu/environment/HelloWorld/robot_ws/build/turtlebot3_description_reduced_mesh', '--target', 'install', '--', '-j2', '-l2'], 'cwd': '/home/ubuntu/environment/HelloWorld/robot_ws/build/turtlebot3_description_reduced_mesh', 'env': OrderedDict([('TMUX', '/tmp/tmux-1000/cloud92.2,3108,2'), ('MAIL', '/var/mail/ubuntu'), ('USER', 'ubuntu'), ('_system_version', '18.04'), ('SSH_CLIENT', '35.172.155.193 29664 22'), ('ROS_PACKAGE_PATH', '/opt/ros/melodic/share'), ('LD_LIBRARY_PATH', '/opt/ros/melodic/lib'), ('ROS_ETC_DIR', '/opt/ros/melodic/etc/ros'), ('SHLVL', '4'), ('HOME', '/home/ubuntu'), ('PORT', '8080'), ('ISOUTPUTPANE', '1'), ('NVM_BIN', '/home/ubuntu/.nvm/versions/node/v8.17.0/bin'), ('NVM_NODEJS_ORG_MIRROR', 'https://nodejs.org/dist'), ('ROS_PYTHON_VERSION', '2'), ('C9_USER', 'vocstartsoft'), ('NVM_DIR', '/home/ubuntu/.nvm'), ('NVM_PATH', '/home/ubuntu/.nvm/versions/node/v8.17.0/lib/node'), ('ROS_DISTRO', 'melodic'), ('HGUSER', 'vocstartsoft'), ('LOGNAME', 'ubuntu'), ('rvm_bin_path', '/usr/local/rvm/bin'), ('_', '/usr/local/bin/colcon'), ('RUBY_VERSION', 'ruby-2.4.1'), ('ROS_VERSION', '1'), ('C9_PORT', '8080'), ('PKG_CONFIG_PATH', '/opt/ros/melodic/lib/pkgconfig'), ('IRBRC', '/usr/local/rvm/rubies/ruby-2.4.1/.irbrc'), ('XDG_SESSION_ID', '5'), ('TERM', 'xterm-256color'), ('PATH', '/opt/ros/melodic/bin:/home/ubuntu/.nvm/versions/node/v8.17.0/bin:/usr/local/rvm/gems/ruby-2.4.1/bin:/usr/local/rvm/gems/ruby-2.4.1@global/bin:/usr/local/rvm/rubies/ruby-2.4.1/bin:/usr/local/sbin:/usr/local/bin:/usr/sbin:/usr/bin:/sbin:/bin:/usr/games:/usr/local/games:/snap/bin:/home/ubuntu/.local/bin:/home/ubuntu/bin:/home/ubuntu/.local/bin:/home/ubuntu/bin:/usr/local/rvm/bin:/home/ubuntu/.local/bin:/home/ubuntu/bin'), ('NVM_IOJS_ORG_MIRROR', 'https://iojs.org/dist'), ('XDG_RUNTIME_DIR', '/run/user/1000'), ('MY_RUBY_HOME', '/usr/local/rvm/rubies/ruby-2.4.1'), ('LANG', 'C.UTF-8'), ('ROS_ROOT', '/opt/ros/melodic/share/ros'), ('ROSLISP_PACKAGE_DIRECTORIES', ''), ('C9_HOSTNAME', '3.235.50.170'), ('NODE_PATH', '/home/ubuntu/.c9/node_modules'), ('SHELL', '/bin/bash'), ('ROS_MASTER_URI', 'http://localhost:11311'), ('rvm_prefix', '/usr/local'), ('_system_type', 'Linux'), ('GEM_HOME', '/usr/local/rvm/gems/ruby-2.4.1'), ('C9_PID', '36674d72cd8145e184f561d0677e5f8e'), ('rvm_version', '1.29.3 (1.29.3)'), ('_system_arch', 'x86_64'), ('C9_PROJECT', 'Yajian_lab1'), ('PWD', '/home/ubuntu/environment/HelloWorld/robot_ws/build/turtlebot3_description_reduced_mesh'), ('GEM_PATH', '/usr/local/rvm/gems/ruby-2.4.1:/usr/local/rvm/gems/ruby-2.4.1@global'), ('SSH_CONNECTION', '35.172.155.193 29664 172.31.1.16 22'), ('NVM_CD_FLAGS', ''), ('XDG_DATA_DIRS', '/usr/local/share:/usr/share:/var/lib/snapd/desktop'), ('IP', '127.0.0.1'), ('_system_name', 'Ubuntu'), ('PYTHONPATH', '/opt/ros/melodic/lib/python2.7/dist-packages'), ('COLCON', '1'), ('rvm_path', '/usr/local/rvm'), ('TMUX_PANE', '%2'), ('MANPATH', '/home/ubuntu/.nvm/versions/node/v8.17.0/share/man:/usr/local/rvm/rubies/ruby-2.4.1/share/man:/usr/local/man:/usr/local/share/man:/usr/share/man:/usr/local/rvm/man'), ('EDITOR', ''), ('CMAKE_PREFIX_PATH', '/opt/ros/melodic')]), 'shell': False}
[17.077031] (-) TimerEvent: {}
[17.124582] (turtlebot3_description_reduced_mesh) StdoutLine: {'line': b'\x1b[36mInstall the project...\x1b[0m\n'}
[17.134713] (turtlebot3_description_reduced_mesh) StdoutLine: {'line': b'-- Install configuration: ""\n'}
[17.135111] (turtlebot3_description_reduced_mesh) StdoutLine: {'line': b'-- Installing: /home/ubuntu/environment/HelloWorld/robot_ws/install/turtlebot3_description_reduced_mesh/lib/pkgconfig/turtlebot3_description_reduced_mesh.pc\n'}
[17.135573] (turtlebot3_description_reduced_mesh) StdoutLine: {'line': b'-- Installing: /home/ubuntu/environment/HelloWorld/robot_ws/install/turtlebot3_description_reduced_mesh/share/turtlebot3_description_reduced_mesh/cmake/turtlebot3_description_reduced_meshConfig.cmake\n'}
[17.135910] (turtlebot3_description_reduced_mesh) StdoutLine: {'line': b'-- Installing: /home/ubuntu/environment/HelloWorld/robot_ws/install/turtlebot3_description_reduced_mesh/share/turtlebot3_description_reduced_mesh/cmake/turtlebot3_description_reduced_meshConfig-version.cmake\n'}
[17.136233] (turtlebot3_description_reduced_mesh) StdoutLine: {'line': b'-- Installing: /home/ubuntu/environment/HelloWorld/robot_ws/install/turtlebot3_description_reduced_mesh/share/turtlebot3_description_reduced_mesh/package.xml\n'}
[17.136563] (turtlebot3_description_reduced_mesh) StdoutLine: {'line': b'-- Installing: /home/ubuntu/environment/HelloWorld/robot_ws/install/turtlebot3_description_reduced_mesh/share/turtlebot3_description_reduced_mesh/launch\n'}
[17.136931] (turtlebot3_description_reduced_mesh) StdoutLine: {'line': b'-- Installing: /home/ubuntu/environment/HelloWorld/robot_ws/install/turtlebot3_description_reduced_mesh/share/turtlebot3_description_reduced_mesh/launch/spawn_turtlebot.launch\n'}
[17.137246] (turtlebot3_description_reduced_mesh) StdoutLine: {'line': b'-- Installing: /home/ubuntu/environment/HelloWorld/robot_ws/install/turtlebot3_description_reduced_mesh/share/turtlebot3_description_reduced_mesh/meshes\n'}
[17.137457] (turtlebot3_description_reduced_mesh) StdoutLine: {'line': b'-- Installing: /home/ubuntu/environment/HelloWorld/robot_ws/install/turtlebot3_description_reduced_mesh/share/turtlebot3_description_reduced_mesh/meshes/sensors\n'}
[17.137651] (turtlebot3_description_reduced_mesh) StdoutLine: {'line': b'-- Installing: /home/ubuntu/environment/HelloWorld/robot_ws/install/turtlebot3_description_reduced_mesh/share/turtlebot3_description_reduced_mesh/meshes/sensors/r200.jpg\n'}
[17.137852] (turtlebot3_description_reduced_mesh) StdoutLine: {'line': b'-- Installing: /home/ubuntu/environment/HelloWorld/robot_ws/install/turtlebot3_description_reduced_mesh/share/turtlebot3_description_reduced_mesh/meshes/sensors/astra.dae\n'}
[17.148158] (turtlebot3_description_reduced_mesh) StdoutLine: {'line': b'-- Installing: /home/ubuntu/environment/HelloWorld/robot_ws/install/turtlebot3_description_reduced_mesh/share/turtlebot3_description_reduced_mesh/meshes/sensors/astra.jpg\n'}
[17.148507] (turtlebot3_description_reduced_mesh) StdoutLine: {'line': b'-- Installing: /home/ubuntu/environment/HelloWorld/robot_ws/install/turtlebot3_description_reduced_mesh/share/turtlebot3_description_reduced_mesh/meshes/sensors/r200.dae\n'}
[17.148912] (turtlebot3_description_reduced_mesh) StdoutLine: {'line': b'-- Installing: /home/ubuntu/environment/HelloWorld/robot_ws/install/turtlebot3_description_reduced_mesh/share/turtlebot3_description_reduced_mesh/meshes/sensors/lds.stl\n'}
[17.149982] (turtlebot3_description_reduced_mesh) StdoutLine: {'line': b'-- Installing: /home/ubuntu/environment/HelloWorld/robot_ws/install/turtlebot3_description_reduced_mesh/share/turtlebot3_description_reduced_mesh/meshes/wheels\n'}
[17.150290] (turtlebot3_description_reduced_mesh) StdoutLine: {'line': b'-- Installing: /home/ubuntu/environment/HelloWorld/robot_ws/install/turtlebot3_description_reduced_mesh/share/turtlebot3_description_reduced_mesh/meshes/wheels/left_tire.stl\n'}
[17.151691] (turtlebot3_description_reduced_mesh) StdoutLine: {'line': b'-- Installing: /home/ubuntu/environment/HelloWorld/robot_ws/install/turtlebot3_description_reduced_mesh/share/turtlebot3_description_reduced_mesh/meshes/wheels/right_tire.stl\n'}
[17.153217] (turtlebot3_description_reduced_mesh) StdoutLine: {'line': b'-- Installing: /home/ubuntu/environment/HelloWorld/robot_ws/install/turtlebot3_description_reduced_mesh/share/turtlebot3_description_reduced_mesh/meshes/wheels/right_tire_reduced.stl\n'}
[17.153512] (turtlebot3_description_reduced_mesh) StdoutLine: {'line': b'-- Installing: /home/ubuntu/environment/HelloWorld/robot_ws/install/turtlebot3_description_reduced_mesh/share/turtlebot3_description_reduced_mesh/meshes/wheels/left_tire_reduced.stl\n'}
[17.153857] (turtlebot3_description_reduced_mesh) StdoutLine: {'line': b'-- Installing: /home/ubuntu/environment/HelloWorld/robot_ws/install/turtlebot3_description_reduced_mesh/share/turtlebot3_description_reduced_mesh/meshes/bases\n'}
[17.154069] (turtlebot3_description_reduced_mesh) StdoutLine: {'line': b'-- Installing: /home/ubuntu/environment/HelloWorld/robot_ws/install/turtlebot3_description_reduced_mesh/share/turtlebot3_description_reduced_mesh/meshes/bases/waffle_pi_base_reduced.stl\n'}
[17.157302] (turtlebot3_description_reduced_mesh) StdoutLine: {'line': b'-- Installing: /home/ubuntu/environment/HelloWorld/robot_ws/install/turtlebot3_description_reduced_mesh/share/turtlebot3_description_reduced_mesh/meshes/bases/burger_base.stl\n'}
[17.163115] (turtlebot3_description_reduced_mesh) StdoutLine: {'line': b'-- Installing: /home/ubuntu/environment/HelloWorld/robot_ws/install/turtlebot3_description_reduced_mesh/share/turtlebot3_description_reduced_mesh/meshes/bases/waffle_pi_base.stl\n'}
[17.172525] (turtlebot3_description_reduced_mesh) StdoutLine: {'line': b'-- Installing: /home/ubuntu/environment/HelloWorld/robot_ws/install/turtlebot3_description_reduced_mesh/share/turtlebot3_description_reduced_mesh/meshes/bases/waffle_base_for_open_manipulator.stl\n'}
[17.177208] (-) TimerEvent: {}
[17.185420] (turtlebot3_description_reduced_mesh) StdoutLine: {'line': b'-- Installing: /home/ubuntu/environment/HelloWorld/robot_ws/install/turtlebot3_description_reduced_mesh/share/turtlebot3_description_reduced_mesh/meshes/bases/waffle_pi_base_for_open_manipulator.stl\n'}
[17.194772] (turtlebot3_description_reduced_mesh) StdoutLine: {'line': b'-- Installing: /home/ubuntu/environment/HelloWorld/robot_ws/install/turtlebot3_description_reduced_mesh/share/turtlebot3_description_reduced_mesh/meshes/bases/waffle_base.stl\n'}
[17.213907] (turtlebot3_description_reduced_mesh) StdoutLine: {'line': b'-- Installing: /home/ubuntu/environment/HelloWorld/robot_ws/install/turtlebot3_description_reduced_mesh/share/turtlebot3_description_reduced_mesh/meshes/bases/burger_base_decimated.stl\n'}
[17.214669] (turtlebot3_description_reduced_mesh) StdoutLine: {'line': b'-- Installing: /home/ubuntu/environment/HelloWorld/robot_ws/install/turtlebot3_description_reduced_mesh/share/turtlebot3_description_reduced_mesh/urdf\n'}
[17.214998] (turtlebot3_description_reduced_mesh) StdoutLine: {'line': b'-- Installing: /home/ubuntu/environment/HelloWorld/robot_ws/install/turtlebot3_description_reduced_mesh/share/turtlebot3_description_reduced_mesh/urdf/turtlebot3_burger_for_autorace.gazebo.xacro\n'}
[17.215403] (turtlebot3_description_reduced_mesh) StdoutLine: {'line': b'-- Installing: /home/ubuntu/environment/HelloWorld/robot_ws/install/turtlebot3_description_reduced_mesh/share/turtlebot3_description_reduced_mesh/urdf/turtlebot3_waffle_pi.gazebo.xacro\n'}
[17.215728] (turtlebot3_description_reduced_mesh) StdoutLine: {'line': b'-- Installing: /home/ubuntu/environment/HelloWorld/robot_ws/install/turtlebot3_description_reduced_mesh/share/turtlebot3_description_reduced_mesh/urdf/turtlebot3_burger.urdf.xacro\n'}
[17.216050] (turtlebot3_description_reduced_mesh) StdoutLine: {'line': b'-- Installing: /home/ubuntu/environment/HelloWorld/robot_ws/install/turtlebot3_description_reduced_mesh/share/turtlebot3_description_reduced_mesh/urdf/turtlebot3_waffle_for_open_manipulator.urdf.xacro\n'}
[17.216406] (turtlebot3_description_reduced_mesh) StdoutLine: {'line': b'-- Installing: /home/ubuntu/environment/HelloWorld/robot_ws/install/turtlebot3_description_reduced_mesh/share/turtlebot3_description_reduced_mesh/urdf/common_properties.xacro\n'}
[17.216683] (turtlebot3_description_reduced_mesh) StdoutLine: {'line': b'-- Installing: /home/ubuntu/environment/HelloWorld/robot_ws/install/turtlebot3_description_reduced_mesh/share/turtlebot3_description_reduced_mesh/urdf/turtlebot3_waffle_pi_for_open_manipulator.urdf.xacro\n'}
[17.216888] (turtlebot3_description_reduced_mesh) StdoutLine: {'line': b'-- Installing: /home/ubuntu/environment/HelloWorld/robot_ws/install/turtlebot3_description_reduced_mesh/share/turtlebot3_description_reduced_mesh/urdf/turtlebot3_burger_for_autorace.urdf.xacro\n'}
[17.217111] (turtlebot3_description_reduced_mesh) StdoutLine: {'line': b'-- Installing: /home/ubuntu/environment/HelloWorld/robot_ws/install/turtlebot3_description_reduced_mesh/share/turtlebot3_description_reduced_mesh/urdf/turtlebot3_waffle_pi.urdf.xacro\n'}
[17.217313] (turtlebot3_description_reduced_mesh) StdoutLine: {'line': b'-- Installing: /home/ubuntu/environment/HelloWorld/robot_ws/install/turtlebot3_description_reduced_mesh/share/turtlebot3_description_reduced_mesh/urdf/turtlebot3_waffle.urdf.xacro\n'}
[17.217508] (turtlebot3_description_reduced_mesh) StdoutLine: {'line': b'-- Installing: /home/ubuntu/environment/HelloWorld/robot_ws/install/turtlebot3_description_reduced_mesh/share/turtlebot3_description_reduced_mesh/urdf/turtlebot3_waffle.gazebo.xacro\n'}
[17.217693] (turtlebot3_description_reduced_mesh) StdoutLine: {'line': b'-- Installing: /home/ubuntu/environment/HelloWorld/robot_ws/install/turtlebot3_description_reduced_mesh/share/turtlebot3_description_reduced_mesh/urdf/turtlebot3_burger.gazebo.xacro\n'}
[17.221048] (turtlebot3_description_reduced_mesh) CommandEnded: {'returncode': 0}
[17.277503] (-) TimerEvent: {}
[17.378079] (-) TimerEvent: {}
[17.447026] (turtlebot3_description_reduced_mesh) JobEnded: {'identifier': 'turtlebot3_description_reduced_mesh', 'rc': 0}
[17.469940] (hello_world_robot) JobStarted: {'identifier': 'hello_world_robot'}
[17.477872] (hello_world_robot) JobProgress: {'identifier': 'hello_world_robot', 'progress': 'cmake'}
[17.479617] (hello_world_robot) Command: {'cmd': ['/usr/bin/cmake', '/home/ubuntu/environment/HelloWorld/robot_ws/src/hello_world_robot', '-DCATKIN_INSTALL_INTO_PREFIX_ROOT=0', '-DCMAKE_INSTALL_PREFIX=/home/ubuntu/environment/HelloWorld/robot_ws/install/hello_world_robot'], 'cwd': '/home/ubuntu/environment/HelloWorld/robot_ws/build/hello_world_robot', 'env': OrderedDict([('TMUX', '/tmp/tmux-1000/cloud92.2,3108,2'), ('MAIL', '/var/mail/ubuntu'), ('USER', 'ubuntu'), ('_system_version', '18.04'), ('SSH_CLIENT', '35.172.155.193 29664 22'), ('ROS_PACKAGE_PATH', '/home/ubuntu/environment/HelloWorld/robot_ws/install/turtlebot3_description_reduced_mesh/share:/opt/ros/melodic/share'), ('LD_LIBRARY_PATH', '/opt/ros/melodic/lib'), ('ROS_ETC_DIR', '/opt/ros/melodic/etc/ros'), ('SHLVL', '4'), ('HOME', '/home/ubuntu'), ('PORT', '8080'), ('ISOUTPUTPANE', '1'), ('NVM_BIN', '/home/ubuntu/.nvm/versions/node/v8.17.0/bin'), ('NVM_NODEJS_ORG_MIRROR', 'https://nodejs.org/dist'), ('ROS_PYTHON_VERSION', '2'), ('C9_USER', 'vocstartsoft'), ('NVM_DIR', '/home/ubuntu/.nvm'), ('NVM_PATH', '/home/ubuntu/.nvm/versions/node/v8.17.0/lib/node'), ('ROS_DISTRO', 'melodic'), ('HGUSER', 'vocstartsoft'), ('LOGNAME', 'ubuntu'), ('rvm_bin_path', '/usr/local/rvm/bin'), ('_', '/usr/local/bin/colcon'), ('RUBY_VERSION', 'ruby-2.4.1'), ('ROS_VERSION', '1'), ('C9_PORT', '8080'), ('PKG_CONFIG_PATH', '/home/ubuntu/environment/HelloWorld/robot_ws/install/turtlebot3_description_reduced_mesh/lib/x86_64-linux-gnu/pkgconfig:/home/ubuntu/environment/HelloWorld/robot_ws/install/turtlebot3_description_reduced_mesh/lib/pkgconfig:/opt/ros/melodic/lib/pkgconfig'), ('IRBRC', '/usr/local/rvm/rubies/ruby-2.4.1/.irbrc'), ('XDG_SESSION_ID', '5'), ('TERM', 'xterm-256color'), ('PATH', '/opt/ros/melodic/bin:/home/ubuntu/.nvm/versions/node/v8.17.0/bin:/usr/local/rvm/gems/ruby-2.4.1/bin:/usr/local/rvm/gems/ruby-2.4.1@global/bin:/usr/local/rvm/rubies/ruby-2.4.1/bin:/usr/local/sbin:/usr/local/bin:/usr/sbin:/usr/bin:/sbin:/bin:/usr/games:/usr/local/games:/snap/bin:/home/ubuntu/.local/bin:/home/ubuntu/bin:/home/ubuntu/.local/bin:/home/ubuntu/bin:/usr/local/rvm/bin:/home/ubuntu/.local/bin:/home/ubuntu/bin'), ('NVM_IOJS_ORG_MIRROR', 'https://iojs.org/dist'), ('XDG_RUNTIME_DIR', '/run/user/1000'), ('MY_RUBY_HOME', '/usr/local/rvm/rubies/ruby-2.4.1'), ('LANG', 'C.UTF-8'), ('ROS_ROOT', '/opt/ros/melodic/share/ros'), ('ROSLISP_PACKAGE_DIRECTORIES', ''), ('C9_HOSTNAME', '3.235.50.170'), ('NODE_PATH', '/home/ubuntu/.c9/node_modules'), ('SHELL', '/bin/bash'), ('ROS_MASTER_URI', 'http://localhost:11311'), ('rvm_prefix', '/usr/local'), ('_system_type', 'Linux'), ('GEM_HOME', '/usr/local/rvm/gems/ruby-2.4.1'), ('C9_PID', '36674d72cd8145e184f561d0677e5f8e'), ('rvm_version', '1.29.3 (1.29.3)'), ('_system_arch', 'x86_64'), ('C9_PROJECT', 'Yajian_lab1'), ('PWD', '/home/ubuntu/environment/HelloWorld/robot_ws/build/hello_world_robot'), ('GEM_PATH', '/usr/local/rvm/gems/ruby-2.4.1:/usr/local/rvm/gems/ruby-2.4.1@global'), ('SSH_CONNECTION', '35.172.155.193 29664 172.31.1.16 22'), ('NVM_CD_FLAGS', ''), ('XDG_DATA_DIRS', '/usr/local/share:/usr/share:/var/lib/snapd/desktop'), ('IP', '127.0.0.1'), ('_system_name', 'Ubuntu'), ('PYTHONPATH', '/opt/ros/melodic/lib/python2.7/dist-packages'), ('COLCON', '1'), ('rvm_path', '/usr/local/rvm'), ('TMUX_PANE', '%2'), ('MANPATH', '/home/ubuntu/.nvm/versions/node/v8.17.0/share/man:/usr/local/rvm/rubies/ruby-2.4.1/share/man:/usr/local/man:/usr/local/share/man:/usr/share/man:/usr/local/rvm/man'), ('EDITOR', ''), ('CMAKE_PREFIX_PATH', '/home/ubuntu/environment/HelloWorld/robot_ws/install/turtlebot3_description_reduced_mesh:/opt/ros/melodic')]), 'shell': False}
[17.481945] (-) TimerEvent: {}
[17.554721] (hello_world_robot) StdoutLine: {'line': b'-- The C compiler identification is GNU 7.5.0\n'}
[17.582150] (-) TimerEvent: {}
[17.626798] (hello_world_robot) StdoutLine: {'line': b'-- The CXX compiler identification is GNU 7.5.0\n'}
[17.632688] (hello_world_robot) StdoutLine: {'line': b'-- Check for working C compiler: /usr/bin/cc\n'}
[17.682370] (-) TimerEvent: {}
[17.710091] (hello_world_robot) StdoutLine: {'line': b'-- Check for working C compiler: /usr/bin/cc -- works\n'}
[17.710941] (hello_world_robot) StdoutLine: {'line': b'-- Detecting C compiler ABI info\n'}
[17.782565] (-) TimerEvent: {}
[17.788562] (hello_world_robot) StdoutLine: {'line': b'-- Detecting C compiler ABI info - done\n'}
[17.802746] (hello_world_robot) StdoutLine: {'line': b'-- Detecting C compile features\n'}
[17.882767] (-) TimerEvent: {}
[17.984197] (-) TimerEvent: {}
[18.038428] (hello_world_robot) StdoutLine: {'line': b'-- Detecting C compile features - done\n'}
[18.042382] (hello_world_robot) StdoutLine: {'line': b'-- Check for working CXX compiler: /usr/bin/c++\n'}
[18.084389] (-) TimerEvent: {}
[18.132345] (hello_world_robot) StdoutLine: {'line': b'-- Check for working CXX compiler: /usr/bin/c++ -- works\n'}
[18.133303] (hello_world_robot) StdoutLine: {'line': b'-- Detecting CXX compiler ABI info\n'}
[18.184601] (-) TimerEvent: {}
[18.225225] (hello_world_robot) StdoutLine: {'line': b'-- Detecting CXX compiler ABI info - done\n'}
[18.235921] (hello_world_robot) StdoutLine: {'line': b'-- Detecting CXX compile features\n'}
[18.284716] (-) TimerEvent: {}
[18.385273] (-) TimerEvent: {}
[18.485840] (-) TimerEvent: {}
[18.586399] (-) TimerEvent: {}
[18.645019] (hello_world_robot) StdoutLine: {'line': b'-- Detecting CXX compile features - done\n'}
[18.647326] (hello_world_robot) StdoutLine: {'line': b'-- Using CATKIN_DEVEL_PREFIX: /home/ubuntu/environment/HelloWorld/robot_ws/build/hello_world_robot/devel\n'}
[18.647662] (hello_world_robot) StdoutLine: {'line': b'-- Using CMAKE_PREFIX_PATH: /home/ubuntu/environment/HelloWorld/robot_ws/install/turtlebot3_description_reduced_mesh;/opt/ros/melodic\n'}
[18.647984] (hello_world_robot) StdoutLine: {'line': b'-- This workspace overlays: /home/ubuntu/environment/HelloWorld/robot_ws/install/turtlebot3_description_reduced_mesh;/opt/ros/melodic\n'}
[18.664936] (hello_world_robot) StdoutLine: {'line': b'-- Found PythonInterp: /usr/bin/python2 (found suitable version "2.7.17", minimum required is "2") \n'}
[18.665405] (hello_world_robot) StdoutLine: {'line': b'-- Using PYTHON_EXECUTABLE: /usr/bin/python2\n'}
[18.665616] (hello_world_robot) StdoutLine: {'line': b'-- Using Debian Python package layout\n'}
[18.665915] (hello_world_robot) StdoutLine: {'line': b'-- Using empy: /usr/bin/empy\n'}
[18.686561] (-) TimerEvent: {}
[18.787647] (-) TimerEvent: {}
[18.849628] (hello_world_robot) StdoutLine: {'line': b'-- Using CATKIN_ENABLE_TESTING: ON\n'}
[18.850048] (hello_world_robot) StdoutLine: {'line': b'-- Call enable_testing()\n'}
[18.852273] (hello_world_robot) StdoutLine: {'line': b'-- Using CATKIN_TEST_RESULTS_DIR: /home/ubuntu/environment/HelloWorld/robot_ws/build/hello_world_robot/test_results\n'}
[18.871336] (hello_world_robot) StdoutLine: {'line': b"-- Found gtest sources under '/usr/src/googletest': gtests will be built\n"}
[18.871667] (hello_world_robot) StdoutLine: {'line': b"-- Found gmock sources under '/usr/src/googletest': gmock will be built\n"}
[18.887330] (hello_world_robot) StdoutLine: {'line': b'-- Found PythonInterp: /usr/bin/python2 (found version "2.7.17") \n'}
[18.887804] (-) TimerEvent: {}
[18.889418] (hello_world_robot) StdoutLine: {'line': b'-- Looking for pthread.h\n'}
[18.971064] (hello_world_robot) StdoutLine: {'line': b'-- Looking for pthread.h - found\n'}
[18.971743] (hello_world_robot) StdoutLine: {'line': b'-- Looking for pthread_create\n'}
[18.987986] (-) TimerEvent: {}
[19.054977] (hello_world_robot) StdoutLine: {'line': b'-- Looking for pthread_create - not found\n'}
[19.055439] (hello_world_robot) StdoutLine: {'line': b'-- Looking for pthread_create in pthreads\n'}
[19.088223] (-) TimerEvent: {}
[19.121931] (hello_world_robot) StdoutLine: {'line': b'-- Looking for pthread_create in pthreads - not found\n'}
[19.122391] (hello_world_robot) StdoutLine: {'line': b'-- Looking for pthread_create in pthread\n'}
[19.188434] (-) TimerEvent: {}
[19.200418] (hello_world_robot) StdoutLine: {'line': b'-- Looking for pthread_create in pthread - found\n'}
[19.202045] (hello_world_robot) StdoutLine: {'line': b'-- Found Threads: TRUE  \n'}
[19.207388] (hello_world_robot) StdoutLine: {'line': b'-- Using Python nosetests: /usr/bin/nosetests-2.7\n'}
[19.256394] (hello_world_robot) StdoutLine: {'line': b'-- catkin 0.7.29\n'}
[19.256800] (hello_world_robot) StdoutLine: {'line': b'-- BUILD_SHARED_LIBS is on\n'}
[19.288685] (-) TimerEvent: {}
[19.389259] (-) TimerEvent: {}
[19.431933] (hello_world_robot) StdoutLine: {'line': b'-- Using these message generators: gencpp;geneus;genlisp;gennodejs;genpy\n'}
[19.489483] (-) TimerEvent: {}
[19.590928] (-) TimerEvent: {}
[19.692344] (-) TimerEvent: {}
[19.792942] (-) TimerEvent: {}
[19.893430] (-) TimerEvent: {}
[19.993864] (-) TimerEvent: {}
[20.094302] (-) TimerEvent: {}
[20.194736] (-) TimerEvent: {}
[20.295175] (-) TimerEvent: {}
[20.395648] (-) TimerEvent: {}
[20.496190] (-) TimerEvent: {}
[20.596654] (-) TimerEvent: {}
[20.697134] (-) TimerEvent: {}
[20.797682] (-) TimerEvent: {}
[20.898112] (-) TimerEvent: {}
[20.998554] (-) TimerEvent: {}
[21.099013] (-) TimerEvent: {}
[21.199444] (-) TimerEvent: {}
[21.299883] (-) TimerEvent: {}
[21.400344] (-) TimerEvent: {}
[21.500824] (-) TimerEvent: {}
[21.601260] (-) TimerEvent: {}
[21.701730] (-) TimerEvent: {}
[21.802179] (-) TimerEvent: {}
[21.902662] (-) TimerEvent: {}
[22.003100] (-) TimerEvent: {}
[22.103538] (-) TimerEvent: {}
[22.203994] (-) TimerEvent: {}
[22.304476] (-) TimerEvent: {}
[22.405048] (-) TimerEvent: {}
[22.505529] (-) TimerEvent: {}
[22.606086] (-) TimerEvent: {}
[22.706653] (-) TimerEvent: {}
[22.790977] (hello_world_robot) StdoutLine: {'line': b'-- Configuring done\n'}
[22.806853] (-) TimerEvent: {}
[22.815459] (hello_world_robot) StdoutLine: {'line': b'-- Generating done\n'}
[22.821867] (hello_world_robot) StdoutLine: {'line': b'-- Build files have been written to: /home/ubuntu/environment/HelloWorld/robot_ws/build/hello_world_robot\n'}
[22.827212] (hello_world_robot) CommandEnded: {'returncode': 0}
[22.828287] (hello_world_robot) JobProgress: {'identifier': 'hello_world_robot', 'progress': 'build'}
[22.830552] (hello_world_robot) Command: {'cmd': ['/usr/bin/cmake', '--build', '/home/ubuntu/environment/HelloWorld/robot_ws/build/hello_world_robot', '--', '-j2', '-l2'], 'cwd': '/home/ubuntu/environment/HelloWorld/robot_ws/build/hello_world_robot', 'env': OrderedDict([('TMUX', '/tmp/tmux-1000/cloud92.2,3108,2'), ('MAIL', '/var/mail/ubuntu'), ('USER', 'ubuntu'), ('_system_version', '18.04'), ('SSH_CLIENT', '35.172.155.193 29664 22'), ('ROS_PACKAGE_PATH', '/home/ubuntu/environment/HelloWorld/robot_ws/install/turtlebot3_description_reduced_mesh/share:/opt/ros/melodic/share'), ('LD_LIBRARY_PATH', '/opt/ros/melodic/lib'), ('ROS_ETC_DIR', '/opt/ros/melodic/etc/ros'), ('SHLVL', '4'), ('HOME', '/home/ubuntu'), ('PORT', '8080'), ('ISOUTPUTPANE', '1'), ('NVM_BIN', '/home/ubuntu/.nvm/versions/node/v8.17.0/bin'), ('NVM_NODEJS_ORG_MIRROR', 'https://nodejs.org/dist'), ('ROS_PYTHON_VERSION', '2'), ('C9_USER', 'vocstartsoft'), ('NVM_DIR', '/home/ubuntu/.nvm'), ('NVM_PATH', '/home/ubuntu/.nvm/versions/node/v8.17.0/lib/node'), ('ROS_DISTRO', 'melodic'), ('HGUSER', 'vocstartsoft'), ('LOGNAME', 'ubuntu'), ('rvm_bin_path', '/usr/local/rvm/bin'), ('_', '/usr/local/bin/colcon'), ('RUBY_VERSION', 'ruby-2.4.1'), ('ROS_VERSION', '1'), ('C9_PORT', '8080'), ('PKG_CONFIG_PATH', '/home/ubuntu/environment/HelloWorld/robot_ws/install/turtlebot3_description_reduced_mesh/lib/x86_64-linux-gnu/pkgconfig:/home/ubuntu/environment/HelloWorld/robot_ws/install/turtlebot3_description_reduced_mesh/lib/pkgconfig:/opt/ros/melodic/lib/pkgconfig'), ('IRBRC', '/usr/local/rvm/rubies/ruby-2.4.1/.irbrc'), ('XDG_SESSION_ID', '5'), ('TERM', 'xterm-256color'), ('PATH', '/opt/ros/melodic/bin:/home/ubuntu/.nvm/versions/node/v8.17.0/bin:/usr/local/rvm/gems/ruby-2.4.1/bin:/usr/local/rvm/gems/ruby-2.4.1@global/bin:/usr/local/rvm/rubies/ruby-2.4.1/bin:/usr/local/sbin:/usr/local/bin:/usr/sbin:/usr/bin:/sbin:/bin:/usr/games:/usr/local/games:/snap/bin:/home/ubuntu/.local/bin:/home/ubuntu/bin:/home/ubuntu/.local/bin:/home/ubuntu/bin:/usr/local/rvm/bin:/home/ubuntu/.local/bin:/home/ubuntu/bin'), ('NVM_IOJS_ORG_MIRROR', 'https://iojs.org/dist'), ('XDG_RUNTIME_DIR', '/run/user/1000'), ('MY_RUBY_HOME', '/usr/local/rvm/rubies/ruby-2.4.1'), ('LANG', 'C.UTF-8'), ('ROS_ROOT', '/opt/ros/melodic/share/ros'), ('ROSLISP_PACKAGE_DIRECTORIES', ''), ('C9_HOSTNAME', '3.235.50.170'), ('NODE_PATH', '/home/ubuntu/.c9/node_modules'), ('SHELL', '/bin/bash'), ('ROS_MASTER_URI', 'http://localhost:11311'), ('rvm_prefix', '/usr/local'), ('_system_type', 'Linux'), ('GEM_HOME', '/usr/local/rvm/gems/ruby-2.4.1'), ('C9_PID', '36674d72cd8145e184f561d0677e5f8e'), ('rvm_version', '1.29.3 (1.29.3)'), ('_system_arch', 'x86_64'), ('C9_PROJECT', 'Yajian_lab1'), ('PWD', '/home/ubuntu/environment/HelloWorld/robot_ws/build/hello_world_robot'), ('GEM_PATH', '/usr/local/rvm/gems/ruby-2.4.1:/usr/local/rvm/gems/ruby-2.4.1@global'), ('SSH_CONNECTION', '35.172.155.193 29664 172.31.1.16 22'), ('NVM_CD_FLAGS', ''), ('XDG_DATA_DIRS', '/usr/local/share:/usr/share:/var/lib/snapd/desktop'), ('IP', '127.0.0.1'), ('_system_name', 'Ubuntu'), ('PYTHONPATH', '/opt/ros/melodic/lib/python2.7/dist-packages'), ('COLCON', '1'), ('rvm_path', '/usr/local/rvm'), ('TMUX_PANE', '%2'), ('MANPATH', '/home/ubuntu/.nvm/versions/node/v8.17.0/share/man:/usr/local/rvm/rubies/ruby-2.4.1/share/man:/usr/local/man:/usr/local/share/man:/usr/share/man:/usr/local/rvm/man'), ('EDITOR', ''), ('CMAKE_PREFIX_PATH', '/home/ubuntu/environment/HelloWorld/robot_ws/install/turtlebot3_description_reduced_mesh:/opt/ros/melodic')]), 'shell': False}
[22.879825] (hello_world_robot) StdoutLine: {'line': b'\x1b[35m\x1b[1mScanning dependencies of target hello_world_robot_xacro_generated_to_devel_space_\x1b[0m\n'}
[22.891718] (hello_world_robot) StdoutLine: {'line': b'Built target hello_world_robot_xacro_generated_to_devel_space_\n'}
[22.904565] (hello_world_robot) CommandEnded: {'returncode': 0}
[22.907227] (-) TimerEvent: {}
[22.963994] (hello_world_robot) JobProgress: {'identifier': 'hello_world_robot', 'progress': "build target 'tests'"}
[22.964307] (hello_world_robot) Command: {'cmd': ['/usr/bin/cmake', '--build', '/home/ubuntu/environment/HelloWorld/robot_ws/build/hello_world_robot', '--target', 'tests', '--', '-j2', '-l2'], 'cwd': '/home/ubuntu/environment/HelloWorld/robot_ws/build/hello_world_robot', 'env': OrderedDict([('TMUX', '/tmp/tmux-1000/cloud92.2,3108,2'), ('MAIL', '/var/mail/ubuntu'), ('USER', 'ubuntu'), ('_system_version', '18.04'), ('SSH_CLIENT', '35.172.155.193 29664 22'), ('ROS_PACKAGE_PATH', '/home/ubuntu/environment/HelloWorld/robot_ws/install/turtlebot3_description_reduced_mesh/share:/opt/ros/melodic/share'), ('LD_LIBRARY_PATH', '/opt/ros/melodic/lib'), ('ROS_ETC_DIR', '/opt/ros/melodic/etc/ros'), ('SHLVL', '4'), ('HOME', '/home/ubuntu'), ('PORT', '8080'), ('ISOUTPUTPANE', '1'), ('NVM_BIN', '/home/ubuntu/.nvm/versions/node/v8.17.0/bin'), ('NVM_NODEJS_ORG_MIRROR', 'https://nodejs.org/dist'), ('ROS_PYTHON_VERSION', '2'), ('C9_USER', 'vocstartsoft'), ('NVM_DIR', '/home/ubuntu/.nvm'), ('NVM_PATH', '/home/ubuntu/.nvm/versions/node/v8.17.0/lib/node'), ('ROS_DISTRO', 'melodic'), ('HGUSER', 'vocstartsoft'), ('LOGNAME', 'ubuntu'), ('rvm_bin_path', '/usr/local/rvm/bin'), ('_', '/usr/local/bin/colcon'), ('RUBY_VERSION', 'ruby-2.4.1'), ('ROS_VERSION', '1'), ('C9_PORT', '8080'), ('PKG_CONFIG_PATH', '/home/ubuntu/environment/HelloWorld/robot_ws/install/turtlebot3_description_reduced_mesh/lib/x86_64-linux-gnu/pkgconfig:/home/ubuntu/environment/HelloWorld/robot_ws/install/turtlebot3_description_reduced_mesh/lib/pkgconfig:/opt/ros/melodic/lib/pkgconfig'), ('IRBRC', '/usr/local/rvm/rubies/ruby-2.4.1/.irbrc'), ('XDG_SESSION_ID', '5'), ('TERM', 'xterm-256color'), ('PATH', '/opt/ros/melodic/bin:/home/ubuntu/.nvm/versions/node/v8.17.0/bin:/usr/local/rvm/gems/ruby-2.4.1/bin:/usr/local/rvm/gems/ruby-2.4.1@global/bin:/usr/local/rvm/rubies/ruby-2.4.1/bin:/usr/local/sbin:/usr/local/bin:/usr/sbin:/usr/bin:/sbin:/bin:/usr/games:/usr/local/games:/snap/bin:/home/ubuntu/.local/bin:/home/ubuntu/bin:/home/ubuntu/.local/bin:/home/ubuntu/bin:/usr/local/rvm/bin:/home/ubuntu/.local/bin:/home/ubuntu/bin'), ('NVM_IOJS_ORG_MIRROR', 'https://iojs.org/dist'), ('XDG_RUNTIME_DIR', '/run/user/1000'), ('MY_RUBY_HOME', '/usr/local/rvm/rubies/ruby-2.4.1'), ('LANG', 'C.UTF-8'), ('ROS_ROOT', '/opt/ros/melodic/share/ros'), ('ROSLISP_PACKAGE_DIRECTORIES', ''), ('C9_HOSTNAME', '3.235.50.170'), ('NODE_PATH', '/home/ubuntu/.c9/node_modules'), ('SHELL', '/bin/bash'), ('ROS_MASTER_URI', 'http://localhost:11311'), ('rvm_prefix', '/usr/local'), ('_system_type', 'Linux'), ('GEM_HOME', '/usr/local/rvm/gems/ruby-2.4.1'), ('C9_PID', '36674d72cd8145e184f561d0677e5f8e'), ('rvm_version', '1.29.3 (1.29.3)'), ('_system_arch', 'x86_64'), ('C9_PROJECT', 'Yajian_lab1'), ('PWD', '/home/ubuntu/environment/HelloWorld/robot_ws/build/hello_world_robot'), ('GEM_PATH', '/usr/local/rvm/gems/ruby-2.4.1:/usr/local/rvm/gems/ruby-2.4.1@global'), ('SSH_CONNECTION', '35.172.155.193 29664 172.31.1.16 22'), ('NVM_CD_FLAGS', ''), ('XDG_DATA_DIRS', '/usr/local/share:/usr/share:/var/lib/snapd/desktop'), ('IP', '127.0.0.1'), ('_system_name', 'Ubuntu'), ('PYTHONPATH', '/opt/ros/melodic/lib/python2.7/dist-packages'), ('COLCON', '1'), ('rvm_path', '/usr/local/rvm'), ('TMUX_PANE', '%2'), ('MANPATH', '/home/ubuntu/.nvm/versions/node/v8.17.0/share/man:/usr/local/rvm/rubies/ruby-2.4.1/share/man:/usr/local/man:/usr/local/share/man:/usr/share/man:/usr/local/rvm/man'), ('EDITOR', ''), ('CMAKE_PREFIX_PATH', '/home/ubuntu/environment/HelloWorld/robot_ws/install/turtlebot3_description_reduced_mesh:/opt/ros/melodic')]), 'shell': False}
[23.007649] (-) TimerEvent: {}
[23.030573] (hello_world_robot) StdoutLine: {'line': b'\x1b[35m\x1b[1mScanning dependencies of target tests\x1b[0m\n'}
[23.043071] (hello_world_robot) StdoutLine: {'line': b'Built target tests\n'}
[23.056189] (hello_world_robot) CommandEnded: {'returncode': 0}
[23.107901] (-) TimerEvent: {}
[23.113733] (hello_world_robot) JobProgress: {'identifier': 'hello_world_robot', 'progress': 'install'}
[23.116086] (hello_world_robot) Command: {'cmd': ['/usr/bin/cmake', '--build', '/home/ubuntu/environment/HelloWorld/robot_ws/build/hello_world_robot', '--target', 'install', '--', '-j2', '-l2'], 'cwd': '/home/ubuntu/environment/HelloWorld/robot_ws/build/hello_world_robot', 'env': OrderedDict([('TMUX', '/tmp/tmux-1000/cloud92.2,3108,2'), ('MAIL', '/var/mail/ubuntu'), ('USER', 'ubuntu'), ('_system_version', '18.04'), ('SSH_CLIENT', '35.172.155.193 29664 22'), ('ROS_PACKAGE_PATH', '/home/ubuntu/environment/HelloWorld/robot_ws/install/turtlebot3_description_reduced_mesh/share:/opt/ros/melodic/share'), ('LD_LIBRARY_PATH', '/opt/ros/melodic/lib'), ('ROS_ETC_DIR', '/opt/ros/melodic/etc/ros'), ('SHLVL', '4'), ('HOME', '/home/ubuntu'), ('PORT', '8080'), ('ISOUTPUTPANE', '1'), ('NVM_BIN', '/home/ubuntu/.nvm/versions/node/v8.17.0/bin'), ('NVM_NODEJS_ORG_MIRROR', 'https://nodejs.org/dist'), ('ROS_PYTHON_VERSION', '2'), ('C9_USER', 'vocstartsoft'), ('NVM_DIR', '/home/ubuntu/.nvm'), ('NVM_PATH', '/home/ubuntu/.nvm/versions/node/v8.17.0/lib/node'), ('ROS_DISTRO', 'melodic'), ('HGUSER', 'vocstartsoft'), ('LOGNAME', 'ubuntu'), ('rvm_bin_path', '/usr/local/rvm/bin'), ('_', '/usr/local/bin/colcon'), ('RUBY_VERSION', 'ruby-2.4.1'), ('ROS_VERSION', '1'), ('C9_PORT', '8080'), ('PKG_CONFIG_PATH', '/home/ubuntu/environment/HelloWorld/robot_ws/install/turtlebot3_description_reduced_mesh/lib/x86_64-linux-gnu/pkgconfig:/home/ubuntu/environment/HelloWorld/robot_ws/install/turtlebot3_description_reduced_mesh/lib/pkgconfig:/opt/ros/melodic/lib/pkgconfig'), ('IRBRC', '/usr/local/rvm/rubies/ruby-2.4.1/.irbrc'), ('XDG_SESSION_ID', '5'), ('TERM', 'xterm-256color'), ('PATH', '/opt/ros/melodic/bin:/home/ubuntu/.nvm/versions/node/v8.17.0/bin:/usr/local/rvm/gems/ruby-2.4.1/bin:/usr/local/rvm/gems/ruby-2.4.1@global/bin:/usr/local/rvm/rubies/ruby-2.4.1/bin:/usr/local/sbin:/usr/local/bin:/usr/sbin:/usr/bin:/sbin:/bin:/usr/games:/usr/local/games:/snap/bin:/home/ubuntu/.local/bin:/home/ubuntu/bin:/home/ubuntu/.local/bin:/home/ubuntu/bin:/usr/local/rvm/bin:/home/ubuntu/.local/bin:/home/ubuntu/bin'), ('NVM_IOJS_ORG_MIRROR', 'https://iojs.org/dist'), ('XDG_RUNTIME_DIR', '/run/user/1000'), ('MY_RUBY_HOME', '/usr/local/rvm/rubies/ruby-2.4.1'), ('LANG', 'C.UTF-8'), ('ROS_ROOT', '/opt/ros/melodic/share/ros'), ('ROSLISP_PACKAGE_DIRECTORIES', ''), ('C9_HOSTNAME', '3.235.50.170'), ('NODE_PATH', '/home/ubuntu/.c9/node_modules'), ('SHELL', '/bin/bash'), ('ROS_MASTER_URI', 'http://localhost:11311'), ('rvm_prefix', '/usr/local'), ('_system_type', 'Linux'), ('GEM_HOME', '/usr/local/rvm/gems/ruby-2.4.1'), ('C9_PID', '36674d72cd8145e184f561d0677e5f8e'), ('rvm_version', '1.29.3 (1.29.3)'), ('_system_arch', 'x86_64'), ('C9_PROJECT', 'Yajian_lab1'), ('PWD', '/home/ubuntu/environment/HelloWorld/robot_ws/build/hello_world_robot'), ('GEM_PATH', '/usr/local/rvm/gems/ruby-2.4.1:/usr/local/rvm/gems/ruby-2.4.1@global'), ('SSH_CONNECTION', '35.172.155.193 29664 172.31.1.16 22'), ('NVM_CD_FLAGS', ''), ('XDG_DATA_DIRS', '/usr/local/share:/usr/share:/var/lib/snapd/desktop'), ('IP', '127.0.0.1'), ('_system_name', 'Ubuntu'), ('PYTHONPATH', '/opt/ros/melodic/lib/python2.7/dist-packages'), ('COLCON', '1'), ('rvm_path', '/usr/local/rvm'), ('TMUX_PANE', '%2'), ('MANPATH', '/home/ubuntu/.nvm/versions/node/v8.17.0/share/man:/usr/local/rvm/rubies/ruby-2.4.1/share/man:/usr/local/man:/usr/local/share/man:/usr/share/man:/usr/local/rvm/man'), ('EDITOR', ''), ('CMAKE_PREFIX_PATH', '/home/ubuntu/environment/HelloWorld/robot_ws/install/turtlebot3_description_reduced_mesh:/opt/ros/melodic')]), 'shell': False}
[23.178949] (hello_world_robot) StdoutLine: {'line': b'Built target hello_world_robot_xacro_generated_to_devel_space_\n'}
[23.201833] (hello_world_robot) StdoutLine: {'line': b'\x1b[36mInstall the project...\x1b[0m\n'}
[23.208017] (-) TimerEvent: {}
[23.212633] (hello_world_robot) StdoutLine: {'line': b'-- Install configuration: ""\n'}
[23.213984] (hello_world_robot) StdoutLine: {'line': b'+ cd /home/ubuntu/environment/HelloWorld/robot_ws/src/hello_world_robot\n'}
[23.214299] (hello_world_robot) StdoutLine: {'line': b'+ mkdir -p /home/ubuntu/environment/HelloWorld/robot_ws/install/hello_world_robot/lib/python2.7/dist-packages\n'}
[23.215487] (hello_world_robot) StdoutLine: {'line': b'+ /usr/bin/env PYTHONPATH=/home/ubuntu/environment/HelloWorld/robot_ws/install/hello_world_robot/lib/python2.7/dist-packages:/home/ubuntu/environment/HelloWorld/robot_ws/build/hello_world_robot/lib/python2.7/dist-packages:/opt/ros/melodic/lib/python2.7/dist-packages CATKIN_BINARY_DIR=/home/ubuntu/environment/HelloWorld/robot_ws/build/hello_world_robot /usr/bin/python2 /home/ubuntu/environment/HelloWorld/robot_ws/src/hello_world_robot/setup.py build --build-base /home/ubuntu/environment/HelloWorld/robot_ws/build/hello_world_robot install --root=/ --install-layout=deb --prefix=/home/ubuntu/environment/HelloWorld/robot_ws/install/hello_world_robot --install-scripts=/home/ubuntu/environment/HelloWorld/robot_ws/install/hello_world_robot/bin\n'}
[23.261629] (hello_world_robot) StdoutLine: {'line': b'running build\n'}
[23.262056] (hello_world_robot) StdoutLine: {'line': b'running build_py\n'}
[23.262802] (hello_world_robot) StdoutLine: {'line': b'creating /home/ubuntu/environment/HelloWorld/robot_ws/build/hello_world_robot/lib.linux-x86_64-2.7\n'}
[23.263799] (hello_world_robot) StdoutLine: {'line': b'creating /home/ubuntu/environment/HelloWorld/robot_ws/build/hello_world_robot/lib.linux-x86_64-2.7/hello_world_robot\n'}
[23.263963] (hello_world_robot) StdoutLine: {'line': b'copying src/hello_world_robot/__init__.py -> /home/ubuntu/environment/HelloWorld/robot_ws/build/hello_world_robot/lib.linux-x86_64-2.7/hello_world_robot\n'}
[23.264172] (hello_world_robot) StdoutLine: {'line': b'running install\n'}
[23.264377] (hello_world_robot) StdoutLine: {'line': b'running install_lib\n'}
[23.264928] (hello_world_robot) StdoutLine: {'line': b'creating /home/ubuntu/environment/HelloWorld/robot_ws/install/hello_world_robot/lib/python2.7/dist-packages/hello_world_robot\n'}
[23.265077] (hello_world_robot) StdoutLine: {'line': b'copying /home/ubuntu/environment/HelloWorld/robot_ws/build/hello_world_robot/lib.linux-x86_64-2.7/hello_world_robot/__init__.py -> /home/ubuntu/environment/HelloWorld/robot_ws/install/hello_world_robot/lib/python2.7/dist-packages/hello_world_robot\n'}
[23.265515] (hello_world_robot) StdoutLine: {'line': b'byte-compiling /home/ubuntu/environment/HelloWorld/robot_ws/install/hello_world_robot/lib/python2.7/dist-packages/hello_world_robot/__init__.py to __init__.pyc\n'}
[23.267840] (hello_world_robot) StdoutLine: {'line': b'running install_egg_info\n'}
[23.268509] (hello_world_robot) StdoutLine: {'line': b'Writing /home/ubuntu/environment/HelloWorld/robot_ws/install/hello_world_robot/lib/python2.7/dist-packages/hello_world_robot-1.4.0.egg-info\n'}
[23.273479] (hello_world_robot) StdoutLine: {'line': b'-- Installing: /home/ubuntu/environment/HelloWorld/robot_ws/install/hello_world_robot/lib/pkgconfig/hello_world_robot.pc\n'}
[23.273885] (hello_world_robot) StdoutLine: {'line': b'-- Installing: /home/ubuntu/environment/HelloWorld/robot_ws/install/hello_world_robot/share/hello_world_robot/cmake/hello_world_robotConfig.cmake\n'}
[23.274202] (hello_world_robot) StdoutLine: {'line': b'-- Installing: /home/ubuntu/environment/HelloWorld/robot_ws/install/hello_world_robot/share/hello_world_robot/cmake/hello_world_robotConfig-version.cmake\n'}
[23.274469] (hello_world_robot) StdoutLine: {'line': b'-- Installing: /home/ubuntu/environment/HelloWorld/robot_ws/install/hello_world_robot/share/hello_world_robot/package.xml\n'}
[23.274823] (hello_world_robot) StdoutLine: {'line': b'-- Installing: /home/ubuntu/environment/HelloWorld/robot_ws/install/hello_world_robot/lib/hello_world_robot/rotate\n'}
[23.275092] (hello_world_robot) StdoutLine: {'line': b'-- Installing: /home/ubuntu/environment/HelloWorld/robot_ws/install/hello_world_robot/share/hello_world_robot/launch\n'}
[23.275417] (hello_world_robot) StdoutLine: {'line': b'-- Installing: /home/ubuntu/environment/HelloWorld/robot_ws/install/hello_world_robot/share/hello_world_robot/launch/deploy_rotate.launch\n'}
[23.275687] (hello_world_robot) StdoutLine: {'line': b'-- Installing: /home/ubuntu/environment/HelloWorld/robot_ws/install/hello_world_robot/share/hello_world_robot/launch/rotate.launch\n'}
[23.275887] (hello_world_robot) StdoutLine: {'line': b'-- Installing: /home/ubuntu/environment/HelloWorld/robot_ws/install/hello_world_robot/share/deploymentScripts\n'}
[23.276208] (hello_world_robot) StdoutLine: {'line': b'-- Installing: /home/ubuntu/environment/HelloWorld/robot_ws/install/hello_world_robot/share/deploymentScripts/post_launch_file.sh\n'}
[23.276418] (hello_world_robot) StdoutLine: {'line': b'-- Installing: /home/ubuntu/environment/HelloWorld/robot_ws/install/hello_world_robot/share/deploymentScripts/pre_launch_file.sh\n'}
[23.276652] (hello_world_robot) StdoutLine: {'line': b'-- Installing: /home/ubuntu/environment/HelloWorld/robot_ws/install/hello_world_robot/share/hello_world_robot/rviz/turtlebot3_model.rviz\n'}
[23.280478] (hello_world_robot) CommandEnded: {'returncode': 0}
[23.308287] (-) TimerEvent: {}
[23.414335] (-) TimerEvent: {}
[23.467513] (hello_world_robot) JobEnded: {'identifier': 'hello_world_robot', 'rc': 0}
[23.469614] (-) EventReactorShutdown: {}
